#
# A fatal error has been detected by the Java Runtime Environment:
#
#  EXCEPTION_ACCESS_VIOLATION (0xc0000005) at pc=0x00007ffdf71a26c4, pid=14148, tid=15220
#
# JRE version: Java(TM) SE Runtime Environment (24.0.1+9) (build 24.0.1+9-30)
# Java VM: Java HotSpot(TM) 64-Bit Server VM (24.0.1+9-30, mixed mode, emulated-client, sharing, tiered, compressed oops, compressed class ptrs, g1 gc, windows-amd64)
# Problematic frame:
# C  [libasyncProfiler.dll+0x926c4]
#
# No core dump will be written. Minidumps are not enabled by default on client versions of Windows
#
# JFR recording file will be written. Location: C:\Users\Thayn\IdeaProjects\finance_control_server_new\finance_control_server\hs_err_pid14148.jfr
#
# If you would like to submit a bug report, please visit:
#   https://bugreport.java.com/bugreport/crash.jsp
# The crash happened outside the Java Virtual Machine in native code.
# See problematic frame for where to report the bug.
#

---------------  S U M M A R Y ------------

Command Line: -XX:TieredStopAtLevel=1 -Dspring.output.ansi.enabled=always -Dcom.sun.management.jmxremote -Dspring.jmx.enabled=true -Dspring.liveBeansView.mbeanDomain -Dspring.application.admin.enabled=true -Dmanagement.endpoints.jmx.exposure.include=* -javaagent:C:\Program Files\JetBrains\IntelliJ IDEA 2025.1.2\lib\idea_rt.jar=50758 -Dfile.encoding=UTF-8 -Dsun.stdout.encoding=UTF-8 -Dsun.stderr.encoding=UTF-8 br.com.financeControl.FinanceControl.FinanceControlApplicationKt

Host: AMD Ryzen 3 3250U with Radeon Graphics         , 4 cores, 9G,  Windows 11 , 64 bit Build 26100 (10.0.26100.4202)
Time: Sat Jun 21 19:46:33 2025 Hora oficial do Brasil elapsed time: 52.794584 seconds (0d 0h 0m 52s)

---------------  T H R E A D  ---------------

Current thread (0x00000239e433d0c0):  JavaThread "Attach Listener" daemon [_thread_in_native, id=15220, stack(0x000000b52ea00000,0x000000b52eb00000) (1024K)]

Stack: [0x000000b52ea00000,0x000000b52eb00000],  sp=0x000000b52eaff040,  free space=1020k
Native frames: (J=compiled Java code, j=interpreted, Vv=VM code, C=native code)
C  [libasyncProfiler.dll+0x926c4]  (no source info available)
C  [libasyncProfiler.dll+0x92b9b]  (no source info available)
C  [libasyncProfiler.dll+0x917f4]  (no source info available)
C  [libasyncProfiler.dll+0x9206a]  (no source info available)
C  [libasyncProfiler.dll+0x8cc21]  (no source info available)
C  [libasyncProfiler.dll+0x7e5e1]  (no source info available)
C  [libasyncProfiler.dll+0x7d2f8]  (no source info available)
C  [libasyncProfiler.dll+0x7d1e0]  (no source info available)
C  [libasyncProfiler.dll+0x841b9]  (no source info available)
V  [jvm.dll+0x57eff7]  (no source info available)
V  [jvm.dll+0x57fdac]  (no source info available)
V  [jvm.dll+0x14ca17]  (no source info available)
V  [jvm.dll+0x14dfe1]  (no source info available)
V  [jvm.dll+0x42f456]  (no source info available)
V  [jvm.dll+0x87d76b]  (no source info available)
V  [jvm.dll+0x72ee55]  (no source info available)
C  [ucrtbase.dll+0x37b0]  (no source info available)
C  [KERNEL32.DLL+0x2e8d7]  (no source info available)
C  [ntdll.dll+0x3c34c]  (no source info available)


siginfo: EXCEPTION_ACCESS_VIOLATION (0xc0000005), reading address 0xffffffffffffffff


Registers:
RAX=0x0000000000000010, RBX=0x0000000000000000, RCX=0xffffffffffffffff, RDX=0x007ffe08bd301010
RSP=0x000000b52eaff040, RBP=0x00000239c82e5538, RSI=0x000000b52eaff1b0, RDI=0x00000239c82e5538
R8 =0x0000000000000042, R9 =0x0000000762d866f0, R10=0x00007ffe08e49fb0, R11=0x000000000000003a
R12=0x000000b52eaff1b0, R13=0x00000239cd308b50, R14=0x00000239e433d488, R15=0x00000239e433d488
RIP=0x00007ffdf71a26c4, EFLAGS=0x0000000000010202

XMM[0]=0x0000000000000000 0x0000000000000000
XMM[1]=0x0000000000000000 0x0000000000000000
XMM[2]=0x0000000000000000 0x0000000000000000
XMM[3]=0x0000000000000000 0x0000000000000000
XMM[4]=0x0000000000000000 0x0000000000000000
XMM[5]=0x0000000000000000 0x0000000000000000
XMM[6]=0x0000000000000000 0x0000000000000000
XMM[7]=0x0000000000000000 0x0000000000000000
XMM[8]=0x0000000000000000 0x0000000000000000
XMM[9]=0x0000000000000000 0x0000000000000000
XMM[10]=0x0000000000000000 0x0000000000000000
XMM[11]=0x0000000000000000 0x0000000000000000
XMM[12]=0x0000000000000000 0x0000000000000000
XMM[13]=0x0000000000000000 0x0000000000000000
XMM[14]=0x0000000000000000 0x0000000000000000
XMM[15]=0x0000000000000000 0x0000000000000000
  MXCSR=0x00001fa0


Register to memory mapping:

RAX=0x0000000000000010 is an unknown value
RBX=0x0 is null
RCX=0xffffffffffffffff is an unknown value
RDX=0x007ffe08bd301010 is an unknown value
RSP=0x000000b52eaff040 is pointing into the stack for thread: 0x00000239e433d0c0
RBP=0x00000239c82e5538 points into unknown readable memory: 0x0000000762d866f0 | f0 66 d8 62 07 00 00 00
RSI=0x000000b52eaff1b0 is pointing into the stack for thread: 0x00000239e433d0c0
RDI=0x00000239c82e5538 points into unknown readable memory: 0x0000000762d866f0 | f0 66 d8 62 07 00 00 00
R8 =0x0000000000000042 is an unknown value
R9 =0x0000000762d866f0 is an oop: java.lang.ref.Reference$ReferenceHandler 
{0x0000000762d866f0} - klass: 'java/lang/ref/Reference$ReferenceHandler' - flags: 

 - ---- fields (total size 14 words):
 - 'threadLocalRandomProbe' 'I' @12  0 (0x00000000)
 - private volatile 'eetop' 'J' @16  2447664946992 (0x00000239e4331f30)
 - private final 'tid' 'J' @24  13 (0x000000000000000d)
 - 'threadLocalRandomSeed' 'J' @32  0 (0x0000000000000000)
 - injected 'jvmti_thread_state' 'J' @40  2447195581856 (0x00000239c8392da0)
 - 'threadLocalRandomSecondarySeed' 'I' @48  0 (0x00000000)
 - injected 'jvmti_VTMS_transition_disable_count' 'I' @52  0 (0x00000000)
 - injected 'jfr_epoch' 'S' @56  0 (0x0000)
 - volatile 'interrupted' 'Z' @58  false (0x00)
 - injected 'jvmti_is_in_VTMS_transition' 'Z' @59  false (0x00)
 - private volatile 'name' 'Ljava/lang/String;' @60  "Reference Handler"{0x0000000761eecad0} (0xec3dd95a)
 - private volatile 'contextClassLoader' 'Ljava/lang/ClassLoader;' @64  null (0x00000000)
 - private final 'holder' 'Ljava/lang/Thread$FieldHolder;' @68  a 'java/lang/Thread$FieldHolder'{0x0000000761129e50} (0xec2253ca)
 - 'threadLocals' 'Ljava/lang/ThreadLocal$ThreadLocalMap;' @72  null (0x00000000)
 - 'inheritableThreadLocals' 'Ljava/lang/ThreadLocal$ThreadLocalMap;' @76  null (0x00000000)
 - private 'scopedValueBindings' 'Ljava/lang/Object;' @80  a 'java/lang/Class'{0x0000000761e7a160} = 'java/lang/Thread' (0xec3cf42c)
 - final 'interruptLock' 'Ljava/lang/Object;' @84  a 'java/lang/Object'{0x0000000761129e78} (0xec2253cf)
 - private volatile 'parkBlocker' 'Ljava/lang/Object;' @88  null (0x00000000)
 - private 'nioBlocker' 'Lsun/nio/ch/Interruptible;' @92  null (0x00000000)
 - private 'cont' 'Ljdk/internal/vm/Continuation;' @96  null (0x00000000)
 - private volatile 'uncaughtExceptionHandler' 'Ljava/lang/Thread$UncaughtExceptionHandler;' @100  null (0x00000000)
 - private 'container' 'Ljdk/internal/vm/ThreadContainer;' @104  null (0x00000000)
 - private volatile 'headStackableScopes' 'Ljdk/internal/vm/StackableScope;' @108  null (0x00000000)
R10=0x00007ffe08e49fb0 jvm.dll
R11=0x000000000000003a is an unknown value
R12=0x000000b52eaff1b0 is pointing into the stack for thread: 0x00000239e433d0c0
R13=0x00000239cd308b50 points into unknown readable memory: 0x00007ffe08dba510 | 10 a5 db 08 fe 7f 00 00
R14=0x00000239e433d488 points into unknown readable memory: 0x00007ffe08db17b0 | b0 17 db 08 fe 7f 00 00
R15=0x00000239e433d488 points into unknown readable memory: 0x00007ffe08db17b0 | b0 17 db 08 fe 7f 00 00

Top of Stack: (sp=0x000000b52eaff040)
0x000000b52eaff040:   000000b52eaff1b0 00000239c82e5538   ........8U..9...
0x000000b52eaff050:   0000000000000000 00000239e433d810   ..........3.9...
0x000000b52eaff060:   000000000000003b 00007ffdf71a2b9b   ;........+......
0x000000b52eaff070:   0000000000000000 00000239e433d488   ..........3.9...
0x000000b52eaff080:   000000b52eaff101 0000000000000000   ................
0x000000b52eaff090:   00000239cd295ca0 00007ffdf71a17f4   .\).9...........
0x000000b52eaff0a0:   0000000000000000 000000000000003b   ........;.......
0x000000b52eaff0b0:   0000000000000000 000000000000003b   ........;.......
0x000000b52eaff0c0:   0000002600000002 00000239cd199d70   ....&...p...9...
0x000000b52eaff0d0:   00000239cd295ca0 00000239cd295d8c   .\).9....]).9...
0x000000b52eaff0e0:   00000239cd295d9c 0000000000003c6c   .]).9...l<......
0x000000b52eaff0f0:   0000000000000000 0000000000000000   ................
0x000000b52eaff100:   0000000000000000 00007ffe086157d4   .........Wa.....
0x000000b52eaff110:   00007ffdf72e4ca0 0000000000003744   .L......D7......
0x000000b52eaff120:   00007ffdf72e4ca0 00000000ffffffff   .L..............
0x000000b52eaff130:   0000000000000000 00007ffdf71a206a   ........j ......
0x000000b52eaff140:   00000239e433d488 0000000000000000   ..3.9...........
0x000000b52eaff150:   000000b52eaff1b9 00000239cd308b50   ........P.0.9...
0x000000b52eaff160:   0000000000000004 0000000000000048   ........H.......
0x000000b52eaff170:   0000000800800310 0000000000000020   ........ .......
0x000000b52eaff180:   00000239e433d488 00007ffdf72e4ca0   ..3.9....L......
0x000000b52eaff190:   00000239e43358d0 00000239c8392da0   .X3.9....-9.9...
0x000000b52eaff1a0:   0000000800800390 00000239e433d488   ..........3.9...
0x000000b52eaff1b0:   00000239cd496020 00000239cd496780    `I.9....gI.9...
0x000000b52eaff1c0:   00000239cd496780 00007ffdf72e4ca0   .gI.9....L......
0x000000b52eaff1d0:   00000239c81a61a8 000000b52eaff348   .a..9...H.......
0x000000b52eaff1e0:   000000b52eaff480 0000000000008840   ........@.......
0x000000b52eaff1f0:   000000b52eaff660 00007ffdf72e4cf0   `........L......
0x000000b52eaff200:   0000000000989680 0000000000989680   ................
0x000000b52eaff210:   000000b52eaff320 00007ffdf719cc21    .......!.......
0x000000b52eaff220:   00007ffdf72e4ca0 00007ffdf72e4cf8   .L.......L......
0x000000b52eaff230:   00007ffd00000000 00007ffe00000001   ................

Instructions: (pc=0x00007ffdf71a26c4)
  0x00007ffdf71a25c4:   cc cc cc cc cc cc cc cc cc cc cc cc cc cc cc cc
  0x00007ffdf71a25d4:   cc cc cc cc cc cc cc cc cc cc cc cc cc cc cc cc
  0x00007ffdf71a25e4:   cc cc cc cc cc cc cc cc cc cc cc cc cc cc cc cc
  0x00007ffdf71a25f4:   cc cc cc cc cc cc cc cc cc cc cc cc cc cc cc cc
  0x00007ffdf71a2604:   cc cc cc cc cc cc cc cc cc cc cc cc cc cc cc cc
  0x00007ffdf71a2614:   cc cc cc cc cc cc cc cc cc cc cc cc cc cc cc cc
  0x00007ffdf71a2624:   cc cc cc cc cc cc cc cc cc cc cc cc cc cc cc cc
  0x00007ffdf71a2634:   cc cc cc cc cc cc cc cc cc cc cc cc cc cc cc cc
  0x00007ffdf71a2644:   cc cc cc cc cc cc cc cc cc cc cc cc 40 57 48 83
  0x00007ffdf71a2654:   ec 20 48 8b f9 48 8b 0d 10 28 14 00 48 85 c9 74
  0x00007ffdf71a2664:   20 48 8b 01 48 8d 54 24 38 41 b8 06 00 01 00 4c
  0x00007ffdf71a2674:   8b 48 30 41 ff d1 85 c0 75 07 48 8b 4c 24 38 eb
  0x00007ffdf71a2684:   02 33 c9 4c 8b 05 ea 28 14 00 48 89 5c 24 30 4d
  0x00007ffdf71a2694:   85 c0 74 4a 48 8b 01 48 8b d7 4c 8b 88 28 03 00
  0x00007ffdf71a26a4:   00 41 ff d1 48 85 c0 74 35 48 63 0d f8 e6 13 00
  0x00007ffdf71a26b4:   48 8b 14 01 48 85 d2 74 15 48 63 05 fc e6 13 00
=>0x00007ffdf71a26c4:   8b 04 10 48 8b 5c 24 30 48 83 c4 20 5f c3 b8 ff
  0x00007ffdf71a26d4:   ff ff ff 48 8b 5c 24 30 48 83 c4 20 5f c3 80 3d
  0x00007ffdf71a26e4:   9b 27 14 00 00 bb ff ff ff ff 74 20 4c 8b 0d 31
  0x00007ffdf71a26f4:   24 14 00 4c 8d 44 24 38 48 8b 0d 15 24 14 00 48
  0x00007ffdf71a2704:   8b d7 41 ff d1 85 c0 0f 44 5c 24 38 8b c3 48 8b
  0x00007ffdf71a2714:   5c 24 30 48 83 c4 20 5f c3 cc cc cc cc cc cc cc
  0x00007ffdf71a2724:   cc cc cc cc cc cc cc cc cc cc cc cc cc cc cc cc
  0x00007ffdf71a2734:   cc cc cc cc cc cc cc cc cc cc cc cc cc cc cc cc
  0x00007ffdf71a2744:   cc cc cc cc cc cc cc cc cc cc cc cc 48 89 54 24
  0x00007ffdf71a2754:   10 53 55 56 57 41 56 41 57 48 83 ec 28 48 8b f2
  0x00007ffdf71a2764:   4c 8b f1 48 89 4c 24 78 45 33 ff 44 89 7c 24 68
  0x00007ffdf71a2774:   c7 44 24 60 01 00 00 00 48 8d 4c 24 68 e8 ed 42
  0x00007ffdf71a2784:   f7 ff 8b d8 48 8d 4c 24 60 e8 e1 42 f7 ff 8b e8
  0x00007ffdf71a2794:   49 8b ce e8 00 fc f6 ff 48 8b f8 90 8b c3 f0 0f
  0x00007ffdf71a27a4:   b1 2f 74 04 f3 90 eb f4 4c 89 3e 4c 89 7e 08 4c
  0x00007ffdf71a27b4:   89 7e 10 49 8b 6e 08 4d 8b 76 10 49 3b ee 0f 84


Stack slot to memory mapping:

stack at sp + 0 slots: 0x000000b52eaff1b0 is pointing into the stack for thread: 0x00000239e433d0c0
stack at sp + 1 slots: 0x00000239c82e5538 points into unknown readable memory: 0x0000000762d866f0 | f0 66 d8 62 07 00 00 00
stack at sp + 2 slots: 0x0 is null
stack at sp + 3 slots: 0x00000239e433d810 points into unknown readable memory: 0x6e616c2e6176616a | 6a 61 76 61 2e 6c 61 6e
stack at sp + 4 slots: 0x000000000000003b is an unknown value
stack at sp + 5 slots: 0x00007ffdf71a2b9b libasyncProfiler.dll
stack at sp + 6 slots: 0x0 is null
stack at sp + 7 slots: 0x00000239e433d488 points into unknown readable memory: 0x00007ffe08db17b0 | b0 17 db 08 fe 7f 00 00

Lock stack of current Java thread (top to bottom):


---------------  P R O C E S S  ---------------

Threads class SMR info:
_java_thread_list=0x00000239cd798100, length=42, elements={
0x00000239e4331f30, 0x00000239e4336c80, 0x00000239e433c590, 0x00000239e433d0c0,
0x00000239e433e390, 0x00000239e433eff0, 0x00000239e43422d0, 0x00000239c50e8990,
0x00000239c59aab90, 0x00000239c59ab2d0, 0x00000239c60c4610, 0x00000239c60e1bd0,
0x00000239c611bc30, 0x00000239c60e5030, 0x00000239c61389b0, 0x00000239c690cee0,
0x00000239c6910210, 0x00000239c690fac0, 0x00000239c690dd80, 0x00000239c690ec20,
0x00000239c690d630, 0x00000239c690e4d0, 0x00000239cd15cf90, 0x00000239cd15f420,
0x00000239cd15d6e0, 0x00000239cd15fb70, 0x00000239cd15e580, 0x00000239cd15de30,
0x00000239cd161160, 0x00000239cd15ecd0, 0x00000239cd162000, 0x00000239cd1635f0,
0x00000239cd162ea0, 0x00000239cd162750, 0x00000239cd2622a0, 0x00000239cd261b50,
0x00000239cd25ef70, 0x00000239cd263140, 0x00000239cd260cb0, 0x00000239cd25f6c0,
0x00000239cd266470, 0x00000239c50f9730
}

Java Threads: ( => current thread )
  0x00000239e4331f30 JavaThread "Reference Handler"          daemon [_thread_blocked, id=15348, stack(0x000000b52e700000,0x000000b52e800000) (1024K)]
  0x00000239e4336c80 JavaThread "Finalizer"                  daemon [_thread_blocked, id=15228, stack(0x000000b52e800000,0x000000b52e900000) (1024K)]
  0x00000239e433c590 JavaThread "Signal Dispatcher"          daemon [_thread_blocked, id=2408, stack(0x000000b52e900000,0x000000b52ea00000) (1024K)]
=>0x00000239e433d0c0 JavaThread "Attach Listener"            daemon [_thread_in_native, id=15220, stack(0x000000b52ea00000,0x000000b52eb00000) (1024K)]
  0x00000239e433e390 JavaThread "Service Thread"             daemon [_thread_blocked, id=8140, stack(0x000000b52eb00000,0x000000b52ec00000) (1024K)]
  0x00000239e433eff0 JavaThread "Monitor Deflation Thread"   daemon [_thread_blocked, id=13452, stack(0x000000b52ec00000,0x000000b52ed00000) (1024K)]
  0x00000239e43422d0 JavaThread "C1 CompilerThread0"         daemon [_thread_blocked, id=14108, stack(0x000000b52ed00000,0x000000b52ee00000) (1024K)]
  0x00000239c50e8990 JavaThread "Common-Cleaner"             daemon [_thread_blocked, id=4736, stack(0x000000b52ef00000,0x000000b52f000000) (1024K)]
  0x00000239c59aab90 JavaThread "Monitor Ctrl-Break"         daemon [_thread_in_native, id=4392, stack(0x000000b52f200000,0x000000b52f300000) (1024K)]
  0x00000239c59ab2d0 JavaThread "Notification Thread"        daemon [_thread_blocked, id=13704, stack(0x000000b52f300000,0x000000b52f400000) (1024K)]
  0x00000239c60c4610 JavaThread "RMI TCP Accept-0"           daemon [_thread_in_native, id=1560, stack(0x000000b52f100000,0x000000b52f200000) (1024K)]
  0x00000239c60e1bd0 JavaThread "RMI TCP Connection(idle)"   daemon [_thread_blocked, id=14776, stack(0x000000b52f400000,0x000000b52f500000) (1024K)]
  0x00000239c611bc30 JavaThread "RMI TCP Connection(2)-192.168.0.6" daemon [_thread_in_native, id=6480, stack(0x000000b52f500000,0x000000b52f600000) (1024K)]
  0x00000239c60e5030 JavaThread "RMI Scheduler(0)"           daemon [_thread_blocked, id=1068, stack(0x000000b52f700000,0x000000b52f800000) (1024K)]
  0x00000239c61389b0 JavaThread "JMX server connection timeout 31" daemon [_thread_blocked, id=3328, stack(0x000000b52f800000,0x000000b52f900000) (1024K)]
  0x00000239c690cee0 JavaThread "Catalina-utility-1"                [_thread_blocked, id=13876, stack(0x000000b52fb00000,0x000000b52fc00000) (1024K)]
  0x00000239c6910210 JavaThread "Catalina-utility-2"                [_thread_blocked, id=13288, stack(0x000000b52fc00000,0x000000b52fd00000) (1024K)]
  0x00000239c690fac0 JavaThread "container-0"                       [_thread_blocked, id=13136, stack(0x000000b52fd00000,0x000000b52fe00000) (1024K)]
  0x00000239c690dd80 JavaThread "HikariPool-1:housekeeper"   daemon [_thread_blocked, id=15132, stack(0x000000b52fe00000,0x000000b52ff00000) (1024K)]
  0x00000239c690ec20 JavaThread "lettuce-timer-3-1"          daemon [_thread_blocked, id=13352, stack(0x000000b52f000000,0x000000b52f100000) (1024K)]
  0x00000239c690d630 JavaThread "http-nio-8080-exec-1"       daemon [_thread_blocked, id=15232, stack(0x000000b52ff00000,0x000000b530000000) (1024K)]
  0x00000239c690e4d0 JavaThread "http-nio-8080-exec-2"       daemon [_thread_blocked, id=10400, stack(0x000000b530000000,0x000000b530100000) (1024K)]
  0x00000239cd15cf90 JavaThread "http-nio-8080-exec-3"       daemon [_thread_blocked, id=13536, stack(0x000000b530100000,0x000000b530200000) (1024K)]
  0x00000239cd15f420 JavaThread "http-nio-8080-exec-4"       daemon [_thread_blocked, id=13444, stack(0x000000b530200000,0x000000b530300000) (1024K)]
  0x00000239cd15d6e0 JavaThread "http-nio-8080-exec-5"       daemon [_thread_blocked, id=12756, stack(0x000000b530300000,0x000000b530400000) (1024K)]
  0x00000239cd15fb70 JavaThread "http-nio-8080-exec-6"       daemon [_thread_blocked, id=2084, stack(0x000000b530400000,0x000000b530500000) (1024K)]
  0x00000239cd15e580 JavaThread "http-nio-8080-exec-7"       daemon [_thread_blocked, id=12536, stack(0x000000b530500000,0x000000b530600000) (1024K)]
  0x00000239cd15de30 JavaThread "http-nio-8080-exec-8"       daemon [_thread_blocked, id=13856, stack(0x000000b530600000,0x000000b530700000) (1024K)]
  0x00000239cd161160 JavaThread "http-nio-8080-exec-9"       daemon [_thread_blocked, id=6264, stack(0x000000b530700000,0x000000b530800000) (1024K)]
  0x00000239cd15ecd0 JavaThread "http-nio-8080-exec-10"      daemon [_thread_blocked, id=9608, stack(0x000000b530800000,0x000000b530900000) (1024K)]
  0x00000239cd162000 JavaThread "http-nio-8080-Poller"       daemon [_thread_in_native, id=2028, stack(0x000000b530900000,0x000000b530a00000) (1024K)]
  0x00000239cd1635f0 JavaThread "http-nio-8080-Acceptor"     daemon [_thread_in_native, id=15136, stack(0x000000b530a00000,0x000000b530b00000) (1024K)]
  0x00000239cd162ea0 JavaThread "DestroyJavaVM"                     [_thread_blocked, id=5344, stack(0x000000b52df00000,0x000000b52e000000) (1024K)]
  0x00000239cd162750 JavaThread "RMI TCP Connection(idle)"   daemon [_thread_blocked, id=10816, stack(0x000000b530c00000,0x000000b530d00000) (1024K)]
  0x00000239cd2622a0 JavaThread "boundedElastic-evictor-1"   daemon [_thread_blocked, id=6396, stack(0x000000b530b00000,0x000000b530c00000) (1024K)]
  0x00000239cd261b50 JavaThread "RMI TCP Connection(idle)"   daemon [_thread_blocked, id=2568, stack(0x000000b530d00000,0x000000b530e00000) (1024K)]
  0x00000239cd25ef70 JavaThread "boundedElastic-1"           daemon [_thread_blocked, id=15276, stack(0x000000b531000000,0x000000b531100000) (1024K)]
  0x00000239cd263140 JavaThread "RMI TCP Connection(idle)"   daemon [_thread_blocked, id=14272, stack(0x000000b531300000,0x000000b531400000) (1024K)]
  0x00000239cd260cb0 JavaThread "lettuce-nioEventLoop-4-1"   daemon [_thread_in_native, id=15144, stack(0x000000b530e00000,0x000000b530f00000) (1024K)]
  0x00000239cd25f6c0 JavaThread "JFR Recorder Thread"        daemon [_thread_in_native, id=16148, stack(0x000000b531200000,0x000000b531300000) (1024K)]
  0x00000239cd266470 JavaThread "JFR Periodic Tasks"         daemon [_thread_blocked, id=16224, stack(0x000000b531400000,0x000000b531500000) (1024K)]
  0x00000239c50f9730 JavaThread "C1 CompilerThread1"         daemon [_thread_blocked, id=15468, stack(0x000000b531500000,0x000000b531600000) (1024K)]
Total: 42

Other Threads:
  0x00000239e4320af0 VMThread "VM Thread"                           [id=15328, stack(0x000000b52e600000,0x000000b52e700000) (1024K)]
  0x00000239e41f0dd0 WatcherThread "VM Periodic Task Thread"        [id=6668, stack(0x000000b52e500000,0x000000b52e600000) (1024K)]
  0x00000239d2cabe40 WorkerThread "GC Thread#0"                     [id=16128, stack(0x000000b52e000000,0x000000b52e100000) (1024K)]
  0x00000239c618dd70 WorkerThread "GC Thread#1"                     [id=13436, stack(0x000000b52f600000,0x000000b52f700000) (1024K)]
  0x00000239c618e120 WorkerThread "GC Thread#2"                     [id=12688, stack(0x000000b52f900000,0x000000b52fa00000) (1024K)]
  0x00000239c61c5b90 WorkerThread "GC Thread#3"                     [id=9328, stack(0x000000b52fa00000,0x000000b52fb00000) (1024K)]
  0x00000239d2cb9510 ConcurrentGCThread "G1 Main Marker"            [id=12720, stack(0x000000b52e100000,0x000000b52e200000) (1024K)]
  0x00000239d2cbad80 WorkerThread "G1 Conc#0"                       [id=13864, stack(0x000000b52e200000,0x000000b52e300000) (1024K)]
  0x00000239e41e0220 ConcurrentGCThread "G1 Refine#0"               [id=14700, stack(0x000000b52e300000,0x000000b52e400000) (1024K)]
  0x00000239e41e1a60 ConcurrentGCThread "G1 Service"                [id=14680, stack(0x000000b52e400000,0x000000b52e500000) (1024K)]
Total: 10

Threads with active compile tasks:
Total: 0

VM state: not at safepoint (normal execution)

VM Mutex/Monitor currently owned by a thread: None

Heap address: 0x0000000760e00000, size: 2546 MB, Compressed Oops mode: Zero based, Oop shift amount: 3

CDS archive(s) mapped at: [0x0000023980000000-0x0000023980d40000-0x0000023980d40000), size 13893632, SharedBaseAddress: 0x0000023980000000, ArchiveRelocationMode: 1.
Compressed class space mapped at: 0x0000023981000000-0x00000239c1000000, reserved size: 1073741824
UseCompressedClassPointers 1, UseCompactObjectHeaders 0
Narrow klass pointer bits 32, Max shift 3
Narrow klass base: 0x0000023980000000, Narrow klass shift: 0
Encoding Range: [0x0000023980000000 - 0x0000023a80000000), (4294967296 bytes)
Klass Range:    [0x0000023980000000 - 0x00000239c1000000), (1090519040 bytes)
Klass ID Range:  [8 - 1090519033) (1090519025)

GC Precious Log:
 CardTable entry size: 512
 Card Set container configuration: InlinePtr #cards 4 size 8 Array Of Cards #cards 16 size 48 Howl #buckets 8 coarsen threshold 3686 Howl Bitmap #cards 512 size 80 coarsen threshold 460 Card regions per heap region 1 cards per card region 4096
 CPUs: 4 total, 4 available
 Memory: 10177M
 Large Page Support: Disabled
 NUMA Support: Disabled
 Compressed Oops: Enabled (Zero based)
 Heap Region Size: 2M
 Heap Min Capacity: 8M
 Heap Initial Capacity: 160M
 Heap Max Capacity: 2546M
 Pre-touch: Disabled
 Parallel Workers: 4
 Concurrent Workers: 1
 Concurrent Refinement Workers: 4
 Periodic GC: Disabled

Heap:
 garbage-first heap   total reserved 2607104K, committed 83968K, used 74223K [0x0000000760e00000, 0x0000000800000000)
  region size 2048K, 14 young (28672K), 2 survivors (4096K)
 Metaspace       used 90773K, committed 91520K, reserved 1179648K
  class space    used 10272K, committed 10560K, reserved 1048576K

Heap Regions: E=young(eden), S=young(survivor), O=old, HS=humongous(starts), HC=humongous(continues), CS=collection set, F=free, TAMS=top-at-mark-start, PB=parsable bottom
|   0|0x0000000760e00000, 0x0000000761000000, 0x0000000761000000|100%| O|  |TAMS 0x0000000760e00000| PB 0x0000000760e00000| Untracked |  0
|   1|0x0000000761000000, 0x0000000761200000, 0x0000000761200000|100%| O|  |TAMS 0x0000000761000000| PB 0x0000000761000000| Untracked |  0
|   2|0x0000000761200000, 0x0000000761400000, 0x0000000761400000|100%| O|  |TAMS 0x0000000761200000| PB 0x0000000761200000| Untracked |  0
|   3|0x0000000761400000, 0x0000000761600000, 0x0000000761600000|100%| O|  |TAMS 0x0000000761400000| PB 0x0000000761400000| Untracked |  0
|   4|0x0000000761600000, 0x0000000761800000, 0x0000000761800000|100%| O|  |TAMS 0x0000000761600000| PB 0x0000000761600000| Untracked |  0
|   5|0x0000000761800000, 0x0000000761a00000, 0x0000000761a00000|100%| O|  |TAMS 0x0000000761800000| PB 0x0000000761800000| Untracked |  0
|   6|0x0000000761a00000, 0x0000000761c00000, 0x0000000761c00000|100%| O|  |TAMS 0x0000000761a00000| PB 0x0000000761a00000| Untracked |  0
|   7|0x0000000761c00000, 0x0000000761e00000, 0x0000000761e00000|100%| O|  |TAMS 0x0000000761c00000| PB 0x0000000761c00000| Untracked |  0
|   8|0x0000000761e00000, 0x0000000762000000, 0x0000000762000000|100%| O|  |TAMS 0x0000000761e00000| PB 0x0000000761e00000| Untracked |  0
|   9|0x0000000762000000, 0x0000000762200000, 0x0000000762200000|100%| O|Cm|TAMS 0x0000000762000000| PB 0x0000000762000000| Complete |  0
|  10|0x0000000762200000, 0x0000000762400000, 0x0000000762400000|100%| O|  |TAMS 0x0000000762200000| PB 0x0000000762200000| Untracked |  0
|  11|0x0000000762400000, 0x0000000762600000, 0x0000000762600000|100%| O|  |TAMS 0x0000000762400000| PB 0x0000000762400000| Untracked |  0
|  12|0x0000000762600000, 0x0000000762800000, 0x0000000762800000|100%| O|  |TAMS 0x0000000762600000| PB 0x0000000762600000| Untracked |  0
|  13|0x0000000762800000, 0x0000000762a00000, 0x0000000762a00000|100%| O|  |TAMS 0x0000000762800000| PB 0x0000000762800000| Untracked |  0
|  14|0x0000000762a00000, 0x0000000762c00000, 0x0000000762c00000|100%| O|Cm|TAMS 0x0000000762a00000| PB 0x0000000762a00000| Complete |  0
|  15|0x0000000762c00000, 0x0000000762e00000, 0x0000000762e00000|100%| O|  |TAMS 0x0000000762c00000| PB 0x0000000762c00000| Untracked |  0
|  16|0x0000000762e00000, 0x0000000763000000, 0x0000000763000000|100%| O|  |TAMS 0x0000000762e00000| PB 0x0000000762e00000| Untracked |  0
|  17|0x0000000763000000, 0x0000000763200000, 0x0000000763200000|100%| O|  |TAMS 0x0000000763000000| PB 0x0000000763000000| Untracked |  0
|  18|0x0000000763200000, 0x0000000763400000, 0x0000000763400000|100%| O|  |TAMS 0x0000000763200000| PB 0x0000000763200000| Untracked |  0
|  19|0x0000000763400000, 0x000000076347be80, 0x0000000763600000| 24%| O|  |TAMS 0x0000000763400000| PB 0x0000000763400000| Untracked |  0
|  20|0x0000000763600000, 0x0000000763600000, 0x0000000763800000|  0%| F|  |TAMS 0x0000000763600000| PB 0x0000000763600000| Untracked |  0
|  21|0x0000000763800000, 0x0000000763a00000, 0x0000000763a00000|100%| S|CS|TAMS 0x0000000763800000| PB 0x0000000763800000| Complete |  0
|  22|0x0000000763a00000, 0x0000000763c00000, 0x0000000763c00000|100%| O|  |TAMS 0x0000000763a00000| PB 0x0000000763a00000| Untracked |  0
|  23|0x0000000763c00000, 0x0000000763e00000, 0x0000000763e00000|100%| O|  |TAMS 0x0000000763c00000| PB 0x0000000763c00000| Untracked |  0
|  24|0x0000000763e00000, 0x0000000764000000, 0x0000000764000000|100%| S|CS|TAMS 0x0000000763e00000| PB 0x0000000763e00000| Complete |  0
|  25|0x0000000764000000, 0x0000000764200000, 0x0000000764200000|100%|HS|  |TAMS 0x0000000764000000| PB 0x0000000764000000| Complete |  0
|  26|0x0000000764200000, 0x0000000764400000, 0x0000000764400000|100%|HC|  |TAMS 0x0000000764200000| PB 0x0000000764200000| Complete |  0
|  27|0x0000000764400000, 0x0000000764600000, 0x0000000764600000|100%|HC|  |TAMS 0x0000000764400000| PB 0x0000000764400000| Complete |  0
|  28|0x0000000764600000, 0x0000000764600000, 0x0000000764800000|  0%| F|  |TAMS 0x0000000764600000| PB 0x0000000764600000| Untracked |  0
|  29|0x0000000764800000, 0x00000007648ecc90, 0x0000000764a00000| 46%| E|  |TAMS 0x0000000764800000| PB 0x0000000764800000| Complete |  0
|  30|0x0000000764a00000, 0x0000000764c00000, 0x0000000764c00000|100%| E|CS|TAMS 0x0000000764a00000| PB 0x0000000764a00000| Complete |  0
|  31|0x0000000764c00000, 0x0000000764e00000, 0x0000000764e00000|100%| E|CS|TAMS 0x0000000764c00000| PB 0x0000000764c00000| Complete |  0
|  32|0x0000000764e00000, 0x0000000765000000, 0x0000000765000000|100%| E|CS|TAMS 0x0000000764e00000| PB 0x0000000764e00000| Complete |  0
|  33|0x0000000765000000, 0x0000000765200000, 0x0000000765200000|100%| E|CS|TAMS 0x0000000765000000| PB 0x0000000765000000| Complete |  0
|  34|0x0000000765200000, 0x0000000765400000, 0x0000000765400000|100%| E|CS|TAMS 0x0000000765200000| PB 0x0000000765200000| Complete |  0
|  35|0x0000000765400000, 0x0000000765600000, 0x0000000765600000|100%| E|CS|TAMS 0x0000000765400000| PB 0x0000000765400000| Complete |  0
|  74|0x000000076a200000, 0x000000076a400000, 0x000000076a400000|100%| E|CS|TAMS 0x000000076a200000| PB 0x000000076a200000| Complete |  0
|  75|0x000000076a400000, 0x000000076a600000, 0x000000076a600000|100%| E|CS|TAMS 0x000000076a400000| PB 0x000000076a400000| Complete |  0
|  76|0x000000076a600000, 0x000000076a800000, 0x000000076a800000|100%| E|CS|TAMS 0x000000076a600000| PB 0x000000076a600000| Complete |  0
|  79|0x000000076ac00000, 0x000000076ae00000, 0x000000076ae00000|100%| E|CS|TAMS 0x000000076ac00000| PB 0x000000076ac00000| Complete |  0
|1272|0x00000007ffe00000, 0x0000000800000000, 0x0000000800000000|100%| E|  |TAMS 0x00000007ffe00000| PB 0x00000007ffe00000| Complete |  0

Card table byte_map: [0x00000239df040000,0x00000239df540000] _byte_map_base: 0x00000239db539000

Marking Bits: (CMBitMap*) 0x00000239d2cac460
 Bits: [0x00000239df540000, 0x00000239e1d08000)

Polling page: 0x00000239d2d10000

Metaspace:

Usage:
  Non-class:     78.61 MB used.
      Class:     10.03 MB used.
       Both:     88.65 MB used.

Virtual space:
  Non-class space:      128.00 MB reserved,      79.06 MB ( 62%) committed,  2 nodes.
      Class space:        1.00 GB reserved,      10.31 MB (  1%) committed,  1 nodes.
             Both:        1.12 GB reserved,      89.38 MB (  8%) committed. 

Chunk freelists:
   Non-Class:  1006.00 KB
       Class:  5.57 MB
        Both:  6.55 MB

MaxMetaspaceSize: unlimited
CompressedClassSpaceSize: 1.00 GB
Initial GC threshold: 21.00 MB
Current GC threshold: 142.00 MB
CDS: on
 - commit_granule_bytes: 65536.
 - commit_granule_words: 8192.
 - virtual_space_node_default_size: 8388608.
 - enlarge_chunks_in_place: 1.
UseCompressedClassPointers 1, UseCompactObjectHeaders 0
Narrow klass pointer bits 32, Max shift 3
Narrow klass base: 0x0000023980000000, Narrow klass shift: 0
Encoding Range: [0x0000023980000000 - 0x0000023a80000000), (4294967296 bytes)
Klass Range:    [0x0000023980000000 - 0x00000239c1000000), (1090519040 bytes)
Klass ID Range:  [8 - 1090519033) (1090519025)


Internal statistics:

num_allocs_failed_limit: 6.
num_arena_births: 1044.
num_arena_deaths: 6.
num_vsnodes_births: 3.
num_vsnodes_deaths: 0.
num_space_committed: 1430.
num_space_uncommitted: 0.
num_chunks_returned_to_freelist: 15.
num_chunks_taken_from_freelist: 4247.
num_chunk_merges: 8.
num_chunk_splits: 3179.
num_chunks_enlarged: 2613.
num_inconsistent_stats: 0.

CodeCache: size=49152Kb used=11669Kb max_used=11975Kb free=37482Kb
 bounds [0x00000239db6a0000, 0x00000239dc260000, 0x00000239de6a0000]
 total_blobs=8689, nmethods=7899, adapters=715, full_count=0
Compilation: enabled, stopped_count=0, restarted_count=0

Compilation events (20 events):
Event: 52.673 Thread 0x00000239e43422d0 8026       1       jdk.internal.classfile.impl.SplitConstantPool::writeTo (120 bytes)
Event: 52.674 Thread 0x00000239e43422d0 nmethod 8026 0x00000239dc1a2788 code [0x00000239dc1a29a0, 0x00000239dc1a33a8]
Event: 52.674 Thread 0x00000239e43422d0 8027       1       java.lang.invoke.LambdaForm$MH/0x0000023981149000::invoke (54 bytes)
Event: 52.675 Thread 0x00000239e43422d0 nmethod 8027 0x00000239dc1a2388 code [0x00000239dc1a24e0, 0x00000239dc1a2738]
Event: 52.675 Thread 0x00000239e43422d0 8028       1       java.lang.invoke.LambdaForm$MH/0x0000023981148000::invoke (35 bytes)
Event: 52.675 Thread 0x00000239e43422d0 nmethod 8028 0x00000239dc1a2008 code [0x00000239dc1a2140, 0x00000239dc1a2318]
Event: 52.675 Thread 0x00000239e43422d0 8029       1       java.lang.invoke.DirectMethodHandle$Holder::invokeStatic (14 bytes)
Event: 52.675 Thread 0x00000239e43422d0 nmethod 8029 0x00000239dc1a1d08 code [0x00000239dc1a1e20, 0x00000239dc1a1f40]
Event: 52.675 Thread 0x00000239e43422d0 8030       1       java.lang.runtime.ObjectMethods::hashCombiner (7 bytes)
Event: 52.675 Thread 0x00000239e43422d0 nmethod 8030 0x00000239dc1a1a08 code [0x00000239dc1a1b00, 0x00000239dc1a1bb0]
Event: 52.675 Thread 0x00000239e43422d0 8031       1       java.lang.invoke.DirectMethodHandle$Holder::invokeStatic (15 bytes)
Event: 52.675 Thread 0x00000239e43422d0 nmethod 8031 0x00000239dc1a1708 code [0x00000239dc1a1820, 0x00000239dc1a1940]
Event: 52.675 Thread 0x00000239e43422d0 8032       1       jdk.internal.classfile.impl.AbstractInstruction::opcode (5 bytes)
Event: 52.675 Thread 0x00000239e43422d0 nmethod 8032 0x00000239dc1a1408 code [0x00000239dc1a1500, 0x00000239dc1a15c8]
Event: 52.676 Thread 0x00000239c50f9730 8033       1       java.lang.invoke.LambdaForm$MH/0x0000023981147c00::invoke (2 bytes)
Event: 52.676 Thread 0x00000239c50f9730 nmethod 8033 0x00000239dc1a1108 code [0x00000239dc1a1200, 0x00000239dc1a12a8]
Event: 52.734 Thread 0x00000239c50f9730 8034       1       jdk.jfr.internal.periodic.EventTask::getEventType (5 bytes)
Event: 52.735 Thread 0x00000239c50f9730 nmethod 8034 0x00000239dc1a0e08 code [0x00000239dc1a0f00, 0x00000239dc1a0fc8]
Event: 52.735 Thread 0x00000239e43422d0 8035       1       jdk.jfr.internal.periodic.PeriodicTask::getPeriod (5 bytes)
Event: 52.735 Thread 0x00000239e43422d0 nmethod 8035 0x00000239dc1a0b08 code [0x00000239dc1a0c00, 0x00000239dc1a0cc8]

GC Heap History (20 events):
Event: 9.468 GC heap before
{Heap before GC invocations=9 (full 0):
 garbage-first heap   total reserved 2607104K, committed 69632K, used 54045K [0x0000000760e00000, 0x0000000800000000)
  region size 2048K, 15 young (30720K), 1 survivors (2048K)
 Metaspace       used 39392K, committed 39808K, reserved 1114112K
  class space    used 4428K, committed 4608K, reserved 1048576K
}
Event: 9.479 GC heap after
{Heap after GC invocations=10 (full 0):
 garbage-first heap   total reserved 2607104K, committed 69632K, used 28031K [0x0000000760e00000, 0x0000000800000000)
  region size 2048K, 2 young (4096K), 2 survivors (4096K)
 Metaspace       used 39392K, committed 39808K, reserved 1114112K
  class space    used 4428K, committed 4608K, reserved 1048576K
}
Event: 10.680 GC heap before
{Heap before GC invocations=10 (full 0):
 garbage-first heap   total reserved 2607104K, committed 69632K, used 56703K [0x0000000760e00000, 0x0000000800000000)
  region size 2048K, 16 young (32768K), 2 survivors (4096K)
 Metaspace       used 44702K, committed 45248K, reserved 1114112K
  class space    used 4998K, committed 5248K, reserved 1048576K
}
Event: 10.690 GC heap after
{Heap after GC invocations=11 (full 0):
 garbage-first heap   total reserved 2607104K, committed 69632K, used 31114K [0x0000000760e00000, 0x0000000800000000)
  region size 2048K, 2 young (4096K), 2 survivors (4096K)
 Metaspace       used 44702K, committed 45248K, reserved 1114112K
  class space    used 4998K, committed 5248K, reserved 1048576K
}
Event: 11.904 GC heap before
{Heap before GC invocations=11 (full 0):
 garbage-first heap   total reserved 2607104K, committed 69632K, used 55690K [0x0000000760e00000, 0x0000000800000000)
  region size 2048K, 15 young (30720K), 2 survivors (4096K)
 Metaspace       used 52475K, committed 53056K, reserved 1114112K
  class space    used 5821K, committed 6080K, reserved 1048576K
}
Event: 11.911 GC heap after
{Heap after GC invocations=12 (full 0):
 garbage-first heap   total reserved 2607104K, committed 69632K, used 32358K [0x0000000760e00000, 0x0000000800000000)
  region size 2048K, 1 young (2048K), 1 survivors (2048K)
 Metaspace       used 52475K, committed 53056K, reserved 1114112K
  class space    used 5821K, committed 6080K, reserved 1048576K
}
Event: 13.377 GC heap before
{Heap before GC invocations=12 (full 0):
 garbage-first heap   total reserved 2607104K, committed 69632K, used 58982K [0x0000000760e00000, 0x0000000800000000)
  region size 2048K, 14 young (28672K), 1 survivors (2048K)
 Metaspace       used 59541K, committed 60032K, reserved 1114112K
  class space    used 6514K, committed 6720K, reserved 1048576K
}
Event: 13.382 GC heap after
{Heap after GC invocations=13 (full 0):
 garbage-first heap   total reserved 2607104K, committed 69632K, used 33740K [0x0000000760e00000, 0x0000000800000000)
  region size 2048K, 2 young (4096K), 2 survivors (4096K)
 Metaspace       used 59541K, committed 60032K, reserved 1114112K
  class space    used 6514K, committed 6720K, reserved 1048576K
}
Event: 15.102 GC heap before
{Heap before GC invocations=14 (full 0):
 garbage-first heap   total reserved 2607104K, committed 69632K, used 54220K [0x0000000760e00000, 0x0000000800000000)
  region size 2048K, 13 young (26624K), 2 survivors (4096K)
 Metaspace       used 66789K, committed 67392K, reserved 1114112K
  class space    used 7440K, committed 7680K, reserved 1048576K
}
Event: 15.107 GC heap after
{Heap after GC invocations=15 (full 0):
 garbage-first heap   total reserved 2607104K, committed 69632K, used 34769K [0x0000000760e00000, 0x0000000800000000)
  region size 2048K, 2 young (4096K), 2 survivors (4096K)
 Metaspace       used 66789K, committed 67392K, reserved 1114112K
  class space    used 7440K, committed 7680K, reserved 1048576K
}
Event: 16.041 GC heap before
{Heap before GC invocations=15 (full 0):
 garbage-first heap   total reserved 2607104K, committed 69632K, used 57297K [0x0000000760e00000, 0x0000000800000000)
  region size 2048K, 13 young (26624K), 2 survivors (4096K)
 Metaspace       used 71110K, committed 71680K, reserved 1114112K
  class space    used 7895K, committed 8128K, reserved 1048576K
}
Event: 16.058 GC heap after
{Heap after GC invocations=16 (full 0):
 garbage-first heap   total reserved 2607104K, committed 69632K, used 35670K [0x0000000760e00000, 0x0000000800000000)
  region size 2048K, 2 young (4096K), 2 survivors (4096K)
 Metaspace       used 71110K, committed 71680K, reserved 1114112K
  class space    used 7895K, committed 8128K, reserved 1048576K
}
Event: 16.914 GC heap before
{Heap before GC invocations=16 (full 0):
 garbage-first heap   total reserved 2607104K, committed 69632K, used 56150K [0x0000000760e00000, 0x0000000800000000)
  region size 2048K, 12 young (24576K), 2 survivors (4096K)
 Metaspace       used 73276K, committed 73856K, reserved 1114112K
  class space    used 8192K, committed 8448K, reserved 1048576K
}
Event: 16.922 GC heap after
{Heap after GC invocations=17 (full 0):
 garbage-first heap   total reserved 2607104K, committed 83968K, used 38054K [0x0000000760e00000, 0x0000000800000000)
  region size 2048K, 2 young (4096K), 2 survivors (4096K)
 Metaspace       used 73276K, committed 73856K, reserved 1114112K
  class space    used 8192K, committed 8448K, reserved 1048576K
}
Event: 18.750 GC heap before
{Heap before GC invocations=18 (full 0):
 garbage-first heap   total reserved 2607104K, committed 83968K, used 70822K [0x0000000760e00000, 0x0000000800000000)
  region size 2048K, 19 young (38912K), 2 survivors (4096K)
 Metaspace       used 79327K, committed 80000K, reserved 1179648K
  class space    used 8817K, committed 9088K, reserved 1048576K
}
Event: 18.761 GC heap after
{Heap after GC invocations=19 (full 0):
 garbage-first heap   total reserved 2607104K, committed 83968K, used 41807K [0x0000000760e00000, 0x0000000800000000)
  region size 2048K, 3 young (6144K), 3 survivors (6144K)
 Metaspace       used 79327K, committed 80000K, reserved 1179648K
  class space    used 8817K, committed 9088K, reserved 1048576K
}
Event: 19.863 GC heap before
{Heap before GC invocations=19 (full 0):
 garbage-first heap   total reserved 2607104K, committed 83968K, used 70479K [0x0000000760e00000, 0x0000000800000000)
  region size 2048K, 17 young (34816K), 3 survivors (6144K)
 Metaspace       used 82380K, committed 83136K, reserved 1179648K
  class space    used 9283K, committed 9600K, reserved 1048576K
}
Event: 19.880 GC heap after
{Heap after GC invocations=20 (full 0):
 garbage-first heap   total reserved 2607104K, committed 83968K, used 43464K [0x0000000760e00000, 0x0000000800000000)
  region size 2048K, 2 young (4096K), 2 survivors (4096K)
 Metaspace       used 82380K, committed 83136K, reserved 1179648K
  class space    used 9283K, committed 9600K, reserved 1048576K
}
Event: 21.405 GC heap before
{Heap before GC invocations=20 (full 0):
 garbage-first heap   total reserved 2607104K, committed 83968K, used 70088K [0x0000000760e00000, 0x0000000800000000)
  region size 2048K, 16 young (32768K), 2 survivors (4096K)
 Metaspace       used 86277K, committed 86912K, reserved 1179648K
  class space    used 9782K, committed 10048K, reserved 1048576K
}
Event: 21.418 GC heap after
{Heap after GC invocations=21 (full 0):
 garbage-first heap   total reserved 2607104K, committed 83968K, used 47599K [0x0000000760e00000, 0x0000000800000000)
  region size 2048K, 2 young (4096K), 2 survivors (4096K)
 Metaspace       used 86277K, committed 86912K, reserved 1179648K
  class space    used 9782K, committed 10048K, reserved 1048576K
}

Dll operation events (13 events):
Event: 0.033 Loaded shared library C:\Program Files\Java\jdk-24\bin\java.dll
Event: 0.472 Loaded shared library C:\Program Files\Java\jdk-24\bin\zip.dll
Event: 0.482 Loaded shared library C:\Program Files\Java\jdk-24\bin\instrument.dll
Event: 0.499 Loaded shared library C:\Program Files\Java\jdk-24\bin\net.dll
Event: 0.519 Loaded shared library C:\Program Files\Java\jdk-24\bin\nio.dll
Event: 0.529 Loaded shared library C:\Program Files\Java\jdk-24\bin\zip.dll
Event: 0.620 Loaded shared library C:\Program Files\Java\jdk-24\bin\jimage.dll
Event: 1.120 Loaded shared library C:\Program Files\Java\jdk-24\bin\extnet.dll
Event: 1.146 Loaded shared library C:\Program Files\Java\jdk-24\bin\management.dll
Event: 1.175 Loaded shared library C:\Program Files\Java\jdk-24\bin\management_ext.dll
Event: 6.448 Loaded shared library C:\Program Files\Java\jdk-24\bin\sunmscapi.dll
Event: 11.714 Loaded shared library C:\Program Files\Java\jdk-24\bin\verify.dll
Event: 52.327 Loaded shared library C:\Users\Thayn\AppData\Local\Temp\idea_libasyncProfiler_dll_temp_folder\libasyncProfiler.dll

Deoptimization events (10 events):
Event: 22.279 Thread 0x00000239cd263140 DEOPT PACKING pc=0x00000239db94409c sp=0x000000b5313ff300
Event: 22.279 Thread 0x00000239cd263140 DEOPT UNPACKING pc=0x00000239db6f5722 sp=0x000000b5313fe798 mode 0
Event: 22.422 Thread 0x00000239c611bc30 DEOPT PACKING pc=0x00000239dc0fd26c sp=0x000000b52f5fc120
Event: 22.422 Thread 0x00000239c611bc30 DEOPT UNPACKING pc=0x00000239db6f5722 sp=0x000000b52f5fb730 mode 0
Event: 47.213 Thread 0x00000239cd261b50 DEOPT PACKING pc=0x00000239db94409c sp=0x000000b530dfec90
Event: 47.213 Thread 0x00000239cd261b50 DEOPT UNPACKING pc=0x00000239db6f5722 sp=0x000000b530dfe128 mode 0
Event: 47.214 Thread 0x00000239c60e1bd0 DEOPT PACKING pc=0x00000239db94409c sp=0x000000b52f4febf0
Event: 47.214 Thread 0x00000239c60e1bd0 DEOPT UNPACKING pc=0x00000239db6f5722 sp=0x000000b52f4fe088 mode 0
Event: 47.214 Thread 0x00000239cd162750 DEOPT PACKING pc=0x00000239db94409c sp=0x000000b530cfee80
Event: 47.214 Thread 0x00000239cd162750 DEOPT UNPACKING pc=0x00000239db6f5722 sp=0x000000b530cfe318 mode 0

Classes loaded (20 events):
Event: 52.661 Loading class jdk/internal/classfile/impl/LineNumberImpl
Event: 52.661 Loading class java/lang/classfile/instruction/LineNumber
Event: 52.662 Loading class java/lang/classfile/instruction/LineNumber done
Event: 52.662 Loading class jdk/internal/classfile/impl/LineNumberImpl done
Event: 52.663 Loading class jdk/internal/classfile/impl/DirectCodeBuilder$DedupLineNumberTableAttribute
Event: 52.663 Loading class jdk/internal/classfile/impl/DirectCodeBuilder$DedupLineNumberTableAttribute done
Event: 52.663 Loading class jdk/internal/classfile/impl/AbstractInstruction$BoundInvokeInstruction
Event: 52.664 Loading class jdk/internal/classfile/impl/AbstractInstruction$BoundInstruction
Event: 52.664 Loading class jdk/internal/classfile/impl/AbstractInstruction$BoundInstruction done
Event: 52.664 Loading class jdk/internal/classfile/impl/AbstractInstruction$BoundInvokeInstruction done
Event: 52.665 Loading class jdk/internal/classfile/impl/AbstractInstruction$BoundFieldInstruction
Event: 52.665 Loading class jdk/internal/classfile/impl/AbstractInstruction$BoundFieldInstruction done
Event: 52.666 Loading class jdk/internal/classfile/impl/DirectCodeBuilder$2
Event: 52.668 Loading class jdk/internal/classfile/impl/DirectCodeBuilder$2 done
Event: 52.669 Loading class jdk/internal/classfile/impl/StackMapGenerator$RawExceptionCatch
Event: 52.670 Loading class jdk/internal/classfile/impl/StackMapGenerator$RawExceptionCatch done
Event: 52.671 Loading class jdk/internal/classfile/impl/AbstractInstruction$BoundLoadConstantInstruction
Event: 52.671 Loading class jdk/internal/classfile/impl/AbstractInstruction$BoundLoadConstantInstruction done
Event: 52.727 Loading class jdk/jfr/internal/periodic/PeriodicType
Event: 52.727 Loading class jdk/jfr/internal/periodic/PeriodicType done

Classes unloaded (3 events):
Event: 5.017 Thread 0x00000239e4320af0 Unloading class 0x0000023981089400 'java/lang/invoke/LambdaForm$MH+0x0000023981089400'
Event: 5.017 Thread 0x00000239e4320af0 Unloading class 0x0000023981088400 'java/lang/invoke/LambdaForm$MH+0x0000023981088400'
Event: 5.017 Thread 0x00000239e4320af0 Unloading class 0x0000023981088000 'java/lang/invoke/LambdaForm$DMH+0x0000023981088000'

Classes redefined (2 events):
Event: 52.691 Thread 0x00000239e4320af0 redefined class name=io.lettuce.core.event.connection.JfrConnectEvent, count=1
Event: 52.691 Thread 0x00000239e4320af0 redefined class name=io.lettuce.core.event.connection.JfrConnectionCreatedEvent, count=1

Internal exceptions (20 events):
Event: 19.226 Thread 0x00000239d2c60b10 Exception <a 'java/lang/NoSuchMethodError'{0x0000000765565158}: 'java.lang.Object java.lang.invoke.DirectMethodHandle$Holder.invokeStatic(java.lang.Object, java.lang.Object, java.lang.Object, java.lang.Object, java.lang.Object, java.lang.Object, java.lang.Object, java.lang.Object, java.lang.Object, java.lang.Object, java.lang.Object, java.lang.Object)'> (0x0000000765565158) 
thrown [s\open\src\hotspot\share\interpreter\linkResolver.cpp, line 805]
Event: 19.229 Thread 0x00000239d2c60b10 Exception <a 'java/lang/NoSuchMethodError'{0x0000000765591938}: 'java.lang.Object java.lang.invoke.DelegatingMethodHandle$Holder.reinvoke_L(java.lang.Object, java.lang.Object, int, java.lang.Object, java.lang.Object)'> (0x0000000765591938) 
thrown [s\open\src\hotspot\share\interpreter\linkResolver.cpp, line 805]
Event: 19.467 Thread 0x00000239d2c60b10 Exception <a 'java/lang/IncompatibleClassChangeError'{0x0000000764d11610}: Found class java.lang.Object, but interface was expected> (0x0000000764d11610) 
thrown [s\open\src\hotspot\share\interpreter\linkResolver.cpp, line 872]
Event: 19.496 Thread 0x00000239d2c60b10 Exception <a 'java/lang/NoSuchMethodError'{0x0000000764a261c0}: 'void java.lang.invoke.DirectMethodHandle$Holder.invokeStatic(java.lang.Object, java.lang.Object, double)'> (0x0000000764a261c0) 
thrown [s\open\src\hotspot\share\interpreter\linkResolver.cpp, line 805]
Event: 19.510 Thread 0x00000239d2c60b10 Exception <a 'java/lang/NoSuchMethodError'{0x0000000764af07a8}: 'double java.lang.invoke.DirectMethodHandle$Holder.invokeStatic(java.lang.Object, java.lang.Object, java.lang.Object)'> (0x0000000764af07a8) 
thrown [s\open\src\hotspot\share\interpreter\linkResolver.cpp, line 805]
Event: 19.553 Thread 0x00000239d2c60b10 Exception <a 'java/lang/IncompatibleClassChangeError'{0x00000007648b74a0}: Found class java.lang.Object, but interface was expected> (0x00000007648b74a0) 
thrown [s\open\src\hotspot\share\interpreter\linkResolver.cpp, line 872]
Event: 19.579 Thread 0x00000239d2c60b10 Exception <a 'java/lang/NoSuchMethodError'{0x000000076499b588}: 'java.lang.Object java.lang.invoke.DirectMethodHandle$Holder.newInvokeSpecial(java.lang.Object, java.lang.Object, int, java.lang.Object, java.lang.Object)'> (0x000000076499b588) 
thrown [s\open\src\hotspot\share\interpreter\linkResolver.cpp, line 805]
Event: 19.862 Thread 0x00000239c611bc30 Exception <a 'java/lang/NoSuchMethodError'{0x00000007644ea898}: 'java.lang.Object java.lang.invoke.DirectMethodHandle$Holder.invokeInterface(java.lang.Object, java.lang.Object, java.lang.Object, java.lang.Object, java.lang.Object, java.lang.Object, java.lang.Object)'> (0x00000007644ea898) 
thrown [s\open\src\hotspot\share\interpreter\linkResolver.cpp, line 805]
Event: 19.862 Thread 0x00000239c60e1bd0 Exception <a 'java/lang/NoSuchMethodError'{0x00000007645a50f8}: 'java.lang.Object java.lang.invoke.DirectMethodHandle$Holder.invokeInterface(java.lang.Object, java.lang.Object, java.lang.Object, java.lang.Object, java.lang.Object, java.lang.Object, java.lang.Object)'> (0x00000007645a50f8) 
thrown [s\open\src\hotspot\share\interpreter\linkResolver.cpp, line 805]
Event: 20.763 Thread 0x00000239cd162750 Exception <a 'java/lang/NoSuchMethodError'{0x000000076521e290}: 'java.lang.Object java.lang.invoke.DirectMethodHandle$Holder.newInvokeSpecial(java.lang.Object, java.lang.Object, java.lang.Object, java.lang.Object, int)'> (0x000000076521e290) 
thrown [s\open\src\hotspot\share\interpreter\linkResolver.cpp, line 805]
Event: 20.763 Thread 0x00000239cd162750 Exception <a 'java/lang/NoSuchMethodError'{0x0000000765239570}: 'java.lang.Object java.lang.invoke.DirectMethodHandle$Holder.invokeSpecial(java.lang.Object, java.lang.Object, java.lang.Object, java.lang.Object, java.lang.Object, int)'> (0x0000000765239570) 
thrown [s\open\src\hotspot\share\interpreter\linkResolver.cpp, line 805]
Event: 20.763 Thread 0x00000239cd162750 Exception <a 'java/lang/NoSuchMethodError'{0x0000000765241ad8}: 'java.lang.Object java.lang.invoke.Invokers$Holder.linkToTargetMethod(java.lang.Object, java.lang.Object, java.lang.Object, int, java.lang.Object)'> (0x0000000765241ad8) 
thrown [s\open\src\hotspot\share\interpreter\linkResolver.cpp, line 805]
Event: 20.790 Thread 0x00000239c611bc30 Exception <a 'java/lang/NoSuchMethodError'{0x0000000765370c80}: 'int java.lang.invoke.DirectMethodHandle$Holder.invokeInterface(java.lang.Object, java.lang.Object, int)'> (0x0000000765370c80) 
thrown [s\open\src\hotspot\share\interpreter\linkResolver.cpp, line 805]
Event: 22.321 Thread 0x00000239cd260cb0 Exception <a 'java/lang/NoSuchMethodError'{0x00000007655ed088}: 'java.lang.Object java.lang.invoke.DirectMethodHandle$Holder.invokeStaticInit(java.lang.Object, java.lang.Object, java.lang.Object, java.lang.Object, java.lang.Object, java.lang.Object)'> (0x00000007655ed088) 
thrown [s\open\src\hotspot\share\interpreter\linkResolver.cpp, line 805]
Event: 22.336 Thread 0x00000239cd260cb0 Exception <a 'java/net/ConnectException'{0x0000000765297700}: Connection refused: getsockopt> (0x0000000765297700) 
thrown [s\open\src\hotspot\share\prims\jni.cpp, line 536]
Event: 52.475 Thread 0x00000239e433d0c0 Exception <a 'java/lang/NoSuchMethodError'{0x0000000764c7af30}: 'void java.lang.invoke.DirectMethodHandle$Holder.invokeSpecial(java.lang.Object, java.lang.Object, int)'> (0x0000000764c7af30) 
thrown [s\open\src\hotspot\share\interpreter\linkResolver.cpp, line 805]
Event: 52.475 Thread 0x00000239e433d0c0 Exception <a 'java/lang/NoSuchMethodError'{0x0000000764c82b50}: 'void java.lang.invoke.Invokers$Holder.invokeExact_MT(java.lang.Object, int, java.lang.Object)'> (0x0000000764c82b50) 
thrown [s\open\src\hotspot\share\interpreter\linkResolver.cpp, line 805]
Event: 52.489 Thread 0x00000239e433d0c0 Exception <a 'sun/nio/fs/WindowsException'{0x0000000764ccfc78}> (0x0000000764ccfc78) 
thrown [s\open\src\hotspot\share\prims\jni.cpp, line 518]
Event: 52.494 Thread 0x00000239e433d0c0 Exception <a 'sun/nio/fs/WindowsException'{0x0000000764cdcad0}> (0x0000000764cdcad0) 
thrown [s\open\src\hotspot\share\prims\jni.cpp, line 518]
Event: 52.503 Thread 0x00000239e433d0c0 Exception <a 'sun/nio/fs/WindowsException'{0x0000000764cf6ad8}> (0x0000000764cf6ad8) 
thrown [s\open\src\hotspot\share\prims\jni.cpp, line 518]

VM Operations (20 events):
Event: 22.295 Executing VM operation: HandshakeAllThreads (Deoptimize)
Event: 22.295 Executing VM operation: HandshakeAllThreads (Deoptimize) done
Event: 22.399 Executing VM operation: HandshakeAllThreads (Deoptimize)
Event: 22.399 Executing VM operation: HandshakeAllThreads (Deoptimize) done
Event: 22.421 Executing VM operation: HandshakeAllThreads (Deoptimize)
Event: 22.421 Executing VM operation: HandshakeAllThreads (Deoptimize) done
Event: 52.561 Executing VM operation: JFRSafepointClear
Event: 52.561 Executing VM operation: JFRSafepointClear done
Event: 52.594 Executing VM operation: HandshakeAllThreads (Deoptimize)
Event: 52.594 Executing VM operation: HandshakeAllThreads (Deoptimize) done
Event: 52.596 Executing VM operation: HandshakeAllThreads (Deoptimize)
Event: 52.596 Executing VM operation: HandshakeAllThreads (Deoptimize) done
Event: 52.608 Executing VM operation: HandshakeAllThreads (Deoptimize)
Event: 52.608 Executing VM operation: HandshakeAllThreads (Deoptimize) done
Event: 52.632 Executing VM operation: HandshakeAllThreads (Deoptimize)
Event: 52.632 Executing VM operation: HandshakeAllThreads (Deoptimize) done
Event: 52.643 Executing VM operation: HandshakeAllThreads (Deoptimize)
Event: 52.643 Executing VM operation: HandshakeAllThreads (Deoptimize) done
Event: 52.676 Executing VM operation: RedefineClasses
Event: 52.727 Executing VM operation: RedefineClasses done

Memory protections (0 events):
No events

Nmethod flushes (20 events):
Event: 21.538 Thread 0x00000239e4320af0 flushing  nmethod 0x00000239dbf83388
Event: 21.538 Thread 0x00000239e4320af0 flushing  nmethod 0x00000239dbf83c88
Event: 21.538 Thread 0x00000239e4320af0 flushing  nmethod 0x00000239dbf9ad08
Event: 21.538 Thread 0x00000239e4320af0 flushing  nmethod 0x00000239dbf9b988
Event: 21.538 Thread 0x00000239e4320af0 flushing  nmethod 0x00000239dba0a708
Event: 21.538 Thread 0x00000239e4320af0 flushing  nmethod 0x00000239dbb57188
Event: 21.538 Thread 0x00000239e4320af0 flushing  nmethod 0x00000239dbd14188
Event: 21.538 Thread 0x00000239e4320af0 flushing  nmethod 0x00000239dbe1d108
Event: 21.538 Thread 0x00000239e4320af0 flushing  nmethod 0x00000239dbb96488
Event: 21.538 Thread 0x00000239e4320af0 flushing  nmethod 0x00000239dbd37d08
Event: 21.538 Thread 0x00000239e4320af0 flushing  nmethod 0x00000239dbe32e88
Event: 21.538 Thread 0x00000239e4320af0 flushing  nmethod 0x00000239dbeead88
Event: 21.538 Thread 0x00000239e4320af0 flushing  nmethod 0x00000239dbf00e08
Event: 21.538 Thread 0x00000239e4320af0 flushing  nmethod 0x00000239dbf13708
Event: 21.538 Thread 0x00000239e4320af0 flushing  nmethod 0x00000239dbf1a608
Event: 21.538 Thread 0x00000239e4320af0 flushing  nmethod 0x00000239db90dd08
Event: 21.538 Thread 0x00000239e4320af0 flushing  nmethod 0x00000239dbcc2f08
Event: 21.538 Thread 0x00000239e4320af0 flushing  nmethod 0x00000239dbe37408
Event: 21.538 Thread 0x00000239e4320af0 flushing  nmethod 0x00000239dbeb5008
Event: 21.538 Thread 0x00000239e4320af0 flushing  nmethod 0x00000239dbf82808

Events (20 events):
Event: 20.842 Thread 0x00000239cd1602c0 Thread exited: 0x00000239cd1602c0
Event: 20.842 Thread 0x00000239cd160a10 Thread exited: 0x00000239cd160a10
Event: 20.852 Thread 0x00000239c611bc30 Thread added: 0x00000239cd2622a0
Event: 20.854 Thread 0x00000239c60c4610 Thread added: 0x00000239cd261b50
Event: 20.865 Thread 0x00000239cd261b50 Thread added: 0x00000239cd25ef70
Event: 20.878 Thread 0x00000239cd25ef70 Thread exited: 0x00000239cd25ef70
Event: 20.881 Thread 0x00000239cd261b50 Thread added: 0x00000239cd25fe10
Event: 20.921 Thread 0x00000239cd164490 Thread exited: 0x00000239cd164490
Event: 20.938 Thread 0x00000239c611bc30 Thread added: 0x00000239cd25ef70
Event: 21.024 Thread 0x00000239c509ed70 Thread added: 0x00000239cd339a60
Event: 21.169 Thread 0x00000239c60c4610 Thread added: 0x00000239cd263140
Event: 21.261 Thread 0x00000239cd25f6c0 Thread exited: 0x00000239cd25f6c0
Event: 21.267 Thread 0x00000239cd25fe10 Thread exited: 0x00000239cd25fe10
Event: 22.136 Thread 0x00000239cd25ef70 Thread added: 0x00000239cd260cb0
Event: 22.485 Thread 0x00000239cd163d40 Thread exited: 0x00000239cd163d40
Event: 23.070 Thread 0x00000239cd339a60 Thread exited: 0x00000239cd339a60
Event: 24.404 Thread 0x00000239c509ed70 Thread exited: 0x00000239c509ed70
Event: 52.410 Thread 0x00000239e433d0c0 Thread added: 0x00000239cd25f6c0
Event: 52.480 Thread 0x00000239e433d0c0 Thread added: 0x00000239cd266470
Event: 52.525 Thread 0x00000239e43422d0 Thread added: 0x00000239c50f9730


Dynamic libraries:
0x00007ff7e6030000 - 0x00007ff7e6040000 	C:\Program Files\Java\jdk-24\bin\java.exe
0x00007ffe5c420000 - 0x00007ffe5c685000 	C:\WINDOWS\SYSTEM32\ntdll.dll
0x00007ffe5b940000 - 0x00007ffe5ba09000 	C:\WINDOWS\System32\KERNEL32.DLL
0x00007ffe59c50000 - 0x00007ffe5a038000 	C:\WINDOWS\System32\KERNELBASE.dll
0x00007ffe597d0000 - 0x00007ffe5991b000 	C:\WINDOWS\System32\ucrtbase.dll
0x00007ffe512f0000 - 0x00007ffe51306000 	C:\Program Files\Java\jdk-24\bin\jli.dll
0x00007ffe512d0000 - 0x00007ffe512eb000 	C:\Program Files\Java\jdk-24\bin\VCRUNTIME140.dll
0x00007ffe5a1a0000 - 0x00007ffe5a36a000 	C:\WINDOWS\System32\USER32.dll
0x00007ffe59aa0000 - 0x00007ffe59ac7000 	C:\WINDOWS\System32\win32u.dll
0x00007ffe48910000 - 0x00007ffe48baa000 	C:\WINDOWS\WinSxS\amd64_microsoft.windows.common-controls_6595b64144ccf1df_6.0.26100.4202_none_3e0698d4e335f517\COMCTL32.dll
0x00007ffe5a980000 - 0x00007ffe5a9ab000 	C:\WINDOWS\System32\GDI32.dll
0x00007ffe595f0000 - 0x00007ffe59727000 	C:\WINDOWS\System32\gdi32full.dll
0x00007ffe59540000 - 0x00007ffe595e3000 	C:\WINDOWS\System32\msvcp_win.dll
0x00007ffe5a370000 - 0x00007ffe5a419000 	C:\WINDOWS\System32\msvcrt.dll
0x00007ffe5bac0000 - 0x00007ffe5baf0000 	C:\WINDOWS\System32\IMM32.DLL
0x00007ffe544b0000 - 0x00007ffe544bc000 	C:\Program Files\Java\jdk-24\bin\vcruntime140_1.dll
0x00007ffe511a0000 - 0x00007ffe5122e000 	C:\Program Files\Java\jdk-24\bin\msvcp140.dll
0x00007ffe08180000 - 0x00007ffe08f22000 	C:\Program Files\Java\jdk-24\bin\server\jvm.dll
0x00007ffe5a7d0000 - 0x00007ffe5a883000 	C:\WINDOWS\System32\ADVAPI32.dll
0x00007ffe5ba10000 - 0x00007ffe5bab6000 	C:\WINDOWS\System32\sechost.dll
0x00007ffe5bf90000 - 0x00007ffe5c0a5000 	C:\WINDOWS\System32\RPCRT4.dll
0x00007ffe5a9b0000 - 0x00007ffe5aa24000 	C:\WINDOWS\System32\WS2_32.dll
0x00007ffe593b0000 - 0x00007ffe5940e000 	C:\WINDOWS\SYSTEM32\POWRPROF.dll
0x00007ffe50b70000 - 0x00007ffe50ba5000 	C:\WINDOWS\SYSTEM32\WINMM.dll
0x00007ffe52720000 - 0x00007ffe5272b000 	C:\WINDOWS\SYSTEM32\VERSION.dll
0x00007ffe59390000 - 0x00007ffe593a4000 	C:\WINDOWS\SYSTEM32\UMPDC.dll
0x00007ffe582e0000 - 0x00007ffe582fb000 	C:\WINDOWS\SYSTEM32\kernel.appcore.dll
0x00007ffe51980000 - 0x00007ffe5198a000 	C:\Program Files\Java\jdk-24\bin\jimage.dll
0x00007ffe48bf0000 - 0x00007ffe48e31000 	C:\WINDOWS\SYSTEM32\DBGHELP.DLL
0x00007ffe5aa30000 - 0x00007ffe5adb5000 	C:\WINDOWS\System32\combase.dll
0x00007ffe5a890000 - 0x00007ffe5a971000 	C:\WINDOWS\System32\OLEAUT32.dll
0x00007ffe544d0000 - 0x00007ffe54509000 	C:\WINDOWS\SYSTEM32\dbgcore.DLL
0x00007ffe59730000 - 0x00007ffe597c9000 	C:\WINDOWS\System32\bcryptPrimitives.dll
0x00007ffe45880000 - 0x00007ffe4588f000 	C:\Program Files\Java\jdk-24\bin\instrument.dll
0x00007ffe459f0000 - 0x00007ffe45a0e000 	C:\Program Files\Java\jdk-24\bin\java.dll
0x00007ffe5a620000 - 0x00007ffe5a7be000 	C:\WINDOWS\System32\ole32.dll
0x00007ffe5b060000 - 0x00007ffe5b7a2000 	C:\WINDOWS\System32\SHELL32.dll
0x00007ffe59ad0000 - 0x00007ffe59c44000 	C:\WINDOWS\System32\wintypes.dll
0x00007ffe57170000 - 0x00007ffe579c8000 	C:\WINDOWS\SYSTEM32\windows.storage.dll
0x00007ffe5b840000 - 0x00007ffe5b931000 	C:\WINDOWS\System32\SHCORE.dll
0x00007ffe5c290000 - 0x00007ffe5c2fa000 	C:\WINDOWS\System32\shlwapi.dll
0x00007ffe59450000 - 0x00007ffe5947f000 	C:\WINDOWS\SYSTEM32\profapi.dll
0x00007ffe1a260000 - 0x00007ffe1a277000 	C:\Program Files\Java\jdk-24\bin\zip.dll
0x00007ffe459b0000 - 0x00007ffe459c0000 	C:\Program Files\Java\jdk-24\bin\net.dll
0x00007ffe58870000 - 0x00007ffe588da000 	C:\WINDOWS\system32\mswsock.dll
0x00007ffe43860000 - 0x00007ffe43876000 	C:\Program Files\Java\jdk-24\bin\nio.dll
0x00007ffe57d60000 - 0x00007ffe57e87000 	C:\WINDOWS\SYSTEM32\DNSAPI.dll
0x00007ffe57cd0000 - 0x00007ffe57d03000 	C:\WINDOWS\SYSTEM32\IPHLPAPI.DLL
0x00007ffe5b830000 - 0x00007ffe5b83a000 	C:\WINDOWS\System32\NSI.dll
0x00007ffe509a0000 - 0x00007ffe509ab000 	C:\Windows\System32\rasadhlp.dll
0x00007ffe43850000 - 0x00007ffe43859000 	C:\Program Files\Java\jdk-24\bin\extnet.dll
0x00007ffe4d890000 - 0x00007ffe4d916000 	C:\WINDOWS\System32\fwpuclnt.dll
0x00007ffe2f880000 - 0x00007ffe2f88a000 	C:\Program Files\Java\jdk-24\bin\management.dll
0x00007ffe1e350000 - 0x00007ffe1e35b000 	C:\Program Files\Java\jdk-24\bin\management_ext.dll
0x00007ffe5afa0000 - 0x00007ffe5afa8000 	C:\WINDOWS\System32\PSAPI.DLL
0x00007ffe58b20000 - 0x00007ffe58b3b000 	C:\WINDOWS\SYSTEM32\CRYPTSP.dll
0x00007ffe58240000 - 0x00007ffe5827a000 	C:\WINDOWS\system32\rsaenh.dll
0x00007ffe58910000 - 0x00007ffe5893b000 	C:\WINDOWS\SYSTEM32\USERENV.dll
0x00007ffe59420000 - 0x00007ffe59446000 	C:\WINDOWS\SYSTEM32\bcrypt.dll
0x00007ffe58b40000 - 0x00007ffe58b4c000 	C:\WINDOWS\SYSTEM32\CRYPTBASE.dll
0x00007ffde9f10000 - 0x00007ffde9f28000 	C:\WINDOWS\system32\napinsp.dll
0x00007ffde9f30000 - 0x00007ffde9f42000 	C:\WINDOWS\System32\winrnr.dll
0x00007ffde9f50000 - 0x00007ffde9f80000 	C:\WINDOWS\system32\nlansp_c.dll
0x00007ffe4ed10000 - 0x00007ffe4ed30000 	C:\WINDOWS\system32\wshbth.dll
0x00007ffe43c60000 - 0x00007ffe43cae000 	C:\WINDOWS\SYSTEM32\pdh.dll
0x00007ffe1a230000 - 0x00007ffe1a242000 	C:\WINDOWS\System32\perfproc.dll
0x00007ffe1a210000 - 0x00007ffe1a221000 	C:\WINDOWS\System32\perfos.dll
0x00007ffe56870000 - 0x00007ffe56882000 	C:\WINDOWS\SYSTEM32\pfclient.dll
0x00007ffe1a250000 - 0x00007ffe1a25e000 	C:\Program Files\Java\jdk-24\bin\sunmscapi.dll
0x00007ffe59920000 - 0x00007ffe59a97000 	C:\WINDOWS\System32\CRYPT32.dll
0x00007ffe58d40000 - 0x00007ffe58d70000 	C:\WINDOWS\SYSTEM32\ncrypt.dll
0x00007ffe58cf0000 - 0x00007ffe58d2f000 	C:\WINDOWS\SYSTEM32\NTASN1.dll
0x00007ffe1a200000 - 0x00007ffe1a210000 	C:\Program Files\Java\jdk-24\bin\verify.dll
0x00007ffe30370000 - 0x00007ffe30378000 	C:\WINDOWS\system32\wshunix.dll
0x00007ffdf7110000 - 0x00007ffdf7308000 	C:\Users\Thayn\AppData\Local\Temp\idea_libasyncProfiler_dll_temp_folder\libasyncProfiler.dll

JVMTI agents:
C:\Program Files\JetBrains\IntelliJ IDEA 2025.1.2\lib\idea_rt.jar path:C:\Program Files\Java\jdk-24\bin\instrument.dll, loaded, initialized, instrumentlib options:50758

dbghelp: loaded successfully - version: 4.0.5 - missing functions: none
symbol engine: initialized successfully - sym options: 0x614 - pdb path: .;C:\Program Files\Java\jdk-24\bin;C:\WINDOWS\SYSTEM32;C:\WINDOWS\WinSxS\amd64_microsoft.windows.common-controls_6595b64144ccf1df_6.0.26100.4202_none_3e0698d4e335f517;C:\Program Files\Java\jdk-24\bin\server;C:\Users\Thayn\AppData\Local\Temp\idea_libasyncProfiler_dll_temp_folder

VM Arguments:
jvm_args: -XX:TieredStopAtLevel=1 -Dspring.output.ansi.enabled=always -Dcom.sun.management.jmxremote -Dspring.jmx.enabled=true -Dspring.liveBeansView.mbeanDomain -Dspring.application.admin.enabled=true -Dmanagement.endpoints.jmx.exposure.include=* -javaagent:C:\Program Files\JetBrains\IntelliJ IDEA 2025.1.2\lib\idea_rt.jar=50758 -Dfile.encoding=UTF-8 -Dsun.stdout.encoding=UTF-8 -Dsun.stderr.encoding=UTF-8 
java_command: br.com.financeControl.FinanceControl.FinanceControlApplicationKt
java_class_path (initial): C:\Users\Thayn\IdeaProjects\finance_control_server_new\finance_control_server\target\classes;C:\Users\Thayn\.m2\repository\org\springframework\boot\spring-boot-starter-actuator\3.5.0\spring-boot-starter-actuator-3.5.0.jar;C:\Users\Thayn\.m2\repository\org\springframework\boot\spring-boot-starter\3.5.0\spring-boot-starter-3.5.0.jar;C:\Users\Thayn\.m2\repository\org\springframework\boot\spring-boot\3.5.0\spring-boot-3.5.0.jar;C:\Users\Thayn\.m2\repository\org\springframework\boot\spring-boot-autoconfigure\3.5.0\spring-boot-autoconfigure-3.5.0.jar;C:\Users\Thayn\.m2\repository\org\springframework\boot\spring-boot-starter-logging\3.5.0\spring-boot-starter-logging-3.5.0.jar;C:\Users\Thayn\.m2\repository\ch\qos\logback\logback-classic\1.5.18\logback-classic-1.5.18.jar;C:\Users\Thayn\.m2\repository\ch\qos\logback\logback-core\1.5.18\logback-core-1.5.18.jar;C:\Users\Thayn\.m2\repository\org\apache\logging\log4j\log4j-to-slf4j\2.24.3\log4j-to-slf4j-2.24.3.jar;C:\Users\Thayn\.m2\repository\org\apache\logging\log4j\log4j-api\2.24.3\log4j-api-2.24.3.jar;C:\Users\Thayn\.m2\repository\org\slf4j\jul-to-slf4j\2.0.17\jul-to-slf4j-2.0.17.jar;C:\Users\Thayn\.m2\repository\jakarta\annotation\jakarta.annotation-api\2.1.1\jakarta.annotation-api-2.1.1.jar;C:\Users\Thayn\.m2\repository\org\yaml\snakeyaml\2.4\snakeyaml-2.4.jar;C:\Users\Thayn\.m2\repository\org\springframework\boot\spring-boot-actuator-autoconfigure\3.5.0\spring-boot-actuator-autoconfigure-3.5.0.jar;C:\Users\Thayn\.m2\repository\org\springframework\boot\spring-boot-actuator\3.5.0\spring-boot-actuator-3.5.0.jar;C:\Users\Thayn\.m2\repository\com\fasterxml\jackson\datatype\jackson-datatype-jsr310\2.19.0\jackson-datatype-jsr310-2.19.0.jar;C:\Users\Thayn\.m2\repository\io\micrometer\micrometer-observation\1.15.0\micrometer-observation-1.15.0.jar;C:\Users\Thayn\.m2\repository\io\micrometer\micrometer-commons\1.15.0\micrometer-commons-1.15.0.jar;C:\Users\Thayn\.m2\repository\io\micrometer\micrometer-jakarta9\1.15.0\micrometer-jakarta9-1.15.0.jar;C:\Users\Thayn\.m2\repository\io\micrometer\micrometer-core\1.15.0\micrometer-core-1.15.0.jar;C:\Users\Thayn\.m2\repository\org\hdrhistogram\HdrHistogram\2.2.2\HdrHistogram-2.2.2.jar;C:\Users\Thayn\.m2\repository\org\latencyutils\LatencyUtils\2.0.3\LatencyUtils-2.0.3.jar;C:\Users\Thayn\.m2\repository\org\springframework\boot\spring-boot-starter-data-jpa\3.5.0\spring-boot-starter-data-jpa-3.5.0.jar;C:\Users\Thayn\.m2\repository\org\springframework\boot\spring-boot-starter-jdbc\3.5.0\spring-boot-starter-jdbc-3.5.0.jar;C:\Users\Thayn\.m2\repository\com\zaxxer\HikariCP\6.3.0\HikariCP-6.3.0.jar;C:\Users\Thayn\.m2\repository\org\springframework\spring-jdbc\6.2.7\spring-jdbc-6.2.7.jar;C:\Users\Thayn\.m2\repository\org\hibernate\orm\hibernate-core\6.6.15.Final\hibernate-core-6.6.15.Final.jar;C:\Users\Thayn\.m2\repository\jakarta\persistence\jakarta.persistence-api\3.1.0\jakarta.persistence-api-3.1.0.jar;C:\Users\Thayn\.m2\repository\jakarta\transaction\jakarta.transaction-api\2.0.1\jakarta.transaction-api-2.0.1.jar;C:\Users\Thayn\.m2\repository\org\jboss\logging\jboss-logging\3.6.1.Final\jboss-logging-3.6.1.Final.jar;C:\Users\Thayn\.m2\repository\org\hibernate\common\hibernate-commons-annotations\7.0.3.Final\hibernate-commons-annotations-7.0.3.Final.jar;C:\Users\Thayn\.m2\repository\io\smallrye\jandex\3.2.0\jandex-3.2.0.jar;C:\Users\Thayn\.m2\repository\com\fasterxml\classmate\1.7.0\classmate-1.7.0.jar;C:\Users\Thayn\.m2\repository\net\bytebuddy\byte-buddy\1.17.5\byte-buddy-1.17.5.jar;C:\Users\Thayn\.m2\repository\org\glassfish\jaxb\jaxb-runtime\4.0.5\jaxb-runtime-4.0.5.jar;C:\Users\Thayn\.m2\repository\org\glassfish\jaxb\jaxb-core\4.0.5\jaxb-core-4.0.5.jar;C:\Users\Thayn\.m2\repository\org\eclipse\angus\angus-activation\2.0.2\angus-activation-2.0.2.jar;C:\Users\Thayn\.m2\repository\org\glassfish\jaxb\txw2\4.0.5\txw2-4.0.5.jar;C:\Users\Thayn\.m2\repository\com\sun\istack\istack-commons-runtime\4.1.2\istack-commons-runtime-4.1.2.jar;C:\Users\Thayn\.m2\repository\jakarta\inject\jakarta.inject-api\2.0.1\jakarta.inject-api-2.0.1.jar;C:\Users\Thayn\.m2\repository\org\antlr\antlr4-runtime\4.13.0\antlr4-runtime-4.13.0.jar;C:\Users\Thayn\.m2\repository\org\springframework\data\spring-data-jpa\3.5.0\spring-data-jpa-3.5.0.jar;C:\Users\Thayn\.m2\repository\org\springframework\data\spring-data-commons\3.5.0\spring-data-commons-3.5.0.jar;C:\Users\Thayn\.m2\repository\org\springframework\spring-orm\6.2.7\spring-orm-6.2.7.jar;C:\Users\Thayn\.m2\repository\org\springframework\spring-context\6.2.7\spring-context-6.2.7.jar;C:\Users\Thayn\.m2\repository\org\springframework\spring-tx\6.2.7\spring-tx-6.2.7.jar;C:\Users\Thayn\.m2\repository\org\springframework\spring-beans\6.2.7\spring-beans-6.2.7.jar;C:\Users\Thayn\.m2\repository\org\slf4j\slf4j-api\2.0.17\slf4j-api-2.0.17.jar;C:\Users\Thayn\.m2\repository\org\springframework\spring-aspects\6.2.7\spring-aspects-6.2.7.jar;C:\Users\Thayn\.m2\repository\org\aspectj\aspectjweaver\1.9.24\aspectjweaver-1.9.24.jar;C:\Users\Thayn\.m2\repository\org\springframework\boot\spring-boot-starter-web\3.5.0\spring-boot-starter-web-3.5.0.jar;C:\Users\Thayn\.m2\repository\org\springframework\boot\spring-boot-starter-json\3.5.0\spring-boot-starter-json-3.5.0.jar;C:\Users\Thayn\.m2\repository\com\fasterxml\jackson\datatype\jackson-datatype-jdk8\2.19.0\jackson-datatype-jdk8-2.19.0.jar;C:\Users\Thayn\.m2\repository\com\fasterxml\jackson\module\jackson-module-parameter-names\2.19.0\jackson-module-parameter-names-2.19.0.jar;C:\Users\Thayn\.m2\repository\org\springframework\boot\spring-boot-starter-tomcat\3.5.0\spring-boot-starter-tomcat-3.5.0.jar;C:\Users\Thayn\.m2\repository\org\apache\tomcat\embed\tomcat-embed-core\10.1.41\tomcat-embed-core-10.1.41.jar;C:\Users\Thayn\.m2\repository\org\apache\tomcat\embed\tomcat-embed-websocket\10.1.41\tomcat-embed-websocket-10.1.41.jar;C:\Users\Thayn\.m2\repository\org\springframework\spring-web\6.2.7\spring-web-6.2.7.jar;C:\Users\Thayn\.m2\repository\org\springframework\spring-webmvc\6.2.7\spring-webmvc-6.2.7.jar;C:\Users\Thayn\.m2\repository\org\springframework\spring-expression\6.2.7\spring-expression-6.2.7.jar;C:\Users\Thayn\.m2\repository\com\fasterxml\jackson\module\jackson-module-kotlin\2.19.0\jackson-module-kotlin-2.19.0.jar;C:\Users\Thayn\.m2\repository\com\fasterxml\jackson\core\jackson-databind\2.19.0\jackson-databind-2.19.0.jar;C:\Users\Thayn\.m2\repository\com\fasterxml\jackson\core\jackson-core\2.19.0\jackson-core-2.19.0.jar;C:\Users\Thayn\.m2\repository\com\fasterxml\jackson\core\jackson-annotations\2.19.0\jackson-annotations-2.19.0.jar;C:\Users\Thayn\.m2\repository\org\jetbrains\kotlin\kotlin-reflect\1.9.25\kotlin-reflect-1.9.25.jar;C:\Users\Thayn\.m2\repository\org\jetbrains\kotlin\kotlin-stdlib\1.9.25\kotlin-stdlib-1.9.25.jar;C:\Users\Thayn\.m2\repository\org\jetbrains\annotations\13.0\annotations-13.0.jar;C:\Users\Thayn\.m2\repository\com\h2database\h2\2.3.232\h2-2.3.232.jar;C:\Users\Thayn\.m2\repository\jakarta\xml\bind\jakarta.xml.bind-api\4.0.2\jakarta.xml.bind-api-4.0.2.jar;C:\Users\Thayn\.m2\repository\jakarta\activation\jakarta.activation-api\2.1.3\jakarta.activation-api-2.1.3.jar;C:\Users\Thayn\.m2\repository\net\minidev\json-smart\2.5.2\json-smart-2.5.2.jar;C:\Users\Thayn\.m2\repository\net\minidev\accessors-smart\2.5.2\accessors-smart-2.5.2.jar;C:\Users\Thayn\.m2\repository\org\ow2\asm\asm\9.7.1\asm-9.7.1.jar;C:\Users\Thayn\.m2\repository\org\springframework\spring-core\6.2.7\spring-core-6.2.7.jar;C:\Users\Thayn\.m2\repository\org\springframework\spring-jcl\6.2.7\spring-jcl-6.2.7.jar;C:\Users\Thayn\.m2\repository\org\springframework\boot\spring-boot-starter-security\3.5.0\spring-boot-starter-security-3.5.0.jar;C:\Users\Thayn\.m2\repository\org\springframework\spring-aop\6.2.7\spring-aop-6.2.7.jar;C:\Users\Thayn\.m2\repository\org\springframework\security\spring-security-config\6.5.0\spring-security-config-6.5.0.jar;C:\Users\Thayn\.m2\repository\org\springframework\security\spring-security-web\6.5.0\spring-security-web-6.5.0.jar;C:\Users\Thayn\.m2\repository\org\springframework\boot\spring-boot-starter-oauth2-client\3.5.0\spring-boot-starter-oauth2-client-3.5.0.jar;C:\Users\Thayn\.m2\repository\org\springframework\security\spring-security-core\6.5.0\spring-security-core-6.5.0.jar;C:\Users\Thayn\.m2\repository\org\springframework\security\spring-security-crypto\6.5.0\spring-security-crypto-6.5.0.jar;C:\Users\Thayn\.m2\repository\org\springframework\security\spring-security-oauth2-client\6.5.0\spring-security-oauth2-client-6.5.0.jar;C:\Users\Thayn\.m2\repository\org\springframework\security\spring-security-oauth2-core\6.5.0\spring-security-oauth2-core-6.5.0.jar;C:\Users\Thayn\.m2\repository\com\nimbusds\oauth2-oidc-sdk\9.43.6\oauth2-oidc-sdk-9.43.6.jar;C:\Users\Thayn\.m2\repository\com\github\stephenc\jcip\jcip-annotations\1.0-1\jcip-annotations-1.0-1.jar;C:\Users\Thayn\.m2\repository\com\nimbusds\content-type\2.2\content-type-2.2.jar;C:\Users\Thayn\.m2\repository\com\nimbusds\lang-tag\1.7\lang-tag-1.7.jar;C:\Users\Thayn\.m2\repository\org\springframework\security\spring-security-oauth2-jose\6.5.0\spring-security-oauth2-jose-6.5.0.jar;C:\Users\Thayn\.m2\repository\com\nimbusds\nimbus-jose-jwt\9.37.3\nimbus-jose-jwt-9.37.3.jar;C:\Users\Thayn\.m2\repository\org\springframework\boot\spring-boot-starter-data-redis\3.5.0\spring-boot-starter-data-redis-3.5.0.jar;C:\Users\Thayn\.m2\repository\io\lettuce\lettuce-core\6.5.5.RELEASE\lettuce-core-6.5.5.RELEASE.jar;C:\Users\Thayn\.m2\repository\io\netty\netty-common\4.1.121.Final\netty-common-4.1.121.Final.jar;C:\Users\Thayn\.m2\repository\io\netty\netty-handler\4.1.121.Final\netty-handler-4.1.121.Final.jar;C:\Users\Thayn\.m2\repository\io\netty\netty-resolver\4.1.121.Final\netty-resolver-4.1.121.Final.jar;C:\Users\Thayn\.m2\repository\io\netty\netty-buffer\4.1.121.Final\netty-buffer-4.1.121.Final.jar;C:\Users\Thayn\.m2\repository\io\netty\netty-transport-native-unix-common\4.1.121.Final\netty-transport-native-unix-common-4.1.121.Final.jar;C:\Users\Thayn\.m2\repository\io\netty\netty-codec\4.1.121.Final\netty-codec-4.1.121.Final.jar;C:\Users\Thayn\.m2\repository\io\netty\netty-transport\4.1.121.Final\netty-transport-4.1.121.Final.jar;C:\Users\Thayn\.m2\repository\io\projectreactor\reactor-core\3.7.6\reactor-core-3.7.6.jar;C:\Users\Thayn\.m2\repository\org\reactivestreams\reactive-streams\1.0.4\reactive-streams-1.0.4.jar;C:\Users\Thayn\.m2\repository\org\springframework\data\spring-data-redis\3.5.0\spring-data-redis-3.5.0.jar;C:\Users\Thayn\.m2\repository\org\springframework\data\spring-data-keyvalue\3.5.0\spring-data-keyvalue-3.5.0.jar;C:\Users\Thayn\.m2\repository\org\springframework\spring-oxm\6.2.7\spring-oxm-6.2.7.jar;C:\Users\Thayn\.m2\repository\org\springframework\spring-context-support\6.2.7\spring-context-support-6.2.7.jar;C:\Users\Thayn\.m2\repository\org\springframework\boot\spring-boot-starter-oauth2-resource-server\3.5.0\spring-boot-starter-oauth2-resource-server-3.5.0.jar;C:\Users\Thayn\.m2\repository\org\springframework\security\spring-security-oauth2-resource-server\6.5.0\spring-security-oauth2-resource-server-6.5.0.jar;C:\Users\Thayn\.m2\repository\org\springframework\boot\spring-boot-starter-validation\3.5.0\spring-boot-starter-validation-3.5.0.jar;C:\Users\Thayn\.m2\repository\org\apache\tomcat\embed\tomcat-embed-el\10.1.41\tomcat-embed-el-10.1.41.jar;C:\Users\Thayn\.m2\repository\org\hibernate\validator\hibernate-validator\8.0.2.Final\hibernate-validator-8.0.2.Final.jar;C:\Users\Thayn\.m2\repository\jakarta\validation\jakarta.validation-api\3.0.2\jakarta.validation-api-3.0.2.jar
Launcher Type: SUN_STANDARD

[Global flags]
     intx CICompilerCount                          = 3                                         {product} {ergonomic}
     uint ConcGCThreads                            = 1                                         {product} {ergonomic}
     bool FlightRecorder                           = true                                      {product} {management}
     uint G1ConcRefinementThreads                  = 4                                         {product} {ergonomic}
   size_t G1HeapRegionSize                         = 2097152                                   {product} {ergonomic}
   size_t InitialHeapSize                          = 167772160                                 {product} {ergonomic}
     bool ManagementServer                         = true                                      {product} {command line}
   size_t MarkStackSize                            = 4194304                                   {product} {ergonomic}
   size_t MarkStackSizeMax                         = 536870912                                 {product} {ergonomic}
   size_t MaxHeapSize                              = 2669674496                                {product} {ergonomic}
   size_t MaxNewSize                               = 1600126976                                {product} {ergonomic}
   size_t MinHeapDeltaBytes                        = 2097152                                   {product} {ergonomic}
   size_t MinHeapSize                              = 8388608                                   {product} {ergonomic}
    uintx NonNMethodCodeHeapSize                   = 4096                                   {pd product} {ergonomic}
    uintx NonProfiledCodeHeapSize                  = 0                                      {pd product} {ergonomic}
     bool ProfileInterpreter                       = false                                  {pd product} {command line}
    uintx ProfiledCodeHeapSize                     = 0                                      {pd product} {ergonomic}
   size_t SoftMaxHeapSize                          = 2669674496                             {manageable} {ergonomic}
     intx TieredStopAtLevel                        = 1                                         {product} {command line}
     bool UseCompressedOops                        = true                           {product lp64_product} {ergonomic}
     bool UseG1GC                                  = true                                      {product} {ergonomic}
     bool UseLargePagesIndividualAllocation        = false                                  {pd product} {ergonomic}

Logging:
Log output configuration:
 #0: stdout all=warning uptime,level,tags foldmultilines=false
 #1: stderr all=off uptime,level,tags foldmultilines=false

Environment Variables:
JAVA_HOME=C:\Program Files\Java\jdk-24
PATH=C:\Program Files\Common Files\Oracle\Java\javapath;C:\WINDOWS\system32;C:\WINDOWS;C:\WINDOWS\System32\Wbem;C:\WINDOWS\System32\WindowsPowerShell\v1.0\;C:\WINDOWS\System32\OpenSSH\;C:\Program Files\Git\cmd;C:\Program Files\Docker\Docker\resources\bin;C:\Users\Thayn\AppData\Local\Microsoft\WindowsApps;C:\Program Files\Java\jdk-24\bin;".;C:\Program Files\Java\jdk-24\lib";C:\Users\Thayn\AppData\Local\Microsoft\WinGet\Links;C:\Users\Thayn\AppData\Local\Programs\Microsoft VS Code\bin
USERNAME=Thayn
OS=Windows_NT
PROCESSOR_IDENTIFIER=AMD64 Family 23 Model 24 Stepping 1, AuthenticAMD
TMP=C:\Users\Thayn\AppData\Local\Temp
TEMP=C:\Users\Thayn\AppData\Local\Temp




Periodic native trim disabled

---------------  S Y S T E M  ---------------

OS:
 Windows 11 , 64 bit Build 26100 (10.0.26100.4202)
OS uptime: 0 days 0:21 hours
Hyper-V role detected

CPU: total 4 (initial active 4) (4 cores per cpu, 2 threads per core) family 23 model 24 stepping 1 microcode 0x8108109, cx8, cmov, fxsr, ht, mmx, 3dnowpref, sse, sse2, sse3, ssse3, sse4a, sse4.1, sse4.2, popcnt, lzcnt, tsc, tscinvbit, avx, avx2, aes, clmul, bmi1, bmi2, adx, sha, fma, vzeroupper, clflush, clflushopt, hv, rdtscp, f16c
Processor Information for the first 4 processors :
  Max Mhz: 2600, Current Mhz: 2600, Mhz Limit: 2600

Memory: 4k page, system-wide physical 10177M (766M free)
TotalPageFile size 17601M (AvailPageFile size 5730M)
current process WorkingSet (physical memory assigned to process): 282M, peak: 282M
current process commit charge ("private bytes"): 335M, peak: 335M

vm_info: Java HotSpot(TM) 64-Bit Server VM (24.0.1+9-30) for windows-amd64 JRE (24.0.1+9-30), built on 2025-03-05T07:23:45Z with MS VC++ 17.6 (VS2022)

END.
