#
# A fatal error has been detected by the Java Runtime Environment:
#
#  EXCEPTION_ACCESS_VIOLATION (0xc0000005) at pc=0x00007fffde5b26c4, pid=21328, tid=17736
#
# JRE version: Java(TM) SE Runtime Environment (24.0.1+9) (build 24.0.1+9-30)
# Java VM: Java HotSpot(TM) 64-Bit Server VM (24.0.1+9-30, mixed mode, emulated-client, sharing, tiered, compressed oops, compressed class ptrs, g1 gc, windows-amd64)
# Problematic frame:
# C  [libasyncProfiler.dll+0x926c4]
#
# No core dump will be written. Minidumps are not enabled by default on client versions of Windows
#
# JFR recording file will be written. Location: C:\Users\Thayn\IdeaProjects\finance_control_server_new\finance_control_server\hs_err_pid21328.jfr
#
# If you would like to submit a bug report, please visit:
#   https://bugreport.java.com/bugreport/crash.jsp
# The crash happened outside the Java Virtual Machine in native code.
# See problematic frame for where to report the bug.
#

---------------  S U M M A R Y ------------

Command Line: -XX:TieredStopAtLevel=1 -Dspring.output.ansi.enabled=always -Dcom.sun.management.jmxremote -Dspring.jmx.enabled=true -Dspring.liveBeansView.mbeanDomain -Dspring.application.admin.enabled=true -Dmanagement.endpoints.jmx.exposure.include=* -javaagent:C:\Program Files\JetBrains\IntelliJ IDEA 2025.1.2\lib\idea_rt.jar=53070 -Dfile.encoding=UTF-8 -Dsun.stdout.encoding=UTF-8 -Dsun.stderr.encoding=UTF-8 br.com.financeControl.FinanceControl.FinanceControlApplicationKt

Host: AMD Ryzen 3 3250U with Radeon Graphics         , 4 cores, 9G,  Windows 11 , 64 bit Build 26100 (10.0.26100.4202)
Time: Sun Jul  6 13:46:20 2025 Hora oficial do Brasil elapsed time: 36.148925 seconds (0d 0h 0m 36s)

---------------  T H R E A D  ---------------

Current thread (0x0000023553d10d30):  JavaThread "Attach Listener" daemon [_thread_in_native, id=17736, stack(0x0000003fd1c00000,0x0000003fd1d00000) (1024K)]

Stack: [0x0000003fd1c00000,0x0000003fd1d00000],  sp=0x0000003fd1cfee40,  free space=1019k
Native frames: (J=compiled Java code, j=interpreted, Vv=VM code, C=native code)
C  [libasyncProfiler.dll+0x926c4]  (no source info available)
C  [libasyncProfiler.dll+0x92b9b]  (no source info available)
C  [libasyncProfiler.dll+0x917f4]  (no source info available)
C  [libasyncProfiler.dll+0x9206a]  (no source info available)
C  [libasyncProfiler.dll+0x8cc21]  (no source info available)
C  [libasyncProfiler.dll+0x7e5e1]  (no source info available)
C  [libasyncProfiler.dll+0x7d2f8]  (no source info available)
C  [libasyncProfiler.dll+0x7d1e0]  (no source info available)
C  [libasyncProfiler.dll+0x841b9]  (no source info available)
V  [jvm.dll+0x57eff7]  (no source info available)
V  [jvm.dll+0x57fdac]  (no source info available)
V  [jvm.dll+0x14ca17]  (no source info available)
V  [jvm.dll+0x14dfe1]  (no source info available)
V  [jvm.dll+0x42f456]  (no source info available)
V  [jvm.dll+0x87d76b]  (no source info available)
V  [jvm.dll+0x72ee55]  (no source info available)
C  [ucrtbase.dll+0x37b0]  (no source info available)
C  [KERNEL32.DLL+0x2e8d7]  (no source info available)
C  [ntdll.dll+0x3c34c]  (no source info available)


siginfo: EXCEPTION_ACCESS_VIOLATION (0xc0000005), reading address 0xffffffffffffffff


Registers:
RAX=0x0000000000000010, RBX=0x0000000000000000, RCX=0xffffffffffffffff, RDX=0x007fffb8dd301010
RSP=0x0000003fd1cfee40, RBP=0x00000235a1c61ef0, RSI=0x0000003fd1cfefb0, RDI=0x00000235a1c61ef0
R8 =0x0000000000000042, R9 =0x0000000762c35e60, R10=0x00007fffb9049fb0, R11=0x0000000000000040
R12=0x0000003fd1cfefb0, R13=0x00000235990078e0, R14=0x0000023553d110f8, R15=0x0000023553d110f8
RIP=0x00007fffde5b26c4, EFLAGS=0x0000000000010202

XMM[0]=0x0000000000000000 0x0000000000000000
XMM[1]=0x0000000000000000 0x0000000000000000
XMM[2]=0x0000000000000000 0x0000000000000000
XMM[3]=0x0000000000000000 0x0000000000000000
XMM[4]=0x0000000000000000 0x0000000000000000
XMM[5]=0x0000000000000000 0x0000000000000000
XMM[6]=0x0000000000000000 0x0000000000000000
XMM[7]=0x0000000000000000 0x0000000000000000
XMM[8]=0x0000000000000000 0x0000000000000000
XMM[9]=0x0000000000000000 0x0000000000000000
XMM[10]=0x0000000000000000 0x0000000000000000
XMM[11]=0x0000000000000000 0x0000000000000000
XMM[12]=0x0000000000000000 0x0000000000000000
XMM[13]=0x0000000000000000 0x0000000000000000
XMM[14]=0x0000000000000000 0x0000000000000000
XMM[15]=0x0000000000000000 0x0000000000000000
  MXCSR=0x00001fa0


Register to memory mapping:

RAX=0x0000000000000010 is an unknown value
RBX=0x0 is null
RCX=0xffffffffffffffff is an unknown value
RDX=0x007fffb8dd301010 is an unknown value
RSP=0x0000003fd1cfee40 is pointing into the stack for thread: 0x0000023553d10d30
RBP=0x00000235a1c61ef0 points into unknown readable memory: 0x0000000762c35e60 | 60 5e c3 62 07 00 00 00
RSI=0x0000003fd1cfefb0 is pointing into the stack for thread: 0x0000023553d10d30
RDI=0x00000235a1c61ef0 points into unknown readable memory: 0x0000000762c35e60 | 60 5e c3 62 07 00 00 00
R8 =0x0000000000000042 is an unknown value
R9 =0x0000000762c35e60 is an oop: java.lang.ref.Reference$ReferenceHandler 
{0x0000000762c35e60} - klass: 'java/lang/ref/Reference$ReferenceHandler' - flags: 

 - ---- fields (total size 14 words):
 - 'threadLocalRandomProbe' 'I' @12  0 (0x00000000)
 - private volatile 'eetop' 'J' @16  2428062714960 (0x0000023553d0cc50)
 - private final 'tid' 'J' @24  13 (0x000000000000000d)
 - 'threadLocalRandomSeed' 'J' @32  0 (0x0000000000000000)
 - injected 'jvmti_thread_state' 'J' @40  2429360801328 (0x00000235a1300630)
 - 'threadLocalRandomSecondarySeed' 'I' @48  0 (0x00000000)
 - injected 'jvmti_VTMS_transition_disable_count' 'I' @52  0 (0x00000000)
 - injected 'jfr_epoch' 'S' @56  0 (0x0000)
 - volatile 'interrupted' 'Z' @58  false (0x00)
 - injected 'jvmti_is_in_VTMS_transition' 'Z' @59  false (0x00)
 - private volatile 'name' 'Ljava/lang/String;' @60  "Reference Handler"{0x0000000761ef9da8} (0xec3df3b5)
 - private volatile 'contextClassLoader' 'Ljava/lang/ClassLoader;' @64  null (0x00000000)
 - private final 'holder' 'Ljava/lang/Thread$FieldHolder;' @68  a 'java/lang/Thread$FieldHolder'{0x0000000762ff3600} (0xec5fe6c0)
 - 'threadLocals' 'Ljava/lang/ThreadLocal$ThreadLocalMap;' @72  null (0x00000000)
 - 'inheritableThreadLocals' 'Ljava/lang/ThreadLocal$ThreadLocalMap;' @76  null (0x00000000)
 - private 'scopedValueBindings' 'Ljava/lang/Object;' @80  a 'java/lang/Class'{0x0000000761e57bb0} = 'java/lang/Thread' (0xec3caf76)
 - final 'interruptLock' 'Ljava/lang/Object;' @84  a 'java/lang/Object'{0x0000000762ff3628} (0xec5fe6c5)
 - private volatile 'parkBlocker' 'Ljava/lang/Object;' @88  null (0x00000000)
 - private 'nioBlocker' 'Lsun/nio/ch/Interruptible;' @92  null (0x00000000)
 - private 'cont' 'Ljdk/internal/vm/Continuation;' @96  null (0x00000000)
 - private volatile 'uncaughtExceptionHandler' 'Ljava/lang/Thread$UncaughtExceptionHandler;' @100  null (0x00000000)
 - private 'container' 'Ljdk/internal/vm/ThreadContainer;' @104  null (0x00000000)
 - private volatile 'headStackableScopes' 'Ljdk/internal/vm/StackableScope;' @108  null (0x00000000)
R10=0x00007fffb9049fb0 jvm.dll
R11=0x0000000000000040 is an unknown value
R12=0x0000003fd1cfefb0 is pointing into the stack for thread: 0x0000023553d10d30
R13=0x00000235990078e0 points into unknown readable memory: 0x00007fffb8fba510 | 10 a5 fb b8 ff 7f 00 00
R14=0x0000023553d110f8 points into unknown readable memory: 0x00007fffb8fb17b0 | b0 17 fb b8 ff 7f 00 00
R15=0x0000023553d110f8 points into unknown readable memory: 0x00007fffb8fb17b0 | b0 17 fb b8 ff 7f 00 00

Top of Stack: (sp=0x0000003fd1cfee40)
0x0000003fd1cfee40:   0000003fd1cfefb0 00000235a1c61ef0   ....?.......5...
0x0000003fd1cfee50:   0000000000000000 0000023553d11480   ...........S5...
0x0000003fd1cfee60:   000000000000003a 00007fffde5b2b9b   :........+[.....
0x0000003fd1cfee70:   0000000000000000 0000023553d110f8   ...........S5...
0x0000003fd1cfee80:   0000003fd1cfef01 0000000000000000   ....?...........
0x0000003fd1cfee90:   00000235a19019a0 00007fffde5b17f4   ....5.....[.....
0x0000003fd1cfeea0:   0000000000000000 000000000000003a   ........:.......
0x0000003fd1cfeeb0:   0000000000000000 000000000000003a   ........:.......
0x0000003fd1cfeec0:   0000002500000002 000002359b66e8f0   ....%.....f.5...
0x0000003fd1cfeed0:   00000235a19019a0 00000235a1901a88   ....5.......5...
0x0000003fd1cfeee0:   00000235a1901a9c 000000000000503c   ....5...<P......
0x0000003fd1cfeef0:   0000000000000000 0000000000000000   ................
0x0000003fd1cfef00:   0000000000000000 00007fffb88157d4   .........W......
0x0000003fd1cfef10:   00007fffde6f4ca0 0000000000005350   .Lo.....PS......
0x0000003fd1cfef20:   00007fffde6f4ca0 00000000ffffffff   .Lo.............
0x0000003fd1cfef30:   0000000000000000 00007fffde5b206a   ........j [.....
0x0000003fd1cfef40:   0000023553d110f8 0000000000000000   ...S5...........
0x0000003fd1cfef50:   0000003fd1cfefb9 00000235990078e0   ....?....x..5...
0x0000003fd1cfef60:   0000000000000004 0000000000000048   ........H.......
0x0000003fd1cfef70:   0000000800800310 0000000000000020   ........ .......
0x0000003fd1cfef80:   0000023553d110f8 00007fffde6f4ca0   ...S5....Lo.....
0x0000003fd1cfef90:   0000023553cf18e0 00000235a1300630   ...S5...0.0.5...
0x0000003fd1cfefa0:   0000000800800390 0000023553d110f8   ...........S5...
0x0000003fd1cfefb0:   000002359bb574b0 000002359bb57bf0   .t..5....{..5...
0x0000003fd1cfefc0:   000002359bb57bf0 00007fffde6f4ca0   .{..5....Lo.....
0x0000003fd1cfefd0:   00000235a19d3ac8 0000003fd1cff148   .:..5...H...?...
0x0000003fd1cfefe0:   0000003fd1cff280 0000000000008840   ....?...@.......
0x0000003fd1cfeff0:   0000003fd1cff460 00007fffde6f4cf0   `...?....Lo.....
0x0000003fd1cff000:   0000000000989680 0000000000989680   ................
0x0000003fd1cff010:   0000003fd1cff120 00007fffde5acc21    ...?...!.Z.....
0x0000003fd1cff020:   00007fffde6f4ca0 00007fffde6f4cf8   .Lo......Lo.....
0x0000003fd1cff030:   00007fff00000000 00007fff00000001   ................

Instructions: (pc=0x00007fffde5b26c4)
  0x00007fffde5b25c4:   cc cc cc cc cc cc cc cc cc cc cc cc cc cc cc cc
  0x00007fffde5b25d4:   cc cc cc cc cc cc cc cc cc cc cc cc cc cc cc cc
  0x00007fffde5b25e4:   cc cc cc cc cc cc cc cc cc cc cc cc cc cc cc cc
  0x00007fffde5b25f4:   cc cc cc cc cc cc cc cc cc cc cc cc cc cc cc cc
  0x00007fffde5b2604:   cc cc cc cc cc cc cc cc cc cc cc cc cc cc cc cc
  0x00007fffde5b2614:   cc cc cc cc cc cc cc cc cc cc cc cc cc cc cc cc
  0x00007fffde5b2624:   cc cc cc cc cc cc cc cc cc cc cc cc cc cc cc cc
  0x00007fffde5b2634:   cc cc cc cc cc cc cc cc cc cc cc cc cc cc cc cc
  0x00007fffde5b2644:   cc cc cc cc cc cc cc cc cc cc cc cc 40 57 48 83
  0x00007fffde5b2654:   ec 20 48 8b f9 48 8b 0d 10 28 14 00 48 85 c9 74
  0x00007fffde5b2664:   20 48 8b 01 48 8d 54 24 38 41 b8 06 00 01 00 4c
  0x00007fffde5b2674:   8b 48 30 41 ff d1 85 c0 75 07 48 8b 4c 24 38 eb
  0x00007fffde5b2684:   02 33 c9 4c 8b 05 ea 28 14 00 48 89 5c 24 30 4d
  0x00007fffde5b2694:   85 c0 74 4a 48 8b 01 48 8b d7 4c 8b 88 28 03 00
  0x00007fffde5b26a4:   00 41 ff d1 48 85 c0 74 35 48 63 0d f8 e6 13 00
  0x00007fffde5b26b4:   48 8b 14 01 48 85 d2 74 15 48 63 05 fc e6 13 00
=>0x00007fffde5b26c4:   8b 04 10 48 8b 5c 24 30 48 83 c4 20 5f c3 b8 ff
  0x00007fffde5b26d4:   ff ff ff 48 8b 5c 24 30 48 83 c4 20 5f c3 80 3d
  0x00007fffde5b26e4:   9b 27 14 00 00 bb ff ff ff ff 74 20 4c 8b 0d 31
  0x00007fffde5b26f4:   24 14 00 4c 8d 44 24 38 48 8b 0d 15 24 14 00 48
  0x00007fffde5b2704:   8b d7 41 ff d1 85 c0 0f 44 5c 24 38 8b c3 48 8b
  0x00007fffde5b2714:   5c 24 30 48 83 c4 20 5f c3 cc cc cc cc cc cc cc
  0x00007fffde5b2724:   cc cc cc cc cc cc cc cc cc cc cc cc cc cc cc cc
  0x00007fffde5b2734:   cc cc cc cc cc cc cc cc cc cc cc cc cc cc cc cc
  0x00007fffde5b2744:   cc cc cc cc cc cc cc cc cc cc cc cc 48 89 54 24
  0x00007fffde5b2754:   10 53 55 56 57 41 56 41 57 48 83 ec 28 48 8b f2
  0x00007fffde5b2764:   4c 8b f1 48 89 4c 24 78 45 33 ff 44 89 7c 24 68
  0x00007fffde5b2774:   c7 44 24 60 01 00 00 00 48 8d 4c 24 68 e8 ed 42
  0x00007fffde5b2784:   f7 ff 8b d8 48 8d 4c 24 60 e8 e1 42 f7 ff 8b e8
  0x00007fffde5b2794:   49 8b ce e8 00 fc f6 ff 48 8b f8 90 8b c3 f0 0f
  0x00007fffde5b27a4:   b1 2f 74 04 f3 90 eb f4 4c 89 3e 4c 89 7e 08 4c
  0x00007fffde5b27b4:   89 7e 10 49 8b 6e 08 4d 8b 76 10 49 3b ee 0f 84


Stack slot to memory mapping:

stack at sp + 0 slots: 0x0000003fd1cfefb0 is pointing into the stack for thread: 0x0000023553d10d30
stack at sp + 1 slots: 0x00000235a1c61ef0 points into unknown readable memory: 0x0000000762c35e60 | 60 5e c3 62 07 00 00 00
stack at sp + 2 slots: 0x0 is null
stack at sp + 3 slots: 0x0000023553d11480 points into unknown readable memory: 0x6e616c2e6176616a | 6a 61 76 61 2e 6c 61 6e
stack at sp + 4 slots: 0x000000000000003a is an unknown value
stack at sp + 5 slots: 0x00007fffde5b2b9b libasyncProfiler.dll
stack at sp + 6 slots: 0x0 is null
stack at sp + 7 slots: 0x0000023553d110f8 points into unknown readable memory: 0x00007fffb8fb17b0 | b0 17 fb b8 ff 7f 00 00

Lock stack of current Java thread (top to bottom):


---------------  P R O C E S S  ---------------

Threads class SMR info:
_java_thread_list=0x00000235a1cfd110, length=41, elements={
0x0000023553d0cc50, 0x0000023553d0e2f0, 0x0000023553d0fd20, 0x0000023553d10d30,
0x0000023553d11860, 0x0000023553d12390, 0x0000023553d14ed0, 0x00000235990a40e0,
0x00000235998a1830, 0x00000235998a0fc0, 0x0000023599bf1150, 0x0000023599f48250,
0x0000023599f99b80, 0x0000023599f76df0, 0x0000023599ff7a70, 0x000002359a442ed0,
0x000002359a440a40, 0x000002359a441190, 0x000002359a442780, 0x000002359a442030,
0x00000235a1685f00, 0x00000235a1685060, 0x00000235a1687c40, 0x00000235a1688ae0,
0x00000235a1686650, 0x00000235a1686da0, 0x00000235a1688390, 0x00000235a16857b0,
0x00000235a1689230, 0x00000235a1689980, 0x00000235a168a0d0, 0x00000235a168a820,
0x00000235a16874f0, 0x00000235a168af70, 0x00000235a17c7e40, 0x00000235a17c8590,
0x00000235a17c8ce0, 0x00000235a17c6850, 0x00000235a17c76f0, 0x00000235a1c04d80,
0x00000235a17c6fa0
}

Java Threads: ( => current thread )
  0x0000023553d0cc50 JavaThread "Reference Handler"          daemon [_thread_blocked, id=20940, stack(0x0000003fd1900000,0x0000003fd1a00000) (1024K)]
  0x0000023553d0e2f0 JavaThread "Finalizer"                  daemon [_thread_blocked, id=12264, stack(0x0000003fd1a00000,0x0000003fd1b00000) (1024K)]
  0x0000023553d0fd20 JavaThread "Signal Dispatcher"          daemon [_thread_blocked, id=23428, stack(0x0000003fd1b00000,0x0000003fd1c00000) (1024K)]
=>0x0000023553d10d30 JavaThread "Attach Listener"            daemon [_thread_in_native, id=17736, stack(0x0000003fd1c00000,0x0000003fd1d00000) (1024K)]
  0x0000023553d11860 JavaThread "Service Thread"             daemon [_thread_blocked, id=20928, stack(0x0000003fd1d00000,0x0000003fd1e00000) (1024K)]
  0x0000023553d12390 JavaThread "Monitor Deflation Thread"   daemon [_thread_blocked, id=23668, stack(0x0000003fd1e00000,0x0000003fd1f00000) (1024K)]
  0x0000023553d14ed0 JavaThread "C1 CompilerThread0"         daemon [_thread_blocked, id=2404, stack(0x0000003fd1f00000,0x0000003fd2000000) (1024K)]
  0x00000235990a40e0 JavaThread "Common-Cleaner"             daemon [_thread_blocked, id=17348, stack(0x0000003fd2200000,0x0000003fd2300000) (1024K)]
  0x00000235998a1830 JavaThread "Monitor Ctrl-Break"         daemon [_thread_in_native, id=16936, stack(0x0000003fd2300000,0x0000003fd2400000) (1024K)]
  0x00000235998a0fc0 JavaThread "Notification Thread"        daemon [_thread_blocked, id=20216, stack(0x0000003fd2400000,0x0000003fd2500000) (1024K)]
  0x0000023599bf1150 JavaThread "RMI TCP Accept-0"           daemon [_thread_in_native, id=11160, stack(0x0000003fd2500000,0x0000003fd2600000) (1024K)]
  0x0000023599f48250 JavaThread "RMI TCP Connection(1)-172.21.208.1" daemon [_thread_in_native, id=13144, stack(0x0000003fd2600000,0x0000003fd2700000) (1024K)]
  0x0000023599f99b80 JavaThread "RMI Scheduler(0)"           daemon [_thread_blocked, id=14936, stack(0x0000003fd2700000,0x0000003fd2800000) (1024K)]
  0x0000023599f76df0 JavaThread "JMX server connection timeout 29" daemon [_thread_blocked, id=8852, stack(0x0000003fd2800000,0x0000003fd2900000) (1024K)]
  0x0000023599ff7a70 JavaThread "RMI TCP Connection(2)-172.21.208.1" daemon [_thread_in_native, id=19572, stack(0x0000003fd2c00000,0x0000003fd2d00000) (1024K)]
  0x000002359a442ed0 JavaThread "HikariPool-1:housekeeper"   daemon [_thread_blocked, id=5600, stack(0x0000003fd2d00000,0x0000003fd2e00000) (1024K)]
  0x000002359a440a40 JavaThread "Catalina-utility-1"                [_thread_blocked, id=1440, stack(0x0000003fd2f00000,0x0000003fd3000000) (1024K)]
  0x000002359a441190 JavaThread "Catalina-utility-2"                [_thread_blocked, id=5616, stack(0x0000003fd3000000,0x0000003fd3100000) (1024K)]
  0x000002359a442780 JavaThread "container-0"                       [_thread_blocked, id=5936, stack(0x0000003fd3100000,0x0000003fd3200000) (1024K)]
  0x000002359a442030 JavaThread "lettuce-timer-3-1"          daemon [_thread_blocked, id=19948, stack(0x0000003fd2e00000,0x0000003fd2f00000) (1024K)]
  0x00000235a1685f00 JavaThread "http-nio-8080-exec-1"       daemon [_thread_blocked, id=6752, stack(0x0000003fd3200000,0x0000003fd3300000) (1024K)]
  0x00000235a1685060 JavaThread "http-nio-8080-exec-2"       daemon [_thread_blocked, id=10736, stack(0x0000003fd3300000,0x0000003fd3400000) (1024K)]
  0x00000235a1687c40 JavaThread "http-nio-8080-exec-3"       daemon [_thread_blocked, id=16288, stack(0x0000003fd3400000,0x0000003fd3500000) (1024K)]
  0x00000235a1688ae0 JavaThread "http-nio-8080-exec-4"       daemon [_thread_blocked, id=3140, stack(0x0000003fd3500000,0x0000003fd3600000) (1024K)]
  0x00000235a1686650 JavaThread "http-nio-8080-exec-5"       daemon [_thread_blocked, id=4524, stack(0x0000003fd3600000,0x0000003fd3700000) (1024K)]
  0x00000235a1686da0 JavaThread "http-nio-8080-exec-6"       daemon [_thread_blocked, id=22976, stack(0x0000003fd3700000,0x0000003fd3800000) (1024K)]
  0x00000235a1688390 JavaThread "http-nio-8080-exec-7"       daemon [_thread_blocked, id=19540, stack(0x0000003fd3800000,0x0000003fd3900000) (1024K)]
  0x00000235a16857b0 JavaThread "http-nio-8080-exec-8"       daemon [_thread_blocked, id=1516, stack(0x0000003fd3900000,0x0000003fd3a00000) (1024K)]
  0x00000235a1689230 JavaThread "http-nio-8080-exec-9"       daemon [_thread_blocked, id=3952, stack(0x0000003fd3a00000,0x0000003fd3b00000) (1024K)]
  0x00000235a1689980 JavaThread "http-nio-8080-exec-10"      daemon [_thread_blocked, id=13980, stack(0x0000003fd3b00000,0x0000003fd3c00000) (1024K)]
  0x00000235a168a0d0 JavaThread "http-nio-8080-Poller"       daemon [_thread_in_native, id=17692, stack(0x0000003fd3c00000,0x0000003fd3d00000) (1024K)]
  0x00000235a168a820 JavaThread "http-nio-8080-Acceptor"     daemon [_thread_in_native, id=12252, stack(0x0000003fd3d00000,0x0000003fd3e00000) (1024K)]
  0x00000235a16874f0 JavaThread "DestroyJavaVM"                     [_thread_blocked, id=9540, stack(0x0000003fd1100000,0x0000003fd1200000) (1024K)]
  0x00000235a168af70 JavaThread "RMI TCP Connection(3)-172.21.208.1" daemon [_thread_in_native, id=16708, stack(0x0000003fd3f00000,0x0000003fd4000000) (1024K)]
  0x00000235a17c7e40 JavaThread "boundedElastic-evictor-1"   daemon [_thread_blocked, id=14680, stack(0x0000003fd3e00000,0x0000003fd3f00000) (1024K)]
  0x00000235a17c8590 JavaThread "RMI TCP Connection(4)-172.21.208.1" daemon [_thread_in_native, id=6436, stack(0x0000003fd4000000,0x0000003fd4100000) (1024K)]
  0x00000235a17c8ce0 JavaThread "boundedElastic-1"           daemon [_thread_blocked, id=13912, stack(0x0000003fd4400000,0x0000003fd4500000) (1024K)]
  0x00000235a17c6850 JavaThread "lettuce-nioEventLoop-4-1"   daemon [_thread_in_native, id=12052, stack(0x0000003fd4100000,0x0000003fd4200000) (1024K)]
  0x00000235a17c76f0 JavaThread "JFR Recorder Thread"        daemon [_thread_in_native, id=14364, stack(0x0000003fd4200000,0x0000003fd4300000) (1024K)]
  0x00000235a1c04d80 JavaThread "C1 CompilerThread1"         daemon [_thread_blocked, id=7040, stack(0x0000003fd4500000,0x0000003fd4600000) (1024K)]
  0x00000235a17c6fa0 JavaThread "JFR Periodic Tasks"         daemon [_thread_blocked, id=20540, stack(0x0000003fd4600000,0x0000003fd4700000) (1024K)]
Total: 41

Other Threads:
  0x0000023553cfb160 VMThread "VM Thread"                           [id=10396, stack(0x0000003fd1800000,0x0000003fd1900000) (1024K)]
  0x0000023553ceca20 WatcherThread "VM Periodic Task Thread"        [id=18044, stack(0x0000003fd1700000,0x0000003fd1800000) (1024K)]
  0x0000023542f59730 WorkerThread "GC Thread#0"                     [id=21364, stack(0x0000003fd1200000,0x0000003fd1300000) (1024K)]
  0x0000023599fc9a70 WorkerThread "GC Thread#1"                     [id=17600, stack(0x0000003fd2900000,0x0000003fd2a00000) (1024K)]
  0x000002359a00bf80 WorkerThread "GC Thread#2"                     [id=22948, stack(0x0000003fd2a00000,0x0000003fd2b00000) (1024K)]
  0x0000023599fdd010 WorkerThread "GC Thread#3"                     [id=24004, stack(0x0000003fd2b00000,0x0000003fd2c00000) (1024K)]
  0x0000023542f67e60 ConcurrentGCThread "G1 Main Marker"            [id=20332, stack(0x0000003fd1300000,0x0000003fd1400000) (1024K)]
  0x0000023542f6c330 WorkerThread "G1 Conc#0"                       [id=16060, stack(0x0000003fd1400000,0x0000003fd1500000) (1024K)]
  0x0000023553bc10b0 ConcurrentGCThread "G1 Refine#0"               [id=10956, stack(0x0000003fd1500000,0x0000003fd1600000) (1024K)]
  0x0000023553bc19d0 ConcurrentGCThread "G1 Service"                [id=24368, stack(0x0000003fd1600000,0x0000003fd1700000) (1024K)]
Total: 10

Threads with active compile tasks:
Total: 0

VM state: not at safepoint (normal execution)

VM Mutex/Monitor currently owned by a thread: None

Heap address: 0x0000000760e00000, size: 2546 MB, Compressed Oops mode: Zero based, Oop shift amount: 3

CDS archive(s) mapped at: [0x0000023554000000-0x0000023554d40000-0x0000023554d40000), size 13893632, SharedBaseAddress: 0x0000023554000000, ArchiveRelocationMode: 1.
Compressed class space mapped at: 0x0000023555000000-0x0000023595000000, reserved size: 1073741824
UseCompressedClassPointers 1, UseCompactObjectHeaders 0
Narrow klass pointer bits 32, Max shift 3
Narrow klass base: 0x0000023554000000, Narrow klass shift: 0
Encoding Range: [0x0000023554000000 - 0x0000023654000000), (4294967296 bytes)
Klass Range:    [0x0000023554000000 - 0x0000023595000000), (1090519040 bytes)
Klass ID Range:  [8 - 1090519033) (1090519025)

GC Precious Log:
 CardTable entry size: 512
 Card Set container configuration: InlinePtr #cards 4 size 8 Array Of Cards #cards 16 size 48 Howl #buckets 8 coarsen threshold 3686 Howl Bitmap #cards 512 size 80 coarsen threshold 460 Card regions per heap region 1 cards per card region 4096
 CPUs: 4 total, 4 available
 Memory: 10177M
 Large Page Support: Disabled
 NUMA Support: Disabled
 Compressed Oops: Enabled (Zero based)
 Heap Region Size: 2M
 Heap Min Capacity: 8M
 Heap Initial Capacity: 160M
 Heap Max Capacity: 2546M
 Pre-touch: Disabled
 Parallel Workers: 4
 Concurrent Workers: 1
 Concurrent Refinement Workers: 4
 Periodic GC: Disabled

Heap:
 garbage-first heap   total reserved 2607104K, committed 153600K, used 90275K [0x0000000760e00000, 0x0000000800000000)
  region size 2048K, 19 young (38912K), 3 survivors (6144K)
 Metaspace       used 101287K, committed 102016K, reserved 1179648K
  class space    used 11935K, committed 12224K, reserved 1048576K

Heap Regions: E=young(eden), S=young(survivor), O=old, HS=humongous(starts), HC=humongous(continues), CS=collection set, F=free, TAMS=top-at-mark-start, PB=parsable bottom
|   0|0x0000000760e00000, 0x0000000761000000, 0x0000000761000000|100%| O|  |TAMS 0x0000000760e00000| PB 0x0000000760e00000| Untracked |  0
|   1|0x0000000761000000, 0x0000000761200000, 0x0000000761200000|100%| O|  |TAMS 0x0000000761000000| PB 0x0000000761000000| Untracked |  0
|   2|0x0000000761200000, 0x0000000761400000, 0x0000000761400000|100%| O|  |TAMS 0x0000000761200000| PB 0x0000000761200000| Untracked |  0
|   3|0x0000000761400000, 0x0000000761600000, 0x0000000761600000|100%| O|  |TAMS 0x0000000761400000| PB 0x0000000761400000| Untracked |  0
|   4|0x0000000761600000, 0x0000000761800000, 0x0000000761800000|100%| O|  |TAMS 0x0000000761600000| PB 0x0000000761600000| Untracked |  0
|   5|0x0000000761800000, 0x0000000761a00000, 0x0000000761a00000|100%| O|  |TAMS 0x0000000761800000| PB 0x0000000761800000| Untracked |  0
|   6|0x0000000761a00000, 0x0000000761c00000, 0x0000000761c00000|100%| O|  |TAMS 0x0000000761a00000| PB 0x0000000761a00000| Untracked |  0
|   7|0x0000000761c00000, 0x0000000761e00000, 0x0000000761e00000|100%| O|  |TAMS 0x0000000761c00000| PB 0x0000000761c00000| Untracked |  0
|   8|0x0000000761e00000, 0x0000000762000000, 0x0000000762000000|100%| O|  |TAMS 0x0000000761e00000| PB 0x0000000761e00000| Untracked |  0
|   9|0x0000000762000000, 0x0000000762200000, 0x0000000762200000|100%| O|  |TAMS 0x0000000762000000| PB 0x0000000762000000| Untracked |  0
|  10|0x0000000762200000, 0x0000000762400000, 0x0000000762400000|100%| O|  |TAMS 0x0000000762200000| PB 0x0000000762200000| Untracked |  0
|  11|0x0000000762400000, 0x0000000762600000, 0x0000000762600000|100%| O|  |TAMS 0x0000000762400000| PB 0x0000000762400000| Untracked |  0
|  12|0x0000000762600000, 0x0000000762800000, 0x0000000762800000|100%| O|  |TAMS 0x0000000762600000| PB 0x0000000762600000| Untracked |  0
|  13|0x0000000762800000, 0x0000000762a00000, 0x0000000762a00000|100%| O|  |TAMS 0x0000000762800000| PB 0x0000000762800000| Untracked |  0
|  14|0x0000000762a00000, 0x0000000762c00000, 0x0000000762c00000|100%| O|  |TAMS 0x0000000762a00000| PB 0x0000000762a00000| Untracked |  0
|  15|0x0000000762c00000, 0x0000000762e00000, 0x0000000762e00000|100%| O|  |TAMS 0x0000000762c00000| PB 0x0000000762c00000| Untracked |  0
|  16|0x0000000762e00000, 0x0000000763000000, 0x0000000763000000|100%| O|  |TAMS 0x0000000762e00000| PB 0x0000000762e00000| Untracked |  0
|  17|0x0000000763000000, 0x0000000763200000, 0x0000000763200000|100%| O|  |TAMS 0x0000000763000000| PB 0x0000000763000000| Untracked |  0
|  18|0x0000000763200000, 0x0000000763400000, 0x0000000763400000|100%| O|  |TAMS 0x0000000763200000| PB 0x0000000763200000| Untracked |  0
|  19|0x0000000763400000, 0x0000000763600000, 0x0000000763600000|100%| O|  |TAMS 0x0000000763400000| PB 0x0000000763400000| Untracked |  0
|  20|0x0000000763600000, 0x0000000763800000, 0x0000000763800000|100%| O|  |TAMS 0x0000000763600000| PB 0x0000000763600000| Untracked |  0
|  21|0x0000000763800000, 0x0000000763888a70, 0x0000000763a00000| 26%| O|  |TAMS 0x0000000763800000| PB 0x0000000763800000| Untracked |  0
|  22|0x0000000763a00000, 0x0000000763c00000, 0x0000000763c00000|100%| O|  |TAMS 0x0000000763a00000| PB 0x0000000763a00000| Untracked |  0
|  23|0x0000000763c00000, 0x0000000763e00000, 0x0000000763e00000|100%| O|Cm|TAMS 0x0000000763c00000| PB 0x0000000763c00000| Complete |  0
|  24|0x0000000763e00000, 0x0000000764000000, 0x0000000764000000|100%|HS|  |TAMS 0x0000000763e00000| PB 0x0000000763e00000| Complete |  0
|  25|0x0000000764000000, 0x0000000764200000, 0x0000000764200000|100%|HC|  |TAMS 0x0000000764000000| PB 0x0000000764000000| Complete |  0
|  26|0x0000000764200000, 0x0000000764400000, 0x0000000764400000|100%|HC|  |TAMS 0x0000000764200000| PB 0x0000000764200000| Complete |  0
|  27|0x0000000764400000, 0x0000000764400000, 0x0000000764600000|  0%| F|  |TAMS 0x0000000764400000| PB 0x0000000764400000| Untracked |  0
|  28|0x0000000764600000, 0x0000000764600000, 0x0000000764800000|  0%| F|  |TAMS 0x0000000764600000| PB 0x0000000764600000| Untracked |  0
|  29|0x0000000764800000, 0x0000000764800000, 0x0000000764a00000|  0%| F|  |TAMS 0x0000000764800000| PB 0x0000000764800000| Untracked |  0
|  30|0x0000000764a00000, 0x0000000764a00000, 0x0000000764c00000|  0%| F|  |TAMS 0x0000000764a00000| PB 0x0000000764a00000| Untracked |  0
|  31|0x0000000764c00000, 0x0000000764c00000, 0x0000000764e00000|  0%| F|  |TAMS 0x0000000764c00000| PB 0x0000000764c00000| Untracked |  0
|  32|0x0000000764e00000, 0x0000000764e00000, 0x0000000765000000|  0%| F|  |TAMS 0x0000000764e00000| PB 0x0000000764e00000| Untracked |  0
|  33|0x0000000765000000, 0x0000000765000000, 0x0000000765200000|  0%| F|  |TAMS 0x0000000765000000| PB 0x0000000765000000| Untracked |  0
|  34|0x0000000765200000, 0x0000000765200000, 0x0000000765400000|  0%| F|  |TAMS 0x0000000765200000| PB 0x0000000765200000| Untracked |  0
|  35|0x0000000765400000, 0x0000000765400000, 0x0000000765600000|  0%| F|  |TAMS 0x0000000765400000| PB 0x0000000765400000| Untracked |  0
|  36|0x0000000765600000, 0x0000000765600000, 0x0000000765800000|  0%| F|  |TAMS 0x0000000765600000| PB 0x0000000765600000| Untracked |  0
|  37|0x0000000765800000, 0x00000007659a0500, 0x0000000765a00000| 81%| S|CS|TAMS 0x0000000765800000| PB 0x0000000765800000| Complete |  0
|  38|0x0000000765a00000, 0x0000000765c00000, 0x0000000765c00000|100%| S|CS|TAMS 0x0000000765a00000| PB 0x0000000765a00000| Complete |  0
|  39|0x0000000765c00000, 0x0000000765e00000, 0x0000000765e00000|100%| S|CS|TAMS 0x0000000765c00000| PB 0x0000000765c00000| Complete |  0
|  40|0x0000000765e00000, 0x0000000765e00000, 0x0000000766000000|  0%| F|  |TAMS 0x0000000765e00000| PB 0x0000000765e00000| Untracked |  0
|  41|0x0000000766000000, 0x0000000766000000, 0x0000000766200000|  0%| F|  |TAMS 0x0000000766000000| PB 0x0000000766000000| Untracked |  0
|  42|0x0000000766200000, 0x0000000766200000, 0x0000000766400000|  0%| F|  |TAMS 0x0000000766200000| PB 0x0000000766200000| Untracked |  0
|  43|0x0000000766400000, 0x0000000766400000, 0x0000000766600000|  0%| F|  |TAMS 0x0000000766400000| PB 0x0000000766400000| Untracked |  0
|  44|0x0000000766600000, 0x0000000766600000, 0x0000000766800000|  0%| F|  |TAMS 0x0000000766600000| PB 0x0000000766600000| Untracked |  0
|  45|0x0000000766800000, 0x0000000766800000, 0x0000000766a00000|  0%| F|  |TAMS 0x0000000766800000| PB 0x0000000766800000| Untracked |  0
|  46|0x0000000766a00000, 0x0000000766a00000, 0x0000000766c00000|  0%| F|  |TAMS 0x0000000766a00000| PB 0x0000000766a00000| Untracked |  0
|  47|0x0000000766c00000, 0x0000000766c00000, 0x0000000766e00000|  0%| F|  |TAMS 0x0000000766c00000| PB 0x0000000766c00000| Untracked |  0
|  48|0x0000000766e00000, 0x0000000766e00000, 0x0000000767000000|  0%| F|  |TAMS 0x0000000766e00000| PB 0x0000000766e00000| Untracked |  0
|  49|0x0000000767000000, 0x0000000767000000, 0x0000000767200000|  0%| F|  |TAMS 0x0000000767000000| PB 0x0000000767000000| Untracked |  0
|  50|0x0000000767200000, 0x0000000767200000, 0x0000000767400000|  0%| F|  |TAMS 0x0000000767200000| PB 0x0000000767200000| Untracked |  0
|  51|0x0000000767400000, 0x0000000767400000, 0x0000000767600000|  0%| F|  |TAMS 0x0000000767400000| PB 0x0000000767400000| Untracked |  0
|  52|0x0000000767600000, 0x0000000767600000, 0x0000000767800000|  0%| F|  |TAMS 0x0000000767600000| PB 0x0000000767600000| Untracked |  0
|  53|0x0000000767800000, 0x0000000767800000, 0x0000000767a00000|  0%| F|  |TAMS 0x0000000767800000| PB 0x0000000767800000| Untracked |  0
|  54|0x0000000767a00000, 0x0000000767a00000, 0x0000000767c00000|  0%| F|  |TAMS 0x0000000767a00000| PB 0x0000000767a00000| Untracked |  0
|  55|0x0000000767c00000, 0x0000000767c00000, 0x0000000767e00000|  0%| F|  |TAMS 0x0000000767c00000| PB 0x0000000767c00000| Untracked |  0
|  56|0x0000000767e00000, 0x0000000767e00000, 0x0000000768000000|  0%| F|  |TAMS 0x0000000767e00000| PB 0x0000000767e00000| Untracked |  0
|  57|0x0000000768000000, 0x0000000768000000, 0x0000000768200000|  0%| F|  |TAMS 0x0000000768000000| PB 0x0000000768000000| Untracked |  0
|  58|0x0000000768200000, 0x0000000768200000, 0x0000000768400000|  0%| F|  |TAMS 0x0000000768200000| PB 0x0000000768200000| Untracked |  0
|  59|0x0000000768400000, 0x0000000768530588, 0x0000000768600000| 59%| E|  |TAMS 0x0000000768400000| PB 0x0000000768400000| Complete |  0
|  60|0x0000000768600000, 0x0000000768800000, 0x0000000768800000|100%| E|CS|TAMS 0x0000000768600000| PB 0x0000000768600000| Complete |  0
|  61|0x0000000768800000, 0x0000000768a00000, 0x0000000768a00000|100%| E|CS|TAMS 0x0000000768800000| PB 0x0000000768800000| Complete |  0
|  62|0x0000000768a00000, 0x0000000768c00000, 0x0000000768c00000|100%| E|CS|TAMS 0x0000000768a00000| PB 0x0000000768a00000| Complete |  0
|  63|0x0000000768c00000, 0x0000000768e00000, 0x0000000768e00000|100%| E|CS|TAMS 0x0000000768c00000| PB 0x0000000768c00000| Complete |  0
|  64|0x0000000768e00000, 0x0000000769000000, 0x0000000769000000|100%| E|CS|TAMS 0x0000000768e00000| PB 0x0000000768e00000| Complete |  0
|  65|0x0000000769000000, 0x0000000769200000, 0x0000000769200000|100%| E|CS|TAMS 0x0000000769000000| PB 0x0000000769000000| Complete |  0
|  66|0x0000000769200000, 0x0000000769400000, 0x0000000769400000|100%| E|CS|TAMS 0x0000000769200000| PB 0x0000000769200000| Complete |  0
|  67|0x0000000769400000, 0x0000000769600000, 0x0000000769600000|100%| E|CS|TAMS 0x0000000769400000| PB 0x0000000769400000| Complete |  0
|  68|0x0000000769600000, 0x0000000769800000, 0x0000000769800000|100%| E|CS|TAMS 0x0000000769600000| PB 0x0000000769600000| Complete |  0
|  69|0x0000000769800000, 0x0000000769a00000, 0x0000000769a00000|100%| E|CS|TAMS 0x0000000769800000| PB 0x0000000769800000| Complete |  0
|  74|0x000000076a200000, 0x000000076a400000, 0x000000076a400000|100%| E|CS|TAMS 0x000000076a200000| PB 0x000000076a200000| Complete |  0
|  75|0x000000076a400000, 0x000000076a600000, 0x000000076a600000|100%| E|CS|TAMS 0x000000076a400000| PB 0x000000076a400000| Complete |  0
|  76|0x000000076a600000, 0x000000076a800000, 0x000000076a800000|100%| E|CS|TAMS 0x000000076a600000| PB 0x000000076a600000| Complete |  0
|  79|0x000000076ac00000, 0x000000076ae00000, 0x000000076ae00000|100%| E|CS|TAMS 0x000000076ac00000| PB 0x000000076ac00000| Complete |  0
|1272|0x00000007ffe00000, 0x0000000800000000, 0x0000000800000000|100%| E|CS|TAMS 0x00000007ffe00000| PB 0x00000007ffe00000| Complete |  0

Card table byte_map: [0x000002354eca0000,0x000002354f1a0000] _byte_map_base: 0x000002354b199000

Marking Bits: (CMBitMap*) 0x0000023542f59e40
 Bits: [0x000002354f1a0000, 0x0000023551968000)

Polling page: 0x0000023540a80000

Metaspace:

Usage:
  Non-class:     87.26 MB used.
      Class:     11.66 MB used.
       Both:     98.91 MB used.

Virtual space:
  Non-class space:      128.00 MB reserved,      87.69 MB ( 69%) committed,  2 nodes.
      Class space:        1.00 GB reserved,      11.94 MB (  1%) committed,  1 nodes.
             Both:        1.12 GB reserved,      99.62 MB (  9%) committed. 

Chunk freelists:
   Non-Class:  8.17 MB
       Class:  4.07 MB
        Both:  12.24 MB

MaxMetaspaceSize: unlimited
CompressedClassSpaceSize: 1.00 GB
Initial GC threshold: 21.00 MB
Current GC threshold: 147.00 MB
CDS: on
 - commit_granule_bytes: 65536.
 - commit_granule_words: 8192.
 - virtual_space_node_default_size: 8388608.
 - enlarge_chunks_in_place: 1.
UseCompressedClassPointers 1, UseCompactObjectHeaders 0
Narrow klass pointer bits 32, Max shift 3
Narrow klass base: 0x0000023554000000, Narrow klass shift: 0
Encoding Range: [0x0000023554000000 - 0x0000023654000000), (4294967296 bytes)
Klass Range:    [0x0000023554000000 - 0x0000023595000000), (1090519040 bytes)
Klass ID Range:  [8 - 1090519033) (1090519025)


Internal statistics:

num_allocs_failed_limit: 9.
num_arena_births: 1086.
num_arena_deaths: 0.
num_vsnodes_births: 3.
num_vsnodes_deaths: 0.
num_space_committed: 1594.
num_space_uncommitted: 0.
num_chunks_returned_to_freelist: 9.
num_chunks_taken_from_freelist: 4666.
num_chunk_merges: 9.
num_chunk_splits: 3508.
num_chunks_enlarged: 2922.
num_inconsistent_stats: 0.

CodeCache: size=49152Kb used=13262Kb max_used=13600Kb free=35889Kb
 bounds [0x000002354b7a0000, 0x000002354c4f0000, 0x000002354e7a0000]
 total_blobs=9870, nmethods=9051, adapters=743, full_count=0
Compilation: enabled, stopped_count=0, restarted_count=0

Compilation events (20 events):
Event: 36.052 Thread 0x0000023553d14ed0 9180       1       java.lang.classfile.CompoundElement$1::accept (9 bytes)
Event: 36.052 Thread 0x00000235a1c04d80 9181       1       java.lang.classfile.CompoundElement$1::accept (12 bytes)
Event: 36.053 Thread 0x0000023553d14ed0 nmethod 9180 0x000002354b9b8188 code [0x000002354b9b82a0, 0x000002354b9b83f0]
Event: 36.053 Thread 0x00000235a1c04d80 nmethod 9181 0x000002354b9b7e88 code [0x000002354b9b7fa0, 0x000002354b9b8098]
Event: 36.053 Thread 0x0000023553d14ed0 9179       1       jdk.internal.classfile.impl.ClassReaderImpl::checkTag (217 bytes)
Event: 36.053 Thread 0x00000235a1c04d80 9182       1       jdk.internal.constant.ClassOrInterfaceDescImpl::hashCode (8 bytes)
Event: 36.053 Thread 0x00000235a1c04d80 nmethod 9182 0x000002354b9b7b88 code [0x000002354b9b7ca0, 0x000002354b9b7d88]
Event: 36.053 Thread 0x00000235a1c04d80 9183       1       jdk.internal.classfile.impl.BlockCodeBuilderImpl::with (9 bytes)
Event: 36.053 Thread 0x0000023553d14ed0 nmethod 9179 0x000002354b9b7308 code [0x000002354b9b7480, 0x000002354b9b7b30]
Event: 36.053 Thread 0x00000235a1c04d80 nmethod 9183 0x000002354b9b7008 code [0x000002354b9b7120, 0x000002354b9b7258]
Event: 36.053 Thread 0x0000023553d14ed0 9184       1       jdk.internal.classfile.impl.BlockCodeBuilderImpl::with (83 bytes)
Event: 36.053 Thread 0x00000235a1c04d80 9185       1       jdk.internal.classfile.impl.BytecodeHelpers::isUnconditionalBranch (64 bytes)
Event: 36.053 Thread 0x00000235a1c04d80 nmethod 9185 0x000002354b9b6d08 code [0x000002354b9b6e20, 0x000002354b9b6f38]
Event: 36.053 Thread 0x00000235a1c04d80 9186       1       jdk.internal.classfile.impl.BoundAttribute::attributeMapper (5 bytes)
Event: 36.053 Thread 0x0000023553d14ed0 nmethod 9184 0x000002354b9b6708 code [0x000002354b9b6860, 0x000002354b9b6c80]
Event: 36.053 Thread 0x00000235a1c04d80 nmethod 9186 0x000002354b9b6408 code [0x000002354b9b6500, 0x000002354b9b65c8]
Event: 36.100 Thread 0x00000235a1c04d80 9187       1       jdk.jfr.internal.periodic.EventTask::getEventType (5 bytes)
Event: 36.100 Thread 0x0000023553d14ed0 9188       1       jdk.jfr.internal.periodic.PeriodicTask::getPeriod (5 bytes)
Event: 36.100 Thread 0x00000235a1c04d80 nmethod 9187 0x000002354b9b6108 code [0x000002354b9b6200, 0x000002354b9b62c8]
Event: 36.100 Thread 0x0000023553d14ed0 nmethod 9188 0x000002354b9b5e08 code [0x000002354b9b5f00, 0x000002354b9b5fc8]

GC Heap History (20 events):
Event: 11.204 GC heap before
{Heap before GC invocations=12 (full 0):
 garbage-first heap   total reserved 2607104K, committed 83968K, used 67758K [0x0000000760e00000, 0x0000000800000000)
  region size 2048K, 20 young (40960K), 1 survivors (2048K)
 Metaspace       used 59932K, committed 60480K, reserved 1114112K
  class space    used 6587K, committed 6784K, reserved 1048576K
}
Event: 11.213 GC heap after
{Heap after GC invocations=13 (full 0):
 garbage-first heap   total reserved 2607104K, committed 83968K, used 33942K [0x0000000760e00000, 0x0000000800000000)
  region size 2048K, 3 young (6144K), 3 survivors (6144K)
 Metaspace       used 59932K, committed 60480K, reserved 1114112K
  class space    used 6587K, committed 6784K, reserved 1048576K
}
Event: 11.216 GC heap before
{Heap before GC invocations=13 (full 0):
 garbage-first heap   total reserved 2607104K, committed 83968K, used 33942K [0x0000000760e00000, 0x0000000800000000)
  region size 2048K, 4 young (8192K), 3 survivors (6144K)
 Metaspace       used 59996K, committed 60480K, reserved 1114112K
  class space    used 6589K, committed 6784K, reserved 1048576K
}
Event: 11.227 GC heap after
{Heap after GC invocations=14 (full 0):
 garbage-first heap   total reserved 2607104K, committed 83968K, used 33633K [0x0000000760e00000, 0x0000000800000000)
  region size 2048K, 2 young (4096K), 2 survivors (4096K)
 Metaspace       used 59996K, committed 60480K, reserved 1114112K
  class space    used 6589K, committed 6784K, reserved 1048576K
}
Event: 12.310 GC heap before
{Heap before GC invocations=15 (full 0):
 garbage-first heap   total reserved 2607104K, committed 83968K, used 68449K [0x0000000760e00000, 0x0000000800000000)
  region size 2048K, 20 young (40960K), 2 survivors (4096K)
 Metaspace       used 70036K, committed 70592K, reserved 1114112K
  class space    used 7813K, committed 8064K, reserved 1048576K
}
Event: 12.319 GC heap after
{Heap after GC invocations=16 (full 0):
 garbage-first heap   total reserved 2607104K, committed 83968K, used 35262K [0x0000000760e00000, 0x0000000800000000)
  region size 2048K, 3 young (6144K), 3 survivors (6144K)
 Metaspace       used 70036K, committed 70592K, reserved 1114112K
  class space    used 7813K, committed 8064K, reserved 1048576K
}
Event: 13.306 GC heap before
{Heap before GC invocations=16 (full 0):
 garbage-first heap   total reserved 2607104K, committed 83968K, used 68030K [0x0000000760e00000, 0x0000000800000000)
  region size 2048K, 19 young (38912K), 3 survivors (6144K)
 Metaspace       used 75885K, committed 76480K, reserved 1179648K
  class space    used 8454K, committed 8704K, reserved 1048576K
}
Event: 13.343 GC heap after
{Heap after GC invocations=17 (full 0):
 garbage-first heap   total reserved 2607104K, committed 83968K, used 37762K [0x0000000760e00000, 0x0000000800000000)
  region size 2048K, 3 young (6144K), 3 survivors (6144K)
 Metaspace       used 75885K, committed 76480K, reserved 1179648K
  class space    used 8454K, committed 8704K, reserved 1048576K
}
Event: 14.316 GC heap before
{Heap before GC invocations=17 (full 0):
 garbage-first heap   total reserved 2607104K, committed 83968K, used 70530K [0x0000000760e00000, 0x0000000800000000)
  region size 2048K, 19 young (38912K), 3 survivors (6144K)
 Metaspace       used 80070K, committed 80640K, reserved 1179648K
  class space    used 9309K, committed 9536K, reserved 1048576K
}
Event: 14.336 GC heap after
{Heap after GC invocations=18 (full 0):
 garbage-first heap   total reserved 2607104K, committed 83968K, used 41202K [0x0000000760e00000, 0x0000000800000000)
  region size 2048K, 3 young (6144K), 3 survivors (6144K)
 Metaspace       used 80070K, committed 80640K, reserved 1179648K
  class space    used 9309K, committed 9536K, reserved 1048576K
}
Event: 14.551 GC heap before
{Heap before GC invocations=18 (full 0):
 garbage-first heap   total reserved 2607104K, committed 83968K, used 69874K [0x0000000760e00000, 0x0000000800000000)
  region size 2048K, 17 young (34816K), 3 survivors (6144K)
 Metaspace       used 81943K, committed 82496K, reserved 1179648K
  class space    used 9528K, committed 9728K, reserved 1048576K
}
Event: 14.569 GC heap after
{Heap after GC invocations=19 (full 0):
 garbage-first heap   total reserved 2607104K, committed 83968K, used 44475K [0x0000000760e00000, 0x0000000800000000)
  region size 2048K, 2 young (4096K), 2 survivors (4096K)
 Metaspace       used 81943K, committed 82496K, reserved 1179648K
  class space    used 9528K, committed 9728K, reserved 1048576K
}
Event: 14.711 GC heap before
{Heap before GC invocations=20 (full 0):
 garbage-first heap   total reserved 2607104K, committed 83968K, used 71099K [0x0000000760e00000, 0x0000000800000000)
  region size 2048K, 15 young (30720K), 2 survivors (4096K)
 Metaspace       used 81943K, committed 82496K, reserved 1179648K
  class space    used 9528K, committed 9728K, reserved 1048576K
}
Event: 14.720 GC heap after
{Heap after GC invocations=21 (full 0):
 garbage-first heap   total reserved 2607104K, committed 83968K, used 46223K [0x0000000760e00000, 0x0000000800000000)
  region size 2048K, 2 young (4096K), 2 survivors (4096K)
 Metaspace       used 81943K, committed 82496K, reserved 1179648K
  class space    used 9528K, committed 9728K, reserved 1048576K
}
Event: 14.849 GC heap before
{Heap before GC invocations=21 (full 0):
 garbage-first heap   total reserved 2607104K, committed 83968K, used 72847K [0x0000000760e00000, 0x0000000800000000)
  region size 2048K, 15 young (30720K), 2 survivors (4096K)
 Metaspace       used 81943K, committed 82496K, reserved 1179648K
  class space    used 9528K, committed 9728K, reserved 1048576K
}
Event: 14.855 GC heap after
{Heap after GC invocations=22 (full 0):
 garbage-first heap   total reserved 2607104K, committed 153600K, used 43138K [0x0000000760e00000, 0x0000000800000000)
  region size 2048K, 1 young (2048K), 1 survivors (2048K)
 Metaspace       used 81943K, committed 82496K, reserved 1179648K
  class space    used 9528K, committed 9728K, reserved 1048576K
}
Event: 16.883 GC heap before
{Heap before GC invocations=22 (full 0):
 garbage-first heap   total reserved 2607104K, committed 153600K, used 120962K [0x0000000760e00000, 0x0000000800000000)
  region size 2048K, 39 young (79872K), 1 survivors (2048K)
 Metaspace       used 89445K, committed 90176K, reserved 1179648K
  class space    used 10452K, committed 10752K, reserved 1048576K
}
Event: 16.895 GC heap after
{Heap after GC invocations=23 (full 0):
 garbage-first heap   total reserved 2607104K, committed 153600K, used 48279K [0x0000000760e00000, 0x0000000800000000)
  region size 2048K, 3 young (6144K), 3 survivors (6144K)
 Metaspace       used 89445K, committed 90176K, reserved 1179648K
  class space    used 10452K, committed 10752K, reserved 1048576K
}
Event: 19.340 GC heap before
{Heap before GC invocations=24 (full 0):
 garbage-first heap   total reserved 2607104K, committed 153600K, used 119959K [0x0000000760e00000, 0x0000000800000000)
  region size 2048K, 38 young (77824K), 3 survivors (6144K)
 Metaspace       used 95799K, committed 96512K, reserved 1179648K
  class space    used 11290K, committed 11584K, reserved 1048576K
}
Event: 19.357 GC heap after
{Heap after GC invocations=25 (full 0):
 garbage-first heap   total reserved 2607104K, committed 153600K, used 53411K [0x0000000760e00000, 0x0000000800000000)
  region size 2048K, 3 young (6144K), 3 survivors (6144K)
 Metaspace       used 95799K, committed 96512K, reserved 1179648K
  class space    used 11290K, committed 11584K, reserved 1048576K
}

Dll operation events (13 events):
Event: 0.252 Loaded shared library C:\Program Files\Java\jdk-24\bin\java.dll
Event: 0.607 Loaded shared library C:\Program Files\Java\jdk-24\bin\zip.dll
Event: 0.616 Loaded shared library C:\Program Files\Java\jdk-24\bin\instrument.dll
Event: 0.625 Loaded shared library C:\Program Files\Java\jdk-24\bin\net.dll
Event: 0.629 Loaded shared library C:\Program Files\Java\jdk-24\bin\nio.dll
Event: 0.637 Loaded shared library C:\Program Files\Java\jdk-24\bin\zip.dll
Event: 0.757 Loaded shared library C:\Program Files\Java\jdk-24\bin\jimage.dll
Event: 1.063 Loaded shared library C:\Program Files\Java\jdk-24\bin\extnet.dll
Event: 1.076 Loaded shared library C:\Program Files\Java\jdk-24\bin\management.dll
Event: 1.095 Loaded shared library C:\Program Files\Java\jdk-24\bin\management_ext.dll
Event: 5.798 Loaded shared library C:\Program Files\Java\jdk-24\bin\sunmscapi.dll
Event: 10.056 Loaded shared library C:\Program Files\Java\jdk-24\bin\verify.dll
Event: 35.725 Loaded shared library C:\Users\Thayn\AppData\Local\Temp\idea_libasyncProfiler_dll_temp_folder1\libasyncProfiler.dll

Deoptimization events (2 events):
Event: 20.154 Thread 0x00000235a168af70 DEOPT PACKING pc=0x000002354c4151ec sp=0x0000003fd3ffbcf0
Event: 20.154 Thread 0x00000235a168af70 DEOPT UNPACKING pc=0x000002354b7f5722 sp=0x0000003fd3ffb300 mode 0

Classes loaded (20 events):
Event: 36.041 Loading class jdk/internal/classfile/impl/LineNumberImpl
Event: 36.041 Loading class java/lang/classfile/instruction/LineNumber
Event: 36.041 Loading class java/lang/classfile/instruction/LineNumber done
Event: 36.041 Loading class jdk/internal/classfile/impl/LineNumberImpl done
Event: 36.042 Loading class jdk/internal/classfile/impl/DirectCodeBuilder$DedupLineNumberTableAttribute
Event: 36.042 Loading class jdk/internal/classfile/impl/DirectCodeBuilder$DedupLineNumberTableAttribute done
Event: 36.042 Loading class jdk/internal/classfile/impl/AbstractInstruction$BoundInvokeInstruction
Event: 36.042 Loading class jdk/internal/classfile/impl/AbstractInstruction$BoundInstruction
Event: 36.043 Loading class jdk/internal/classfile/impl/AbstractInstruction$BoundInstruction done
Event: 36.043 Loading class jdk/internal/classfile/impl/AbstractInstruction$BoundInvokeInstruction done
Event: 36.043 Loading class jdk/internal/classfile/impl/AbstractInstruction$BoundFieldInstruction
Event: 36.043 Loading class jdk/internal/classfile/impl/AbstractInstruction$BoundFieldInstruction done
Event: 36.044 Loading class jdk/internal/classfile/impl/DirectCodeBuilder$2
Event: 36.044 Loading class jdk/internal/classfile/impl/DirectCodeBuilder$2 done
Event: 36.045 Loading class jdk/internal/classfile/impl/StackMapGenerator$RawExceptionCatch
Event: 36.045 Loading class jdk/internal/classfile/impl/StackMapGenerator$RawExceptionCatch done
Event: 36.046 Loading class jdk/internal/classfile/impl/AbstractInstruction$BoundLoadConstantInstruction
Event: 36.046 Loading class jdk/internal/classfile/impl/AbstractInstruction$BoundLoadConstantInstruction done
Event: 36.095 Loading class jdk/jfr/internal/periodic/PeriodicType
Event: 36.095 Loading class jdk/jfr/internal/periodic/PeriodicType done

Classes unloaded (0 events):
No events

Classes redefined (4 events):
Event: 36.065 Thread 0x0000023553cfb160 redefined class name=io.lettuce.core.event.connection.JfrConnectionActivatedEvent, count=1
Event: 36.065 Thread 0x0000023553cfb160 redefined class name=io.lettuce.core.event.connection.JfrConnectedEvent, count=1
Event: 36.065 Thread 0x0000023553cfb160 redefined class name=io.lettuce.core.event.connection.JfrConnectEvent, count=1
Event: 36.065 Thread 0x0000023553cfb160 redefined class name=io.lettuce.core.event.connection.JfrConnectionCreatedEvent, count=1

Internal exceptions (20 events):
Event: 17.958 Thread 0x0000023542f0f670 Exception <a 'java/lang/NoSuchMethodError'{0x0000000767dc1190}: 'double java.lang.invoke.DirectMethodHandle$Holder.invokeStatic(java.lang.Object, java.lang.Object, java.lang.Object)'> (0x0000000767dc1190) 
thrown [s\open\src\hotspot\share\interpreter\linkResolver.cpp, line 805]
Event: 17.990 Thread 0x0000023542f0f670 Exception <a 'java/lang/IncompatibleClassChangeError'{0x0000000767b86a40}: Found class java.lang.Object, but interface was expected> (0x0000000767b86a40) 
thrown [s\open\src\hotspot\share\interpreter\linkResolver.cpp, line 872]
Event: 18.012 Thread 0x0000023542f0f670 Exception <a 'java/lang/NoSuchMethodError'{0x000000076786d988}: 'java.lang.Object java.lang.invoke.DirectMethodHandle$Holder.newInvokeSpecial(java.lang.Object, java.lang.Object, int, java.lang.Object, java.lang.Object)'> (0x000000076786d988) 
thrown [s\open\src\hotspot\share\interpreter\linkResolver.cpp, line 805]
Event: 18.343 Thread 0x0000023599ff7a70 Exception <a 'java/lang/NoSuchMethodError'{0x0000000767290868}: 'java.lang.Object java.lang.invoke.DirectMethodHandle$Holder.invokeInterface(java.lang.Object, java.lang.Object, java.lang.Object, java.lang.Object, java.lang.Object, java.lang.Object, java.lang.Object)'> (0x0000000767290868) 
thrown [s\open\src\hotspot\share\interpreter\linkResolver.cpp, line 805]
Event: 18.343 Thread 0x00000235a168af70 Exception <a 'java/lang/NoSuchMethodError'{0x0000000767359d20}: 'java.lang.Object java.lang.invoke.DirectMethodHandle$Holder.invokeInterface(java.lang.Object, java.lang.Object, java.lang.Object, java.lang.Object, java.lang.Object, java.lang.Object, java.lang.Object)'> (0x0000000767359d20) 
thrown [s\open\src\hotspot\share\interpreter\linkResolver.cpp, line 805]
Event: 18.688 Thread 0x0000023599ff7a70 Exception <a 'java/lang/NoSuchMethodError'{0x0000000766ad1ad0}: 'java.lang.Object java.lang.invoke.DirectMethodHandle$Holder.newInvokeSpecial(java.lang.Object, java.lang.Object, java.lang.Object, java.lang.Object, int)'> (0x0000000766ad1ad0) 
thrown [s\open\src\hotspot\share\interpreter\linkResolver.cpp, line 805]
Event: 18.689 Thread 0x0000023599ff7a70 Exception <a 'java/lang/NoSuchMethodError'{0x0000000766ada490}: 'java.lang.Object java.lang.invoke.DirectMethodHandle$Holder.invokeSpecial(java.lang.Object, java.lang.Object, java.lang.Object, java.lang.Object, java.lang.Object, int)'> (0x0000000766ada490) 
thrown [s\open\src\hotspot\share\interpreter\linkResolver.cpp, line 805]
Event: 18.689 Thread 0x0000023599ff7a70 Exception <a 'java/lang/NoSuchMethodError'{0x0000000766ade5b8}: 'java.lang.Object java.lang.invoke.Invokers$Holder.linkToTargetMethod(java.lang.Object, java.lang.Object, java.lang.Object, int, java.lang.Object)'> (0x0000000766ade5b8) 
thrown [s\open\src\hotspot\share\interpreter\linkResolver.cpp, line 805]
Event: 18.713 Thread 0x00000235a168af70 Exception <a 'java/lang/NoSuchMethodError'{0x0000000766be3cf0}: 'int java.lang.invoke.DirectMethodHandle$Holder.invokeInterface(java.lang.Object, java.lang.Object, int)'> (0x0000000766be3cf0) 
thrown [s\open\src\hotspot\share\interpreter\linkResolver.cpp, line 805]
Event: 19.369 Thread 0x00000235998a0fc0 Exception <a 'java/lang/NoSuchMethodError'{0x00000007ffe5ebe8}: 'long java.lang.invoke.DirectMethodHandle$Holder.invokeStatic(java.lang.Object, java.lang.Object, java.lang.Object)'> (0x00000007ffe5ebe8) 
thrown [s\open\src\hotspot\share\interpreter\linkResolver.cpp, line 805]
Event: 19.370 Thread 0x00000235998a0fc0 Exception <a 'java/lang/NoSuchMethodError'{0x00000007ffe6e580}: 'long java.lang.invoke.DirectMethodHandle$Holder.invokeStatic(java.lang.Object, long, long)'> (0x00000007ffe6e580) 
thrown [s\open\src\hotspot\share\interpreter\linkResolver.cpp, line 805]
Event: 19.937 Thread 0x00000235a17c6850 Exception <a 'java/lang/NoSuchMethodError'{0x00000007693052a8}: 'java.lang.Object java.lang.invoke.DirectMethodHandle$Holder.invokeStaticInit(java.lang.Object, java.lang.Object, java.lang.Object, java.lang.Object, java.lang.Object, java.lang.Object)'> (0x00000007693052a8) 
thrown [s\open\src\hotspot\share\interpreter\linkResolver.cpp, line 805]
Event: 20.103 Thread 0x00000235a17c8ce0 Exception <a 'java/lang/NoSuchMethodError'{0x0000000768e6d0a0}: 'java.lang.Object java.lang.invoke.DirectMethodHandle$Holder.newInvokeSpecial(java.lang.Object, java.lang.Object, java.lang.Object, java.lang.Object, long)'> (0x0000000768e6d0a0) 
thrown [s\open\src\hotspot\share\interpreter\linkResolver.cpp, line 805]
Event: 20.103 Thread 0x00000235a17c8ce0 Exception <a 'java/lang/NoSuchMethodError'{0x0000000768e75b90}: 'java.lang.Object java.lang.invoke.DirectMethodHandle$Holder.invokeSpecial(java.lang.Object, java.lang.Object, java.lang.Object, java.lang.Object, java.lang.Object, long)'> (0x0000000768e75b90) 
thrown [s\open\src\hotspot\share\interpreter\linkResolver.cpp, line 805]
Event: 20.104 Thread 0x00000235a17c8ce0 Exception <a 'java/lang/NoSuchMethodError'{0x0000000768e7dcc8}: 'java.lang.Object java.lang.invoke.Invokers$Holder.linkToTargetMethod(java.lang.Object, java.lang.Object, java.lang.Object, long, java.lang.Object)'> (0x0000000768e7dcc8) 
thrown [s\open\src\hotspot\share\interpreter\linkResolver.cpp, line 805]
Event: 35.926 Thread 0x0000023553d10d30 Exception <a 'java/lang/NoSuchMethodError'{0x0000000768836660}: 'void java.lang.invoke.DirectMethodHandle$Holder.invokeSpecial(java.lang.Object, java.lang.Object, int)'> (0x0000000768836660) 
thrown [s\open\src\hotspot\share\interpreter\linkResolver.cpp, line 805]
Event: 35.927 Thread 0x0000023553d10d30 Exception <a 'java/lang/NoSuchMethodError'{0x000000076883e280}: 'void java.lang.invoke.Invokers$Holder.invokeExact_MT(java.lang.Object, int, java.lang.Object)'> (0x000000076883e280) 
thrown [s\open\src\hotspot\share\interpreter\linkResolver.cpp, line 805]
Event: 35.935 Thread 0x0000023553d10d30 Exception <a 'sun/nio/fs/WindowsException'{0x000000076888b390}> (0x000000076888b390) 
thrown [s\open\src\hotspot\share\prims\jni.cpp, line 518]
Event: 35.939 Thread 0x0000023553d10d30 Exception <a 'sun/nio/fs/WindowsException'{0x00000007688981e8}> (0x00000007688981e8) 
thrown [s\open\src\hotspot\share\prims\jni.cpp, line 518]
Event: 35.947 Thread 0x0000023553d10d30 Exception <a 'sun/nio/fs/WindowsException'{0x00000007688a9e98}> (0x00000007688a9e98) 
thrown [s\open\src\hotspot\share\prims\jni.cpp, line 518]

VM Operations (20 events):
Event: 19.935 Executing VM operation: HandshakeAllThreads (Deoptimize)
Event: 19.935 Executing VM operation: HandshakeAllThreads (Deoptimize) done
Event: 20.146 Executing VM operation: HandshakeAllThreads (Deoptimize)
Event: 20.146 Executing VM operation: HandshakeAllThreads (Deoptimize) done
Event: 20.154 Executing VM operation: HandshakeAllThreads (Deoptimize)
Event: 20.154 Executing VM operation: HandshakeAllThreads (Deoptimize) done
Event: 35.974 Executing VM operation: JFRSafepointClear
Event: 35.974 Executing VM operation: JFRSafepointClear done
Event: 35.997 Executing VM operation: HandshakeAllThreads (Deoptimize)
Event: 35.997 Executing VM operation: HandshakeAllThreads (Deoptimize) done
Event: 35.999 Executing VM operation: HandshakeAllThreads (Deoptimize)
Event: 35.999 Executing VM operation: HandshakeAllThreads (Deoptimize) done
Event: 36.007 Executing VM operation: HandshakeAllThreads (Deoptimize)
Event: 36.007 Executing VM operation: HandshakeAllThreads (Deoptimize) done
Event: 36.023 Executing VM operation: HandshakeAllThreads (Deoptimize)
Event: 36.023 Executing VM operation: HandshakeAllThreads (Deoptimize) done
Event: 36.031 Executing VM operation: HandshakeAllThreads (Deoptimize)
Event: 36.031 Executing VM operation: HandshakeAllThreads (Deoptimize) done
Event: 36.054 Executing VM operation: RedefineClasses
Event: 36.095 Executing VM operation: RedefineClasses done

Memory protections (0 events):
No events

Nmethod flushes (20 events):
Event: 17.009 Thread 0x0000023553cfb160 flushing  nmethod 0x000002354beaf088
Event: 17.009 Thread 0x0000023553cfb160 flushing  nmethod 0x000002354bf20e08
Event: 17.009 Thread 0x0000023553cfb160 flushing  nmethod 0x000002354bfd8988
Event: 17.009 Thread 0x0000023553cfb160 flushing  nmethod 0x000002354c0d9508
Event: 17.009 Thread 0x0000023553cfb160 flushing  nmethod 0x000002354c23d908
Event: 17.009 Thread 0x0000023553cfb160 flushing  nmethod 0x000002354c253d08
Event: 17.009 Thread 0x0000023553cfb160 flushing  nmethod 0x000002354c257988
Event: 17.009 Thread 0x0000023553cfb160 flushing  nmethod 0x000002354ba46388
Event: 17.009 Thread 0x0000023553cfb160 flushing  nmethod 0x000002354ba46e08
Event: 17.009 Thread 0x0000023553cfb160 flushing  nmethod 0x000002354bc64f88
Event: 17.009 Thread 0x0000023553cfb160 flushing  nmethod 0x000002354c104208
Event: 17.009 Thread 0x0000023553cfb160 flushing  nmethod 0x000002354c233388
Event: 17.009 Thread 0x0000023553cfb160 flushing  nmethod 0x000002354c247388
Event: 17.009 Thread 0x0000023553cfb160 flushing  nmethod 0x000002354be4e088
Event: 17.009 Thread 0x0000023553cfb160 flushing  nmethod 0x000002354be6e488
Event: 17.009 Thread 0x0000023553cfb160 flushing  nmethod 0x000002354be6e788
Event: 17.009 Thread 0x0000023553cfb160 flushing  nmethod 0x000002354be6f308
Event: 17.009 Thread 0x0000023553cfb160 flushing  nmethod 0x000002354be83108
Event: 17.009 Thread 0x0000023553cfb160 flushing  nmethod 0x000002354bf3ea08
Event: 17.009 Thread 0x0000023553cfb160 flushing  nmethod 0x000002354c010588

Events (20 events):
Event: 18.680 Thread 0x00000235a168af70 Thread added: 0x00000235a17c76f0
Event: 18.750 Thread 0x00000235a168c560 Thread exited: 0x00000235a168c560
Event: 18.751 Thread 0x00000235a168b6c0 Thread exited: 0x00000235a168b6c0
Event: 18.751 Thread 0x00000235a17c59b0 Thread exited: 0x00000235a17c59b0
Event: 18.764 Thread 0x00000235a168af70 Thread added: 0x00000235a17c7e40
Event: 18.780 Thread 0x0000023599bf1150 Thread added: 0x00000235a17c8590
Event: 18.782 Thread 0x00000235a17c8590 Thread added: 0x00000235a17c6850
Event: 18.796 Thread 0x00000235a17c6850 Thread exited: 0x00000235a17c6850
Event: 18.799 Thread 0x00000235a17c8590 Thread added: 0x00000235a17c5260
Event: 18.825 Thread 0x00000235a17c76f0 Thread exited: 0x00000235a17c76f0
Event: 18.842 Thread 0x00000235a168af70 Thread added: 0x00000235a17c8ce0
Event: 19.266 Thread 0x00000235a17c5260 Thread exited: 0x00000235a17c5260
Event: 19.305 Thread 0x00000235a17c6100 Thread exited: 0x00000235a17c6100
Event: 19.890 Thread 0x00000235a17c8ce0 Thread added: 0x00000235a17c6850
Event: 20.180 Thread 0x00000235a17c6fa0 Thread exited: 0x00000235a17c6fa0
Event: 23.476 Thread 0x0000023599062490 Thread exited: 0x0000023599062490
Event: 29.618 Thread 0x0000023599061190 Thread exited: 0x0000023599061190
Event: 35.883 Thread 0x0000023553d10d30 Thread added: 0x00000235a17c76f0
Event: 35.919 Thread 0x0000023553d14ed0 Thread added: 0x00000235a1c04d80
Event: 35.930 Thread 0x0000023553d10d30 Thread added: 0x00000235a17c6fa0


Dynamic libraries:
0x00007ff7de050000 - 0x00007ff7de060000 	C:\Program Files\Java\jdk-24\bin\java.exe
0x00007ff829800000 - 0x00007ff829a65000 	C:\WINDOWS\SYSTEM32\ntdll.dll
0x00007ff828910000 - 0x00007ff8289d9000 	C:\WINDOWS\System32\KERNEL32.DLL
0x00007ff826c20000 - 0x00007ff827008000 	C:\WINDOWS\System32\KERNELBASE.dll
0x00007ff827160000 - 0x00007ff8272ab000 	C:\WINDOWS\System32\ucrtbase.dll
0x00007ff812330000 - 0x00007ff812346000 	C:\Program Files\Java\jdk-24\bin\jli.dll
0x00007ff814890000 - 0x00007ff8148ab000 	C:\Program Files\Java\jdk-24\bin\VCRUNTIME140.dll
0x00007ff827980000 - 0x00007ff827b4a000 	C:\WINDOWS\System32\USER32.dll
0x00007ff826b30000 - 0x00007ff826b57000 	C:\WINDOWS\System32\win32u.dll
0x00007ff825b20000 - 0x00007ff825dba000 	C:\WINDOWS\WinSxS\amd64_microsoft.windows.common-controls_6595b64144ccf1df_6.0.26100.4202_none_3e0698d4e335f517\COMCTL32.dll
0x00007ff8283c0000 - 0x00007ff8283eb000 	C:\WINDOWS\System32\GDI32.dll
0x00007ff8293e0000 - 0x00007ff829489000 	C:\WINDOWS\System32\msvcrt.dll
0x00007ff827430000 - 0x00007ff827567000 	C:\WINDOWS\System32\gdi32full.dll
0x00007ff8270b0000 - 0x00007ff827153000 	C:\WINDOWS\System32\msvcp_win.dll
0x00007ff829750000 - 0x00007ff829780000 	C:\WINDOWS\System32\IMM32.DLL
0x00007ff81a3d0000 - 0x00007ff81a3dc000 	C:\Program Files\Java\jdk-24\bin\vcruntime140_1.dll
0x00007ff80d270000 - 0x00007ff80d2fe000 	C:\Program Files\Java\jdk-24\bin\msvcp140.dll
0x00007fffb8380000 - 0x00007fffb9122000 	C:\Program Files\Java\jdk-24\bin\server\jvm.dll
0x00007ff829690000 - 0x00007ff829743000 	C:\WINDOWS\System32\ADVAPI32.dll
0x00007ff828a20000 - 0x00007ff828ac6000 	C:\WINDOWS\System32\sechost.dll
0x00007ff8286f0000 - 0x00007ff828805000 	C:\WINDOWS\System32\RPCRT4.dll
0x00007ff827900000 - 0x00007ff827974000 	C:\WINDOWS\System32\WS2_32.dll
0x00007ff81dab0000 - 0x00007ff81dae5000 	C:\WINDOWS\SYSTEM32\WINMM.dll
0x00007ff826790000 - 0x00007ff8267ee000 	C:\WINDOWS\SYSTEM32\POWRPROF.dll
0x00007ff81ed70000 - 0x00007ff81ed7b000 	C:\WINDOWS\SYSTEM32\VERSION.dll
0x00007ff826770000 - 0x00007ff826784000 	C:\WINDOWS\SYSTEM32\UMPDC.dll
0x00007ff824d90000 - 0x00007ff824dab000 	C:\WINDOWS\SYSTEM32\kernel.appcore.dll
0x00007ff81a330000 - 0x00007ff81a33a000 	C:\Program Files\Java\jdk-24\bin\jimage.dll
0x00007ff8260d0000 - 0x00007ff826311000 	C:\WINDOWS\SYSTEM32\DBGHELP.DLL
0x00007ff827570000 - 0x00007ff8278f5000 	C:\WINDOWS\System32\combase.dll
0x00007ff828600000 - 0x00007ff8286e1000 	C:\WINDOWS\System32\OLEAUT32.dll
0x00007ff825fc0000 - 0x00007ff825ff9000 	C:\WINDOWS\SYSTEM32\dbgcore.DLL
0x00007ff827010000 - 0x00007ff8270a9000 	C:\WINDOWS\System32\bcryptPrimitives.dll
0x00007ff822a60000 - 0x00007ff822a6f000 	C:\Program Files\Java\jdk-24\bin\instrument.dll
0x00007ff812070000 - 0x00007ff81208e000 	C:\Program Files\Java\jdk-24\bin\java.dll
0x00007ff8283f0000 - 0x00007ff82858e000 	C:\WINDOWS\System32\ole32.dll
0x00007ff828bd0000 - 0x00007ff829312000 	C:\WINDOWS\System32\SHELL32.dll
0x00007ff8272b0000 - 0x00007ff827424000 	C:\WINDOWS\System32\wintypes.dll
0x00007ff823b00000 - 0x00007ff824358000 	C:\WINDOWS\SYSTEM32\windows.storage.dll
0x00007ff827ff0000 - 0x00007ff8280e1000 	C:\WINDOWS\System32\SHCORE.dll
0x00007ff828ad0000 - 0x00007ff828b3a000 	C:\WINDOWS\System32\shlwapi.dll
0x00007ff826830000 - 0x00007ff82685f000 	C:\WINDOWS\SYSTEM32\profapi.dll
0x00007ff811a20000 - 0x00007ff811a37000 	C:\Program Files\Java\jdk-24\bin\zip.dll
0x00007ff81a1b0000 - 0x00007ff81a1c0000 	C:\Program Files\Java\jdk-24\bin\net.dll
0x00007ff8252e0000 - 0x00007ff82534a000 	C:\WINDOWS\system32\mswsock.dll
0x00007ff811a40000 - 0x00007ff811a56000 	C:\Program Files\Java\jdk-24\bin\nio.dll
0x00007ff824850000 - 0x00007ff824977000 	C:\WINDOWS\SYSTEM32\DNSAPI.dll
0x00007ff8247c0000 - 0x00007ff8247f3000 	C:\WINDOWS\SYSTEM32\IPHLPAPI.DLL
0x00007ff8280f0000 - 0x00007ff8280fa000 	C:\WINDOWS\System32\NSI.dll
0x00007ff818de0000 - 0x00007ff818deb000 	C:\Windows\System32\rasadhlp.dll
0x00007ff81a640000 - 0x00007ff81a6c6000 	C:\WINDOWS\System32\fwpuclnt.dll
0x00007ff819d60000 - 0x00007ff819d69000 	C:\Program Files\Java\jdk-24\bin\extnet.dll
0x00007ff8147a0000 - 0x00007ff8147aa000 	C:\Program Files\Java\jdk-24\bin\management.dll
0x00007ff813330000 - 0x00007ff81333b000 	C:\Program Files\Java\jdk-24\bin\management_ext.dll
0x00007ff8293d0000 - 0x00007ff8293d8000 	C:\WINDOWS\System32\PSAPI.DLL
0x00007ff826440000 - 0x00007ff82645b000 	C:\WINDOWS\SYSTEM32\CRYPTSP.dll
0x00007ff8253b0000 - 0x00007ff8253ea000 	C:\WINDOWS\system32\rsaenh.dll
0x00007ff825380000 - 0x00007ff8253ab000 	C:\WINDOWS\SYSTEM32\USERENV.dll
0x00007ff826800000 - 0x00007ff826826000 	C:\WINDOWS\SYSTEM32\bcrypt.dll
0x00007ff825820000 - 0x00007ff82582c000 	C:\WINDOWS\SYSTEM32\CRYPTBASE.dll
0x00007ffffe8a0000 - 0x00007ffffe8b8000 	C:\WINDOWS\system32\napinsp.dll
0x00007fffcd3f0000 - 0x00007fffcd402000 	C:\WINDOWS\System32\winrnr.dll
0x00007fffc8590000 - 0x00007fffc85c0000 	C:\WINDOWS\system32\nlansp_c.dll
0x00007ff81ba50000 - 0x00007ff81ba70000 	C:\WINDOWS\system32\wshbth.dll
0x00007ff80d070000 - 0x00007ff80d0be000 	C:\WINDOWS\SYSTEM32\pdh.dll
0x00007ff81a300000 - 0x00007ff81a312000 	C:\WINDOWS\System32\perfproc.dll
0x00007ff80f350000 - 0x00007ff80f361000 	C:\WINDOWS\System32\perfos.dll
0x00007ff822cc0000 - 0x00007ff822cd2000 	C:\WINDOWS\SYSTEM32\pfclient.dll
0x00007ff822a20000 - 0x00007ff822a2e000 	C:\Program Files\Java\jdk-24\bin\sunmscapi.dll
0x00007ff8269b0000 - 0x00007ff826b27000 	C:\WINDOWS\System32\CRYPT32.dll
0x00007ff8259e0000 - 0x00007ff825a10000 	C:\WINDOWS\SYSTEM32\ncrypt.dll
0x00007ff8258c0000 - 0x00007ff8258ff000 	C:\WINDOWS\SYSTEM32\NTASN1.dll
0x00007ff812e30000 - 0x00007ff812e40000 	C:\Program Files\Java\jdk-24\bin\verify.dll
0x00007ff80dea0000 - 0x00007ff80dea8000 	C:\WINDOWS\system32\wshunix.dll
0x00007fffde520000 - 0x00007fffde718000 	C:\Users\Thayn\AppData\Local\Temp\idea_libasyncProfiler_dll_temp_folder1\libasyncProfiler.dll

JVMTI agents:
C:\Program Files\JetBrains\IntelliJ IDEA 2025.1.2\lib\idea_rt.jar path:C:\Program Files\Java\jdk-24\bin\instrument.dll, loaded, initialized, instrumentlib options:53070

dbghelp: loaded successfully - version: 4.0.5 - missing functions: none
symbol engine: initialized successfully - sym options: 0x614 - pdb path: .;C:\Program Files\Java\jdk-24\bin;C:\WINDOWS\SYSTEM32;C:\WINDOWS\WinSxS\amd64_microsoft.windows.common-controls_6595b64144ccf1df_6.0.26100.4202_none_3e0698d4e335f517;C:\Program Files\Java\jdk-24\bin\server;C:\Users\Thayn\AppData\Local\Temp\idea_libasyncProfiler_dll_temp_folder1

VM Arguments:
jvm_args: -XX:TieredStopAtLevel=1 -Dspring.output.ansi.enabled=always -Dcom.sun.management.jmxremote -Dspring.jmx.enabled=true -Dspring.liveBeansView.mbeanDomain -Dspring.application.admin.enabled=true -Dmanagement.endpoints.jmx.exposure.include=* -javaagent:C:\Program Files\JetBrains\IntelliJ IDEA 2025.1.2\lib\idea_rt.jar=53070 -Dfile.encoding=UTF-8 -Dsun.stdout.encoding=UTF-8 -Dsun.stderr.encoding=UTF-8 
java_command: br.com.financeControl.FinanceControl.FinanceControlApplicationKt
java_class_path (initial): C:\Users\Thayn\IdeaProjects\finance_control_server_new\finance_control_server\target\classes;C:\Users\Thayn\.m2\repository\org\springframework\boot\spring-boot-starter-actuator\3.5.0\spring-boot-starter-actuator-3.5.0.jar;C:\Users\Thayn\.m2\repository\org\springframework\boot\spring-boot-starter\3.5.0\spring-boot-starter-3.5.0.jar;C:\Users\Thayn\.m2\repository\org\springframework\boot\spring-boot\3.5.0\spring-boot-3.5.0.jar;C:\Users\Thayn\.m2\repository\org\springframework\boot\spring-boot-autoconfigure\3.5.0\spring-boot-autoconfigure-3.5.0.jar;C:\Users\Thayn\.m2\repository\org\springframework\boot\spring-boot-starter-logging\3.5.0\spring-boot-starter-logging-3.5.0.jar;C:\Users\Thayn\.m2\repository\ch\qos\logback\logback-classic\1.5.18\logback-classic-1.5.18.jar;C:\Users\Thayn\.m2\repository\ch\qos\logback\logback-core\1.5.18\logback-core-1.5.18.jar;C:\Users\Thayn\.m2\repository\org\apache\logging\log4j\log4j-to-slf4j\2.24.3\log4j-to-slf4j-2.24.3.jar;C:\Users\Thayn\.m2\repository\org\apache\logging\log4j\log4j-api\2.24.3\log4j-api-2.24.3.jar;C:\Users\Thayn\.m2\repository\org\slf4j\jul-to-slf4j\2.0.17\jul-to-slf4j-2.0.17.jar;C:\Users\Thayn\.m2\repository\jakarta\annotation\jakarta.annotation-api\2.1.1\jakarta.annotation-api-2.1.1.jar;C:\Users\Thayn\.m2\repository\org\yaml\snakeyaml\2.4\snakeyaml-2.4.jar;C:\Users\Thayn\.m2\repository\org\springframework\boot\spring-boot-actuator-autoconfigure\3.5.0\spring-boot-actuator-autoconfigure-3.5.0.jar;C:\Users\Thayn\.m2\repository\org\springframework\boot\spring-boot-actuator\3.5.0\spring-boot-actuator-3.5.0.jar;C:\Users\Thayn\.m2\repository\com\fasterxml\jackson\datatype\jackson-datatype-jsr310\2.19.0\jackson-datatype-jsr310-2.19.0.jar;C:\Users\Thayn\.m2\repository\io\micrometer\micrometer-observation\1.15.0\micrometer-observation-1.15.0.jar;C:\Users\Thayn\.m2\repository\io\micrometer\micrometer-commons\1.15.0\micrometer-commons-1.15.0.jar;C:\Users\Thayn\.m2\repository\io\micrometer\micrometer-jakarta9\1.15.0\micrometer-jakarta9-1.15.0.jar;C:\Users\Thayn\.m2\repository\io\micrometer\micrometer-core\1.15.0\micrometer-core-1.15.0.jar;C:\Users\Thayn\.m2\repository\org\hdrhistogram\HdrHistogram\2.2.2\HdrHistogram-2.2.2.jar;C:\Users\Thayn\.m2\repository\org\latencyutils\LatencyUtils\2.0.3\LatencyUtils-2.0.3.jar;C:\Users\Thayn\.m2\repository\org\springframework\boot\spring-boot-starter-data-jpa\3.5.0\spring-boot-starter-data-jpa-3.5.0.jar;C:\Users\Thayn\.m2\repository\org\springframework\boot\spring-boot-starter-jdbc\3.5.0\spring-boot-starter-jdbc-3.5.0.jar;C:\Users\Thayn\.m2\repository\com\zaxxer\HikariCP\6.3.0\HikariCP-6.3.0.jar;C:\Users\Thayn\.m2\repository\org\springframework\spring-jdbc\6.2.7\spring-jdbc-6.2.7.jar;C:\Users\Thayn\.m2\repository\org\hibernate\orm\hibernate-core\6.6.15.Final\hibernate-core-6.6.15.Final.jar;C:\Users\Thayn\.m2\repository\jakarta\persistence\jakarta.persistence-api\3.1.0\jakarta.persistence-api-3.1.0.jar;C:\Users\Thayn\.m2\repository\jakarta\transaction\jakarta.transaction-api\2.0.1\jakarta.transaction-api-2.0.1.jar;C:\Users\Thayn\.m2\repository\org\jboss\logging\jboss-logging\3.6.1.Final\jboss-logging-3.6.1.Final.jar;C:\Users\Thayn\.m2\repository\org\hibernate\common\hibernate-commons-annotations\7.0.3.Final\hibernate-commons-annotations-7.0.3.Final.jar;C:\Users\Thayn\.m2\repository\io\smallrye\jandex\3.2.0\jandex-3.2.0.jar;C:\Users\Thayn\.m2\repository\com\fasterxml\classmate\1.7.0\classmate-1.7.0.jar;C:\Users\Thayn\.m2\repository\net\bytebuddy\byte-buddy\1.17.5\byte-buddy-1.17.5.jar;C:\Users\Thayn\.m2\repository\org\glassfish\jaxb\jaxb-runtime\4.0.5\jaxb-runtime-4.0.5.jar;C:\Users\Thayn\.m2\repository\org\glassfish\jaxb\jaxb-core\4.0.5\jaxb-core-4.0.5.jar;C:\Users\Thayn\.m2\repository\org\eclipse\angus\angus-activation\2.0.2\angus-activation-2.0.2.jar;C:\Users\Thayn\.m2\repository\org\glassfish\jaxb\txw2\4.0.5\txw2-4.0.5.jar;C:\Users\Thayn\.m2\repository\com\sun\istack\istack-commons-runtime\4.1.2\istack-commons-runtime-4.1.2.jar;C:\Users\Thayn\.m2\repository\jakarta\inject\jakarta.inject-api\2.0.1\jakarta.inject-api-2.0.1.jar;C:\Users\Thayn\.m2\repository\org\antlr\antlr4-runtime\4.13.0\antlr4-runtime-4.13.0.jar;C:\Users\Thayn\.m2\repository\org\springframework\data\spring-data-jpa\3.5.0\spring-data-jpa-3.5.0.jar;C:\Users\Thayn\.m2\repository\org\springframework\data\spring-data-commons\3.5.0\spring-data-commons-3.5.0.jar;C:\Users\Thayn\.m2\repository\org\springframework\spring-orm\6.2.7\spring-orm-6.2.7.jar;C:\Users\Thayn\.m2\repository\org\springframework\spring-context\6.2.7\spring-context-6.2.7.jar;C:\Users\Thayn\.m2\repository\org\springframework\spring-tx\6.2.7\spring-tx-6.2.7.jar;C:\Users\Thayn\.m2\repository\org\springframework\spring-beans\6.2.7\spring-beans-6.2.7.jar;C:\Users\Thayn\.m2\repository\org\slf4j\slf4j-api\2.0.17\slf4j-api-2.0.17.jar;C:\Users\Thayn\.m2\repository\org\springframework\spring-aspects\6.2.7\spring-aspects-6.2.7.jar;C:\Users\Thayn\.m2\repository\org\aspectj\aspectjweaver\1.9.24\aspectjweaver-1.9.24.jar;C:\Users\Thayn\.m2\repository\org\springframework\boot\spring-boot-starter-web\3.5.0\spring-boot-starter-web-3.5.0.jar;C:\Users\Thayn\.m2\repository\org\springframework\boot\spring-boot-starter-json\3.5.0\spring-boot-starter-json-3.5.0.jar;C:\Users\Thayn\.m2\repository\com\fasterxml\jackson\datatype\jackson-datatype-jdk8\2.19.0\jackson-datatype-jdk8-2.19.0.jar;C:\Users\Thayn\.m2\repository\com\fasterxml\jackson\module\jackson-module-parameter-names\2.19.0\jackson-module-parameter-names-2.19.0.jar;C:\Users\Thayn\.m2\repository\org\springframework\boot\spring-boot-starter-tomcat\3.5.0\spring-boot-starter-tomcat-3.5.0.jar;C:\Users\Thayn\.m2\repository\org\apache\tomcat\embed\tomcat-embed-core\10.1.41\tomcat-embed-core-10.1.41.jar;C:\Users\Thayn\.m2\repository\org\apache\tomcat\embed\tomcat-embed-websocket\10.1.41\tomcat-embed-websocket-10.1.41.jar;C:\Users\Thayn\.m2\repository\org\springframework\spring-web\6.2.7\spring-web-6.2.7.jar;C:\Users\Thayn\.m2\repository\org\springframework\spring-webmvc\6.2.7\spring-webmvc-6.2.7.jar;C:\Users\Thayn\.m2\repository\org\springframework\spring-expression\6.2.7\spring-expression-6.2.7.jar;C:\Users\Thayn\.m2\repository\com\fasterxml\jackson\module\jackson-module-kotlin\2.19.0\jackson-module-kotlin-2.19.0.jar;C:\Users\Thayn\.m2\repository\com\fasterxml\jackson\core\jackson-databind\2.19.0\jackson-databind-2.19.0.jar;C:\Users\Thayn\.m2\repository\com\fasterxml\jackson\core\jackson-core\2.19.0\jackson-core-2.19.0.jar;C:\Users\Thayn\.m2\repository\com\fasterxml\jackson\core\jackson-annotations\2.19.0\jackson-annotations-2.19.0.jar;C:\Users\Thayn\.m2\repository\org\jetbrains\kotlin\kotlin-reflect\1.9.25\kotlin-reflect-1.9.25.jar;C:\Users\Thayn\.m2\repository\org\jetbrains\kotlin\kotlin-stdlib\1.9.25\kotlin-stdlib-1.9.25.jar;C:\Users\Thayn\.m2\repository\org\jetbrains\annotations\13.0\annotations-13.0.jar;C:\Users\Thayn\.m2\repository\com\h2database\h2\2.3.232\h2-2.3.232.jar;C:\Users\Thayn\.m2\repository\jakarta\xml\bind\jakarta.xml.bind-api\4.0.2\jakarta.xml.bind-api-4.0.2.jar;C:\Users\Thayn\.m2\repository\jakarta\activation\jakarta.activation-api\2.1.3\jakarta.activation-api-2.1.3.jar;C:\Users\Thayn\.m2\repository\net\minidev\json-smart\2.5.2\json-smart-2.5.2.jar;C:\Users\Thayn\.m2\repository\net\minidev\accessors-smart\2.5.2\accessors-smart-2.5.2.jar;C:\Users\Thayn\.m2\repository\org\ow2\asm\asm\9.7.1\asm-9.7.1.jar;C:\Users\Thayn\.m2\repository\org\springframework\spring-core\6.2.7\spring-core-6.2.7.jar;C:\Users\Thayn\.m2\repository\org\springframework\spring-jcl\6.2.7\spring-jcl-6.2.7.jar;C:\Users\Thayn\.m2\repository\org\springframework\boot\spring-boot-starter-security\3.5.0\spring-boot-starter-security-3.5.0.jar;C:\Users\Thayn\.m2\repository\org\springframework\spring-aop\6.2.7\spring-aop-6.2.7.jar;C:\Users\Thayn\.m2\repository\org\springframework\security\spring-security-config\6.5.0\spring-security-config-6.5.0.jar;C:\Users\Thayn\.m2\repository\org\springframework\security\spring-security-web\6.5.0\spring-security-web-6.5.0.jar;C:\Users\Thayn\.m2\repository\org\springframework\boot\spring-boot-starter-oauth2-client\3.5.0\spring-boot-starter-oauth2-client-3.5.0.jar;C:\Users\Thayn\.m2\repository\org\springframework\security\spring-security-core\6.5.0\spring-security-core-6.5.0.jar;C:\Users\Thayn\.m2\repository\org\springframework\security\spring-security-crypto\6.5.0\spring-security-crypto-6.5.0.jar;C:\Users\Thayn\.m2\repository\org\springframework\security\spring-security-oauth2-client\6.5.0\spring-security-oauth2-client-6.5.0.jar;C:\Users\Thayn\.m2\repository\org\springframework\security\spring-security-oauth2-core\6.5.0\spring-security-oauth2-core-6.5.0.jar;C:\Users\Thayn\.m2\repository\com\nimbusds\oauth2-oidc-sdk\9.43.6\oauth2-oidc-sdk-9.43.6.jar;C:\Users\Thayn\.m2\repository\com\github\stephenc\jcip\jcip-annotations\1.0-1\jcip-annotations-1.0-1.jar;C:\Users\Thayn\.m2\repository\com\nimbusds\content-type\2.2\content-type-2.2.jar;C:\Users\Thayn\.m2\repository\com\nimbusds\lang-tag\1.7\lang-tag-1.7.jar;C:\Users\Thayn\.m2\repository\org\springframework\security\spring-security-oauth2-jose\6.5.0\spring-security-oauth2-jose-6.5.0.jar;C:\Users\Thayn\.m2\repository\com\nimbusds\nimbus-jose-jwt\9.37.3\nimbus-jose-jwt-9.37.3.jar;C:\Users\Thayn\.m2\repository\org\springframework\boot\spring-boot-starter-data-redis\3.5.0\spring-boot-starter-data-redis-3.5.0.jar;C:\Users\Thayn\.m2\repository\io\lettuce\lettuce-core\6.5.5.RELEASE\lettuce-core-6.5.5.RELEASE.jar;C:\Users\Thayn\.m2\repository\io\netty\netty-common\4.1.121.Final\netty-common-4.1.121.Final.jar;C:\Users\Thayn\.m2\repository\io\netty\netty-handler\4.1.121.Final\netty-handler-4.1.121.Final.jar;C:\Users\Thayn\.m2\repository\io\netty\netty-resolver\4.1.121.Final\netty-resolver-4.1.121.Final.jar;C:\Users\Thayn\.m2\repository\io\netty\netty-buffer\4.1.121.Final\netty-buffer-4.1.121.Final.jar;C:\Users\Thayn\.m2\repository\io\netty\netty-transport-native-unix-common\4.1.121.Final\netty-transport-native-unix-common-4.1.121.Final.jar;C:\Users\Thayn\.m2\repository\io\netty\netty-codec\4.1.121.Final\netty-codec-4.1.121.Final.jar;C:\Users\Thayn\.m2\repository\io\netty\netty-transport\4.1.121.Final\netty-transport-4.1.121.Final.jar;C:\Users\Thayn\.m2\repository\io\projectreactor\reactor-core\3.7.6\reactor-core-3.7.6.jar;C:\Users\Thayn\.m2\repository\org\reactivestreams\reactive-streams\1.0.4\reactive-streams-1.0.4.jar;C:\Users\Thayn\.m2\repository\org\springframework\data\spring-data-redis\3.5.0\spring-data-redis-3.5.0.jar;C:\Users\Thayn\.m2\repository\org\springframework\data\spring-data-keyvalue\3.5.0\spring-data-keyvalue-3.5.0.jar;C:\Users\Thayn\.m2\repository\org\springframework\spring-oxm\6.2.7\spring-oxm-6.2.7.jar;C:\Users\Thayn\.m2\repository\org\springframework\spring-context-support\6.2.7\spring-context-support-6.2.7.jar;C:\Users\Thayn\.m2\repository\org\springframework\boot\spring-boot-starter-oauth2-resource-server\3.5.0\spring-boot-starter-oauth2-resource-server-3.5.0.jar;C:\Users\Thayn\.m2\repository\org\springframework\security\spring-security-oauth2-resource-server\6.5.0\spring-security-oauth2-resource-server-6.5.0.jar;C:\Users\Thayn\.m2\repository\org\springframework\boot\spring-boot-starter-validation\3.5.0\spring-boot-starter-validation-3.5.0.jar;C:\Users\Thayn\.m2\repository\org\apache\tomcat\embed\tomcat-embed-el\10.1.41\tomcat-embed-el-10.1.41.jar;C:\Users\Thayn\.m2\repository\org\hibernate\validator\hibernate-validator\8.0.2.Final\hibernate-validator-8.0.2.Final.jar;C:\Users\Thayn\.m2\repository\jakarta\validation\jakarta.validation-api\3.0.2\jakarta.validation-api-3.0.2.jar;C:\Users\Thayn\.m2\repository\io\jsonwebtoken\jjwt-api\0.11.5\jjwt-api-0.11.5.jar;C:\Users\Thayn\.m2\repository\io\jsonwebtoken\jjwt-impl\0.11.5\jjwt-impl-0.11.5.jar;C:\Users\Thayn\.m2\repository\io\jsonwebtoken\jjwt-jackson\0.11.5\jjwt-jackson-0.11.5.jar
Launcher Type: SUN_STANDARD

[Global flags]
     intx CICompilerCount                          = 3                                         {product} {ergonomic}
     uint ConcGCThreads                            = 1                                         {product} {ergonomic}
     bool FlightRecorder                           = true                                      {product} {management}
     uint G1ConcRefinementThreads                  = 4                                         {product} {ergonomic}
   size_t G1HeapRegionSize                         = 2097152                                   {product} {ergonomic}
   size_t InitialHeapSize                          = 167772160                                 {product} {ergonomic}
     bool ManagementServer                         = true                                      {product} {command line}
   size_t MarkStackSize                            = 4194304                                   {product} {ergonomic}
   size_t MarkStackSizeMax                         = 536870912                                 {product} {ergonomic}
   size_t MaxHeapSize                              = 2669674496                                {product} {ergonomic}
   size_t MaxNewSize                               = 1600126976                                {product} {ergonomic}
   size_t MinHeapDeltaBytes                        = 2097152                                   {product} {ergonomic}
   size_t MinHeapSize                              = 8388608                                   {product} {ergonomic}
    uintx NonNMethodCodeHeapSize                   = 4096                                   {pd product} {ergonomic}
    uintx NonProfiledCodeHeapSize                  = 0                                      {pd product} {ergonomic}
     bool ProfileInterpreter                       = false                                  {pd product} {command line}
    uintx ProfiledCodeHeapSize                     = 0                                      {pd product} {ergonomic}
   size_t SoftMaxHeapSize                          = 2669674496                             {manageable} {ergonomic}
     intx TieredStopAtLevel                        = 1                                         {product} {command line}
     bool UseCompressedOops                        = true                           {product lp64_product} {ergonomic}
     bool UseG1GC                                  = true                                      {product} {ergonomic}
     bool UseLargePagesIndividualAllocation        = false                                  {pd product} {ergonomic}

Logging:
Log output configuration:
 #0: stdout all=warning uptime,level,tags foldmultilines=false
 #1: stderr all=off uptime,level,tags foldmultilines=false

Environment Variables:
JAVA_HOME=C:\Program Files\Java\jdk-24
PATH=C:\Program Files\Common Files\Oracle\Java\javapath;C:\WINDOWS\system32;C:\WINDOWS;C:\WINDOWS\System32\Wbem;C:\WINDOWS\System32\WindowsPowerShell\v1.0\;C:\WINDOWS\System32\OpenSSH\;C:\Program Files\Git\cmd;C:\Program Files\Docker\Docker\resources\bin;C:\Users\Thayn\AppData\Local\Microsoft\WindowsApps;C:\Program Files\Java\jdk-24\bin;".;C:\Program Files\Java\jdk-24\lib";C:\Users\Thayn\AppData\Local\Microsoft\WinGet\Links;C:\Users\Thayn\AppData\Local\Programs\Microsoft VS Code\bin
USERNAME=Thayn
OS=Windows_NT
PROCESSOR_IDENTIFIER=AMD64 Family 23 Model 24 Stepping 1, AuthenticAMD
TMP=C:\Users\Thayn\AppData\Local\Temp
TEMP=C:\Users\Thayn\AppData\Local\Temp




Periodic native trim disabled

---------------  S Y S T E M  ---------------

OS:
 Windows 11 , 64 bit Build 26100 (10.0.26100.4202)
OS uptime: 14 days 1:38 hours
Hyper-V role detected

CPU: total 4 (initial active 4) (4 cores per cpu, 2 threads per core) family 23 model 24 stepping 1 microcode 0x8108109, cx8, cmov, fxsr, ht, mmx, 3dnowpref, sse, sse2, sse3, ssse3, sse4a, sse4.1, sse4.2, popcnt, lzcnt, tsc, tscinvbit, avx, avx2, aes, clmul, bmi1, bmi2, adx, sha, fma, vzeroupper, clflush, clflushopt, hv, rdtscp, f16c
Processor Information for the first 4 processors :
  Max Mhz: 2600, Current Mhz: 2600, Mhz Limit: 2600

Memory: 4k page, system-wide physical 10177M (1017M free)
TotalPageFile size 18113M (AvailPageFile size 4452M)
current process WorkingSet (physical memory assigned to process): 372M, peak: 372M
current process commit charge ("private bytes"): 426M, peak: 426M

vm_info: Java HotSpot(TM) 64-Bit Server VM (24.0.1+9-30) for windows-amd64 JRE (24.0.1+9-30), built on 2025-03-05T07:23:45Z with MS VC++ 17.6 (VS2022)

END.
